[0.038s] Invoking command in '/ROS_ws/build/mecha_control': CMAKE_PREFIX_PATH=${CMAKE_PREFIX_PATH}:/ROS_ws/install/calc_vel:/opt/ros/humble /usr/bin/cmake --build /ROS_ws/build/mecha_control -- -j12 -l12
[0.194s] [  1%] Built target mecha_control__cpp
[0.194s] [ 12%] Built target mecha_control__rosidl_generator_c
[0.194s] [ 12%] Built target ament_cmake_python_copy_mecha_control
[0.194s] [ 23%] Built target mecha_control__rosidl_typesupport_introspection_c
[0.194s] [ 35%] Built target mecha_control__rosidl_typesupport_fastrtps_cpp
[0.195s] [ 46%] Built target mecha_control__rosidl_typesupport_cpp
[0.195s] [ 57%] Built target mecha_control__rosidl_typesupport_c
[0.195s] [ 69%] Built target mecha_control__rosidl_typesupport_fastrtps_c
[0.195s] [ 80%] Built target mecha_control__rosidl_typesupport_introspection_cpp
[0.195s] [ 80%] Built target mecha_control
[0.195s] [ 81%] [32mBuilding CXX object CMakeFiles/cmd_seq.dir/src/cmd_seq.cpp.o[0m
[0.195s] [ 82%] Built target mecha_control__py
[0.195s] [ 92%] Built target mecha_control__rosidl_generator_py
[0.195s] [ 98%] Built target mecha_control__rosidl_typesupport_c__pyext
[0.195s] [ 98%] Built target mecha_control__rosidl_typesupport_introspection_c__pyext
[0.195s] [ 98%] Built target mecha_control__rosidl_typesupport_fastrtps_c__pyext
[0.219s] running egg_info
[0.220s] writing mecha_control.egg-info/PKG-INFO
[0.221s] writing dependency_links to mecha_control.egg-info/dependency_links.txt
[0.221s] writing top-level names to mecha_control.egg-info/top_level.txt
[0.222s] reading manifest file 'mecha_control.egg-info/SOURCES.txt'
[0.223s] writing manifest file 'mecha_control.egg-info/SOURCES.txt'
[0.249s] [ 98%] Built target ament_cmake_python_build_mecha_control_egg
[0.257s] [01m[K/ROS_ws/src/mecha_control/src/cmd_seq.cpp:2:10:[m[K [01;31m[Kfatal error: [m[Krclcpp_action/rclcpp_action.hpp: No such file or directory
[0.257s]     2 | #include [01;31m[K"rclcpp_action/rclcpp_action.hpp"[m[K
[0.257s]       |          [01;31m[K^~~~~~~~~~~~~~~~~~~~~~~~~~~~~~~~~[m[K
[0.257s] compilation terminated.
[0.259s] gmake[2]: *** [CMakeFiles/cmd_seq.dir/build.make:76: CMakeFiles/cmd_seq.dir/src/cmd_seq.cpp.o] Error 1
[0.259s] gmake[1]: *** [CMakeFiles/Makefile2:595: CMakeFiles/cmd_seq.dir/all] Error 2
[0.259s] gmake: *** [Makefile:146: all] Error 2
[0.278s] Invoked command in '/ROS_ws/build/mecha_control' returned '2': CMAKE_PREFIX_PATH=${CMAKE_PREFIX_PATH}:/ROS_ws/install/calc_vel:/opt/ros/humble /usr/bin/cmake --build /ROS_ws/build/mecha_control -- -j12 -l12
