[33mCMake Warning at CMakeLists.txt:32 (add_executable):
  Cannot generate a safe runtime search path for target cmd_seq because there
  is a cycle in the constraint graph:

    dir 0 is [/opt/ros/humble/lib]
    dir 1 is [/ROS_ws/install/mecha_control/lib]
      dir 2 must precede it due to runtime library [libmecha_control__rosidl_typesupport_introspection_c.so]
    dir 2 is [/ROS_ws/build/mecha_control]
      dir 1 must precede it due to runtime library [libmecha_control__rosidl_typesupport_fastrtps_c.so]

  Some of these libraries may not be found correctly.

[0m
[01m[K/ROS_ws/src/mecha_control/src/cmd_seq.cpp:16:71:[m[K [01;31m[Kerror: [m[Kâ€˜[01m[Kmech_cmd[m[Kâ€™ is not a member of â€˜[01m[Kmecha_control::srv[m[Kâ€™; did you mean â€˜[01m[KMechCmd[m[Kâ€™?
   16 | aiza_cmd_callback(const std::shared_ptr<mecha_control::srv::[01;31m[Kmech_cmd[m[K::Request> request,
      |                                                             [01;31m[K^~~~~~~~[m[K
      |                                                             [32m[KMechCmd[m[K
[01m[K/ROS_ws/src/mecha_control/src/cmd_seq.cpp:16:88:[m[K [01;31m[Kerror: [m[Ktemplate argument 1 is invalid
   16 | k(const std::shared_ptr<mecha_control::srv::mech_cmd::Request[01;31m[K>[m[K request,
      |                                                              [01;31m[K^[m[K

[01m[K/ROS_ws/src/mecha_control/src/cmd_seq.cpp:16:71:[m[K [01;31m[Kerror: [m[Kâ€˜[01m[Kmech_cmd[m[Kâ€™ is not a member of â€˜[01m[Kmecha_control::srv[m[Kâ€™; did you mean â€˜[01m[KMechCmd[m[Kâ€™?
   16 | aiza_cmd_callback(const std::shared_ptr<mecha_control::srv::[01;31m[Kmech_cmd[m[K::Request> request,
      |                                                             [01;31m[K^~~~~~~~[m[K
      |                                                             [32m[KMechCmd[m[K
[01m[K/ROS_ws/src/mecha_control/src/cmd_seq.cpp:16:88:[m[K [01;31m[Kerror: [m[Ktemplate argument 1 is invalid
   16 | k(const std::shared_ptr<mecha_control::srv::mech_cmd::Request[01;31m[K>[m[K request,
      |                                                              [01;31m[K^[m[K

[01m[K/ROS_ws/src/mecha_control/src/cmd_seq.cpp:16:71:[m[K [01;31m[Kerror: [m[Kâ€˜[01m[Kmech_cmd[m[Kâ€™ is not a member of â€˜[01m[Kmecha_control::srv[m[Kâ€™; did you mean â€˜[01m[KMechCmd[m[Kâ€™?
   16 | aiza_cmd_callback(const std::shared_ptr<mecha_control::srv::[01;31m[Kmech_cmd[m[K::Request> request,
      |                                                             [01;31m[K^~~~~~~~[m[K
      |                                                             [32m[KMechCmd[m[K
[01m[K/ROS_ws/src/mecha_control/src/cmd_seq.cpp:16:88:[m[K [01;31m[Kerror: [m[Ktemplate argument 1 is invalid
   16 | k(const std::shared_ptr<mecha_control::srv::mech_cmd::Request[01;31m[K>[m[K request,
      |                                                              [01;31m[K^[m[K

[01m[K/ROS_ws/src/mecha_control/src/cmd_seq.cpp:16:35:[m[K [01;31m[Kerror: [m[Kinvalid template-id
   16 |     void daiza_cmd_callback(const [01;31m[Kstd[m[K::shared_ptr<mecha_control::srv::mech_cmd::Request> request,
      |                                   [01;31m[K^~~[m[K
[01m[K/ROS_ws/src/mecha_control/src/cmd_seq.cpp:16:71:[m[K [01;31m[Kerror: [m[Kâ€˜[01m[Kmecha_control::srv::mech_cmd[m[Kâ€™ has not been declared
   16 | aiza_cmd_callback(const std::shared_ptr<mecha_control::srv::[01;31m[Kmech_cmd[m[K::Request> request,
      |                                                             [01;31m[K^~~~~~~~[m[K

[01m[K/ROS_ws/src/mecha_control/src/cmd_seq.cpp:16:29:[m[K [01;31m[Kerror: [m[Kclass template placeholder â€˜[01m[Kstd::shared_ptr[m[Kâ€™ not permitted in this context
   16 |     void daiza_cmd_callback([01;31m[Kconst[m[K std::shared_ptr<mecha_control::srv::mech_cmd::Request> request,
      |                             [01;31m[K^~~~~[m[K
[01m[K/ROS_ws/src/mecha_control/src/cmd_seq.cpp:17:45:[m[K [01;31m[Kerror: [m[Kâ€˜[01m[Kmech_cmd[m[Kâ€™ is not a member of â€˜[01m[Kmecha_control::srv[m[Kâ€™; did you mean â€˜[01m[KMechCmd[m[Kâ€™?
   17 |         std::shared_ptr<mecha_control::srv::[01;31m[Kmech_cmd[m[K::Response> response) const
      |                                             [01;31m[K^~~~~~~~[m[K
      |                                             [32m[KMechCmd[m[K
[01m[K/ROS_ws/src/mecha_control/src/cmd_seq.cpp:17:63:[m[K [01;31m[Kerror: [m[Ktemplate argument 1 is invalid
   17 |       std::shared_ptr<mecha_control::srv::mech_cmd::Response[01;31m[K>[m[K response) const
      |                                                             [01;31m[K^[m[K

[01m[K/ROS_ws/src/mecha_control/src/cmd_seq.cpp:17:45:[m[K [01;31m[Kerror: [m[Kâ€˜[01m[Kmech_cmd[m[Kâ€™ is not a member of â€˜[01m[Kmecha_control::srv[m[Kâ€™; did you mean â€˜[01m[KMechCmd[m[Kâ€™?
   17 |         std::shared_ptr<mecha_control::srv::[01;31m[Kmech_cmd[m[K::Response> response) const
      |                                             [01;31m[K^~~~~~~~[m[K
      |                                             [32m[KMechCmd[m[K
[01m[K/ROS_ws/src/mecha_control/src/cmd_seq.cpp:17:63:[m[K [01;31m[Kerror: [m[Ktemplate argument 1 is invalid
   17 |       std::shared_ptr<mecha_control::srv::mech_cmd::Response[01;31m[K>[m[K response) const
      |                                                             [01;31m[K^[m[K

[01m[K/ROS_ws/src/mecha_control/src/cmd_seq.cpp:17:45:[m[K [01;31m[Kerror: [m[Kâ€˜[01m[Kmech_cmd[m[Kâ€™ is not a member of â€˜[01m[Kmecha_control::srv[m[Kâ€™; did you mean â€˜[01m[KMechCmd[m[Kâ€™?
   17 |         std::shared_ptr<mecha_control::srv::[01;31m[Kmech_cmd[m[K::Response> response) const
      |                                             [01;31m[K^~~~~~~~[m[K
      |                                             [32m[KMechCmd[m[K
[01m[K/ROS_ws/src/mecha_control/src/cmd_seq.cpp:17:63:[m[K [01;31m[Kerror: [m[Ktemplate argument 1 is invalid
   17 |       std::shared_ptr<mecha_control::srv::mech_cmd::Response[01;31m[K>[m[K response) const
      |                                                             [01;31m[K^[m[K

[01m[K/ROS_ws/src/mecha_control/src/cmd_seq.cpp:17:9:[m[K [01;31m[Kerror: [m[Kinvalid template-id
   17 |         [01;31m[Kstd[m[K::shared_ptr<mecha_control::srv::mech_cmd::Response> response) const
      |         [01;31m[K^~~[m[K
[01m[K/ROS_ws/src/mecha_control/src/cmd_seq.cpp:17:45:[m[K [01;31m[Kerror: [m[Kâ€˜[01m[Kmecha_control::srv::mech_cmd[m[Kâ€™ has not been declared
   17 |         std::shared_ptr<mecha_control::srv::[01;31m[Kmech_cmd[m[K::Response> response) const
      |                                             [01;31m[K^~~~~~~~[m[K
[01m[K/ROS_ws/src/mecha_control/src/cmd_seq.cpp:17:9:[m[K [01;31m[Kerror: [m[Kclass template placeholder â€˜[01m[Kstd::shared_ptr[m[Kâ€™ not permitted in this context
   17 |         [01;31m[Kstd[m[K::shared_ptr<mecha_control::srv::mech_cmd::Response> response) const
      |         [01;31m[K^~~[m[K
[01m[K/ROS_ws/src/mecha_control/src/cmd_seq.cpp:22:41:[m[K [01;31m[Kerror: [m[Kâ€˜[01m[Kmech_cmd[m[Kâ€™ is not a member of â€˜[01m[Kmecha_control::srv[m[Kâ€™; did you mean â€˜[01m[KMechCmd[m[Kâ€™?
   22 |     rclcpp::Service<mecha_control::srv::[01;31m[Kmech_cmd[m[K>::SharedPtr daiza_service;
      |                                         [01;31m[K^~~~~~~~[m[K
      |                                         [32m[KMechCmd[m[K
[01m[K/ROS_ws/src/mecha_control/src/cmd_seq.cpp:22:49:[m[K [01;31m[Kerror: [m[Ktemplate argument 1 is invalid
   22 |     rclcpp::Service<mecha_control::srv::mech_cmd[01;31m[K>[m[K::SharedPtr daiza_service;
      |                                                 [01;31m[K^[m[K
[01m[K/ROS_ws/src/mecha_control/src/cmd_seq.cpp:22:52:[m[K [01;31m[Kerror: [m[Kexpected â€˜[01m[K;[m[Kâ€™ at end of member declaration
   22 |     rclcpp::Service<mecha_control::srv::mech_cmd>::[01;31m[KSharedPtr[m[K daiza_service;
      |                                                    [01;31m[K^~~~~~~~~[m[K
      |                                                             [32m[K;[m[K
[01m[K/ROS_ws/src/mecha_control/src/cmd_seq.cpp:22:62:[m[K [01;31m[Kerror: [m[Kâ€˜[01m[Kdaiza_service[m[Kâ€™ does not name a type
   22 |    rclcpp::Service<mecha_control::srv::mech_cmd>::SharedPtr [01;31m[Kdaiza_service[m[K;
      |                                                             [01;31m[K^~~~~~~~~~~~~[m[K

[01m[K/ROS_ws/src/mecha_control/src/cmd_seq.cpp:[m[K In constructor â€˜[01m[Kmech_seq_node::mech_seq_node()[m[Kâ€™:
[01m[K/ROS_ws/src/mecha_control/src/cmd_seq.cpp:10:9:[m[K [01;31m[Kerror: [m[Kâ€˜[01m[Ksubscription_[m[Kâ€™ was not declared in this scope; did you mean â€˜[01m[Krmw_subscription_t[m[Kâ€™?
   10 |         [01;31m[Ksubscription_[m[K = this->create_service<mecha_control::srv::mech_cmd>(
      |         [01;31m[K^~~~~~~~~~~~~[m[K
      |         [32m[Krmw_subscription_t[m[K
[01m[K/ROS_ws/src/mecha_control/src/cmd_seq.cpp:10:66:[m[K [01;31m[Kerror: [m[Kâ€˜[01m[Kmech_cmd[m[Kâ€™ is not a member of â€˜[01m[Kmecha_control::srv[m[Kâ€™; did you mean â€˜[01m[KMechCmd[m[Kâ€™?
   10 |     subscription_ = this->create_service<mecha_control::srv::[01;31m[Kmech_cmd[m[K>(
      |                                                              [01;31m[K^~~~~~~~[m[K
      |                                                              [32m[KMechCmd[m[K
[01m[K/ROS_ws/src/mecha_control/src/cmd_seq.cpp:10:75:[m[K [01;31m[Kerror: [m[Kno matching function for call to â€˜[01m[Kmech_seq_node::create_service<<expression error> >(const char [10], void (mech_seq_node::*)(...) const)[m[Kâ€™
   10 |     subscription_ = [01;31m[Kthis->create_service<mecha_control::srv::mech_cmd>([m[K
      |                     [01;31m[K~~~~~~~~~~~~~~~~~~~~~~~~~~~~~~~~~~~~~~~~~~~~~~~~~~^[m[K

   11 | [01;31m[K    "daiza_cmd", &mech_seq_node::daiza_cmd_callback)[m[K;
      |     [01;31m[K~~~~~~~~~~~~~~~~~~~~~~~~~~~~~~~~~~~~~~~~~~~~~~~~[m[K                   

In file included from [01m[K/opt/ros/humble/include/rclcpp/rclcpp/executors/single_threaded_executor.hpp:28[m[K,
                 from [01m[K/opt/ros/humble/include/rclcpp/rclcpp/executors.hpp:22[m[K,
                 from [01m[K/opt/ros/humble/include/rclcpp/rclcpp/rclcpp.hpp:155[m[K,
                 from [01m[K/ROS_ws/src/mecha_control/src/cmd_seq.cpp:1[m[K:
[01m[K/opt/ros/humble/include/rclcpp/rclcpp/node.hpp:267:3:[m[K [01;36m[Knote: [m[Kcandidate: â€˜[01m[Ktemplate<class ServiceT, class CallbackT> typename rclcpp::Service<ServiceT>::SharedPtr rclcpp::Node::create_service(const string&, CallbackT&&, const rmw_qos_profile_t&, rclcpp::CallbackGroup::SharedPtr)[m[Kâ€™
  267 |   [01;36m[Kcreate_service[m[K(
      |   [01;36m[K^~~~~~~~~~~~~~[m[K
[01m[K/opt/ros/humble/include/rclcpp/rclcpp/node.hpp:267:3:[m[K [01;36m[Knote: [m[K  template argument deduction/substitution failed:
[01m[K/ROS_ws/src/mecha_control/src/cmd_seq.cpp:10:75:[m[K [01;31m[Kerror: [m[Ktemplate argument 1 is invalid
   10 |     subscription_ = [01;31m[Kthis->create_service<mecha_control::srv::mech_cmd>([m[K
      |                     [01;31m[K~~~~~~~~~~~~~~~~~~~~~~~~~~~~~~~~~~~~~~~~~~~~~~~~~~^[m[K

   11 | [01;31m[K    "daiza_cmd", &mech_seq_node::daiza_cmd_callback)[m[K;
      |     [01;31m[K~~~~~~~~~~~~~~~~~~~~~~~~~~~~~~~~~~~~~~~~~~~~~~~~[m[K                   

[01m[K/ROS_ws/src/mecha_control/src/cmd_seq.cpp:[m[K In member function â€˜[01m[Kvoid mech_seq_node::daiza_cmd_callback(...) const[m[Kâ€™:
[01m[K/ROS_ws/src/mecha_control/src/cmd_seq.cpp:19:9:[m[K [01;31m[Kerror: [m[Kâ€˜[01m[Kresponse[m[Kâ€™ was not declared in this scope
   19 |         [01;31m[Kresponse[m[K->result = OK
      |         [01;31m[K^~~~~~~~[m[K
[01m[K/ROS_ws/src/mecha_control/src/cmd_seq.cpp:19:28:[m[K [01;31m[Kerror: [m[Kâ€˜[01m[KOK[m[Kâ€™ was not declared in this scope
   19 |         response->result = [01;31m[KOK[m[K
      |                            [01;31m[K^~[m[K
gmake[2]: *** [CMakeFiles/cmd_seq.dir/build.make:76: CMakeFiles/cmd_seq.dir/src/cmd_seq.cpp.o] Error 1
gmake[1]: *** [CMakeFiles/Makefile2:595: CMakeFiles/cmd_seq.dir/all] Error 2
gmake: *** [Makefile:146: all] Error 2
