[0.040s] Invoking command in '/ROS_ws/build/mecha_control': CMAKE_PREFIX_PATH=${CMAKE_PREFIX_PATH}:/opt/ros/humble /usr/bin/cmake --build /ROS_ws/build/mecha_control -- -j12 -l12
[0.191s] -- Found ament_cmake: 1.3.3 (/opt/ros/humble/share/ament_cmake/cmake)
[0.192s] -- Found rclcpp: 16.0.3 (/opt/ros/humble/share/rclcpp/cmake)
[0.193s] -- Found rosidl_generator_c: 3.1.4 (/opt/ros/humble/share/rosidl_generator_c/cmake)
[0.193s] -- Found rosidl_adapter: 3.1.4 (/opt/ros/humble/share/rosidl_adapter/cmake)
[0.193s] -- Found rosidl_generator_cpp: 3.1.4 (/opt/ros/humble/share/rosidl_generator_cpp/cmake)
[0.193s] -- Using all available rosidl_typesupport_c: rosidl_typesupport_fastrtps_c;rosidl_typesupport_introspection_c
[0.195s] -- Using all available rosidl_typesupport_cpp: rosidl_typesupport_fastrtps_cpp;rosidl_typesupport_introspection_cpp
[0.253s] -- Found rmw_implementation_cmake: 6.1.1 (/opt/ros/humble/share/rmw_implementation_cmake/cmake)
[0.254s] -- Found rmw_fastrtps_cpp: 6.2.2 (/opt/ros/humble/share/rmw_fastrtps_cpp/cmake)
[0.369s] -- Using RMW implementation 'rmw_fastrtps_cpp' as default
[0.472s] -- Found rclpy: 3.3.7 (/opt/ros/humble/share/rclpy/cmake)
[0.472s] -- Found geometry_msgs: 4.2.3 (/opt/ros/humble/share/geometry_msgs/cmake)
[0.498s] -- Found rosidl_default_generators: 1.2.0 (/opt/ros/humble/share/rosidl_default_generators/cmake)
[0.677s] -- Found ament_cmake_ros: 0.10.0 (/opt/ros/humble/share/ament_cmake_ros/cmake)
[0.865s] -- Using all available rosidl_typesupport_c: rosidl_typesupport_fastrtps_c;rosidl_typesupport_introspection_c
[0.938s] -- Using all available rosidl_typesupport_cpp: rosidl_typesupport_fastrtps_cpp;rosidl_typesupport_introspection_cpp
[0.953s] -- Found python_cmake_module: 0.10.0 (/opt/ros/humble/share/python_cmake_module/cmake)
[0.967s] -- Using PYTHON_EXECUTABLE: /usr/bin/python3
[0.967s] -- Using PYTHON_INCLUDE_DIRS: /usr/include/python3.10
[0.967s] -- Using PYTHON_LIBRARIES: /usr/lib/x86_64-linux-gnu/libpython3.10.so
[0.975s] -- Found mecha_control: 0.0.0 (/ROS_ws/install/mecha_control/share/mecha_control/cmake)
[0.987s] -- Found ament_lint_auto: 0.12.5 (/opt/ros/humble/share/ament_lint_auto/cmake)
[0.995s] -- Added test 'cppcheck' to perform static code analysis on C / C++ code
[0.995s] -- Configured cppcheck include dirs: 
[0.995s] -- Configured cppcheck exclude dirs and/or files: 
[0.996s] -- Added test 'flake8' to check Python code syntax and style conventions
[0.997s] -- Added test 'lint_cmake' to check CMake code style
[0.997s] -- Added test 'pep257' to check Python code against some of the docstring style conventions in PEP 257
[0.998s] -- Added test 'uncrustify' to check C / C++ code style
[0.998s] -- Configured uncrustify additional arguments: 
[0.999s] -- Added test 'xmllint' to check XML markup files
[1.000s] -- Configuring done
[1.021s] [33mCMake Warning at CMakeLists.txt:32 (add_executable):
[1.021s]   Cannot generate a safe runtime search path for target cmd_seq because there
[1.021s]   is a cycle in the constraint graph:
[1.021s] 
[1.021s]     dir 0 is [/opt/ros/humble/lib]
[1.021s]     dir 1 is [/ROS_ws/install/mecha_control/lib]
[1.021s]       dir 2 must precede it due to runtime library [libmecha_control__rosidl_typesupport_introspection_c.so]
[1.021s]     dir 2 is [/ROS_ws/build/mecha_control]
[1.021s]       dir 1 must precede it due to runtime library [libmecha_control__rosidl_typesupport_fastrtps_c.so]
[1.021s] 
[1.021s]   Some of these libraries may not be found correctly.
[1.021s] 
[1.021s] [0m
[1.024s] -- Generating done
[1.026s] -- Build files have been written to: /ROS_ws/build/mecha_control
[1.042s] [35m[1mConsolidate compiler generated dependencies of target mecha_control__rosidl_generator_c[0m
[1.047s] [  1%] Built target mecha_control__cpp
[1.049s] [ 12%] Built target mecha_control__rosidl_generator_c
[1.055s] [ 12%] Built target ament_cmake_python_copy_mecha_control
[1.056s] [35m[1mConsolidate compiler generated dependencies of target mecha_control__rosidl_typesupport_cpp[0m
[1.056s] [35m[1mConsolidate compiler generated dependencies of target mecha_control__rosidl_typesupport_fastrtps_cpp[0m
[1.057s] [35m[1mConsolidate compiler generated dependencies of target mecha_control__rosidl_typesupport_introspection_cpp[0m
[1.057s] [35m[1mConsolidate compiler generated dependencies of target mecha_control__rosidl_typesupport_introspection_c[0m
[1.057s] [35m[1mConsolidate compiler generated dependencies of target mecha_control__rosidl_typesupport_c[0m
[1.058s] [35m[1mConsolidate compiler generated dependencies of target mecha_control__rosidl_typesupport_fastrtps_c[0m
[1.067s] [ 23%] Built target mecha_control__rosidl_typesupport_c
[1.067s] [ 34%] Built target mecha_control__rosidl_typesupport_introspection_c
[1.067s] [ 45%] Built target mecha_control__rosidl_typesupport_cpp
[1.068s] [ 56%] Built target mecha_control__rosidl_typesupport_fastrtps_cpp
[1.069s] [ 67%] Built target mecha_control__rosidl_typesupport_introspection_cpp
[1.070s] [ 78%] Built target mecha_control__rosidl_typesupport_fastrtps_c
[1.081s] [ 79%] [32mBuilding CXX object CMakeFiles/cmd_seq.dir/src/cmd_seq.cpp.o[0m
[1.081s] [ 79%] Built target mecha_control
[1.093s] [ 80%] Built target mecha_control__py
[1.099s] [35m[1mConsolidate compiler generated dependencies of target mecha_control__rosidl_generator_py[0m
[1.109s] [ 90%] Built target mecha_control__rosidl_generator_py
[1.115s] [35m[1mConsolidate compiler generated dependencies of target mecha_control__rosidl_typesupport_fastrtps_c__pyext[0m
[1.116s] [35m[1mConsolidate compiler generated dependencies of target mecha_control__rosidl_typesupport_c__pyext[0m
[1.116s] [35m[1mConsolidate compiler generated dependencies of target mecha_control__rosidl_typesupport_introspection_c__pyext[0m
[1.124s] [ 93%] Built target mecha_control__rosidl_typesupport_c__pyext
[1.124s] [ 95%] Built target mecha_control__rosidl_typesupport_introspection_c__pyext
[1.125s] [ 98%] Built target mecha_control__rosidl_typesupport_fastrtps_c__pyext
[1.180s] running egg_info
[1.180s] writing mecha_control.egg-info/PKG-INFO
[1.180s] writing dependency_links to mecha_control.egg-info/dependency_links.txt
[1.180s] writing top-level names to mecha_control.egg-info/top_level.txt
[1.182s] reading manifest file 'mecha_control.egg-info/SOURCES.txt'
[1.182s] writing manifest file 'mecha_control.egg-info/SOURCES.txt'
[1.201s] [ 98%] Built target ament_cmake_python_build_mecha_control_egg
[2.346s] [01m[K/ROS_ws/src/mecha_control/src/cmd_seq.cpp:16:71:[m[K [01;31m[Kerror: [m[Kâ€˜[01m[Kmech_cmd[m[Kâ€™ is not a member of â€˜[01m[Kmecha_control::srv[m[Kâ€™; did you mean â€˜[01m[KMechCmd[m[Kâ€™?
[2.346s]    16 | aiza_cmd_callback(const std::shared_ptr<mecha_control::srv::[01;31m[Kmech_cmd[m[K::Request> request,
[2.346s]       |                                                             [01;31m[K^~~~~~~~[m[K
[2.346s]       |                                                             [32m[KMechCmd[m[K
[2.346s] [01m[K/ROS_ws/src/mecha_control/src/cmd_seq.cpp:16:88:[m[K [01;31m[Kerror: [m[Ktemplate argument 1 is invalid
[2.346s]    16 | k(const std::shared_ptr<mecha_control::srv::mech_cmd::Request[01;31m[K>[m[K request,
[2.346s]       |                                                              [01;31m[K^[m[K
[2.346s] 
[2.346s] [01m[K/ROS_ws/src/mecha_control/src/cmd_seq.cpp:16:71:[m[K [01;31m[Kerror: [m[Kâ€˜[01m[Kmech_cmd[m[Kâ€™ is not a member of â€˜[01m[Kmecha_control::srv[m[Kâ€™; did you mean â€˜[01m[KMechCmd[m[Kâ€™?
[2.346s]    16 | aiza_cmd_callback(const std::shared_ptr<mecha_control::srv::[01;31m[Kmech_cmd[m[K::Request> request,
[2.346s]       |                                                             [01;31m[K^~~~~~~~[m[K
[2.346s]       |                                                             [32m[KMechCmd[m[K
[2.346s] [01m[K/ROS_ws/src/mecha_control/src/cmd_seq.cpp:16:88:[m[K [01;31m[Kerror: [m[Ktemplate argument 1 is invalid
[2.346s]    16 | k(const std::shared_ptr<mecha_control::srv::mech_cmd::Request[01;31m[K>[m[K request,
[2.347s]       |                                                              [01;31m[K^[m[K
[2.347s] 
[2.347s] [01m[K/ROS_ws/src/mecha_control/src/cmd_seq.cpp:16:71:[m[K [01;31m[Kerror: [m[Kâ€˜[01m[Kmech_cmd[m[Kâ€™ is not a member of â€˜[01m[Kmecha_control::srv[m[Kâ€™; did you mean â€˜[01m[KMechCmd[m[Kâ€™?
[2.347s]    16 | aiza_cmd_callback(const std::shared_ptr<mecha_control::srv::[01;31m[Kmech_cmd[m[K::Request> request,
[2.347s]       |                                                             [01;31m[K^~~~~~~~[m[K
[2.347s]       |                                                             [32m[KMechCmd[m[K
[2.347s] [01m[K/ROS_ws/src/mecha_control/src/cmd_seq.cpp:16:88:[m[K [01;31m[Kerror: [m[Ktemplate argument 1 is invalid
[2.347s]    16 | k(const std::shared_ptr<mecha_control::srv::mech_cmd::Request[01;31m[K>[m[K request,
[2.347s]       |                                                              [01;31m[K^[m[K
[2.347s] 
[2.347s] [01m[K/ROS_ws/src/mecha_control/src/cmd_seq.cpp:16:35:[m[K [01;31m[Kerror: [m[Kinvalid template-id
[2.347s]    16 |     void daiza_cmd_callback(const [01;31m[Kstd[m[K::shared_ptr<mecha_control::srv::mech_cmd::Request> request,
[2.347s]       |                                   [01;31m[K^~~[m[K
[2.347s] [01m[K/ROS_ws/src/mecha_control/src/cmd_seq.cpp:16:71:[m[K [01;31m[Kerror: [m[Kâ€˜[01m[Kmecha_control::srv::mech_cmd[m[Kâ€™ has not been declared
[2.347s]    16 | aiza_cmd_callback(const std::shared_ptr<mecha_control::srv::[01;31m[Kmech_cmd[m[K::Request> request,
[2.347s]       |                                                             [01;31m[K^~~~~~~~[m[K
[2.347s] 
[2.347s] [01m[K/ROS_ws/src/mecha_control/src/cmd_seq.cpp:16:29:[m[K [01;31m[Kerror: [m[Kclass template placeholder â€˜[01m[Kstd::shared_ptr[m[Kâ€™ not permitted in this context
[2.347s]    16 |     void daiza_cmd_callback([01;31m[Kconst[m[K std::shared_ptr<mecha_control::srv::mech_cmd::Request> request,
[2.347s]       |                             [01;31m[K^~~~~[m[K
[2.347s] [01m[K/ROS_ws/src/mecha_control/src/cmd_seq.cpp:17:45:[m[K [01;31m[Kerror: [m[Kâ€˜[01m[Kmech_cmd[m[Kâ€™ is not a member of â€˜[01m[Kmecha_control::srv[m[Kâ€™; did you mean â€˜[01m[KMechCmd[m[Kâ€™?
[2.347s]    17 |         std::shared_ptr<mecha_control::srv::[01;31m[Kmech_cmd[m[K::Response> response) const
[2.347s]       |                                             [01;31m[K^~~~~~~~[m[K
[2.347s]       |                                             [32m[KMechCmd[m[K
[2.347s] [01m[K/ROS_ws/src/mecha_control/src/cmd_seq.cpp:17:63:[m[K [01;31m[Kerror: [m[Ktemplate argument 1 is invalid
[2.347s]    17 |       std::shared_ptr<mecha_control::srv::mech_cmd::Response[01;31m[K>[m[K response) const
[2.348s]       |                                                             [01;31m[K^[m[K
[2.348s] 
[2.348s] [01m[K/ROS_ws/src/mecha_control/src/cmd_seq.cpp:17:45:[m[K [01;31m[Kerror: [m[Kâ€˜[01m[Kmech_cmd[m[Kâ€™ is not a member of â€˜[01m[Kmecha_control::srv[m[Kâ€™; did you mean â€˜[01m[KMechCmd[m[Kâ€™?
[2.348s]    17 |         std::shared_ptr<mecha_control::srv::[01;31m[Kmech_cmd[m[K::Response> response) const
[2.348s]       |                                             [01;31m[K^~~~~~~~[m[K
[2.348s]       |                                             [32m[KMechCmd[m[K
[2.348s] [01m[K/ROS_ws/src/mecha_control/src/cmd_seq.cpp:17:63:[m[K [01;31m[Kerror: [m[Ktemplate argument 1 is invalid
[2.348s]    17 |       std::shared_ptr<mecha_control::srv::mech_cmd::Response[01;31m[K>[m[K response) const
[2.348s]       |                                                             [01;31m[K^[m[K
[2.348s] 
[2.348s] [01m[K/ROS_ws/src/mecha_control/src/cmd_seq.cpp:17:45:[m[K [01;31m[Kerror: [m[Kâ€˜[01m[Kmech_cmd[m[Kâ€™ is not a member of â€˜[01m[Kmecha_control::srv[m[Kâ€™; did you mean â€˜[01m[KMechCmd[m[Kâ€™?
[2.348s]    17 |         std::shared_ptr<mecha_control::srv::[01;31m[Kmech_cmd[m[K::Response> response) const
[2.348s]       |                                             [01;31m[K^~~~~~~~[m[K
[2.348s]       |                                             [32m[KMechCmd[m[K
[2.348s] [01m[K/ROS_ws/src/mecha_control/src/cmd_seq.cpp:17:63:[m[K [01;31m[Kerror: [m[Ktemplate argument 1 is invalid
[2.348s]    17 |       std::shared_ptr<mecha_control::srv::mech_cmd::Response[01;31m[K>[m[K response) const
[2.348s]       |                                                             [01;31m[K^[m[K
[2.348s] 
[2.348s] [01m[K/ROS_ws/src/mecha_control/src/cmd_seq.cpp:17:9:[m[K [01;31m[Kerror: [m[Kinvalid template-id
[2.348s]    17 |         [01;31m[Kstd[m[K::shared_ptr<mecha_control::srv::mech_cmd::Response> response) const
[2.348s]       |         [01;31m[K^~~[m[K
[2.348s] [01m[K/ROS_ws/src/mecha_control/src/cmd_seq.cpp:17:45:[m[K [01;31m[Kerror: [m[Kâ€˜[01m[Kmecha_control::srv::mech_cmd[m[Kâ€™ has not been declared
[2.348s]    17 |         std::shared_ptr<mecha_control::srv::[01;31m[Kmech_cmd[m[K::Response> response) const
[2.348s]       |                                             [01;31m[K^~~~~~~~[m[K
[2.348s] [01m[K/ROS_ws/src/mecha_control/src/cmd_seq.cpp:17:9:[m[K [01;31m[Kerror: [m[Kclass template placeholder â€˜[01m[Kstd::shared_ptr[m[Kâ€™ not permitted in this context
[2.348s]    17 |         [01;31m[Kstd[m[K::shared_ptr<mecha_control::srv::mech_cmd::Response> response) const
[2.348s]       |         [01;31m[K^~~[m[K
[2.348s] [01m[K/ROS_ws/src/mecha_control/src/cmd_seq.cpp:22:41:[m[K [01;31m[Kerror: [m[Kâ€˜[01m[Kmech_cmd[m[Kâ€™ is not a member of â€˜[01m[Kmecha_control::srv[m[Kâ€™; did you mean â€˜[01m[KMechCmd[m[Kâ€™?
[2.348s]    22 |     rclcpp::Service<mecha_control::srv::[01;31m[Kmech_cmd[m[K>::SharedPtr daiza_service;
[2.348s]       |                                         [01;31m[K^~~~~~~~[m[K
[2.348s]       |                                         [32m[KMechCmd[m[K
[2.348s] [01m[K/ROS_ws/src/mecha_control/src/cmd_seq.cpp:22:49:[m[K [01;31m[Kerror: [m[Ktemplate argument 1 is invalid
[2.348s]    22 |     rclcpp::Service<mecha_control::srv::mech_cmd[01;31m[K>[m[K::SharedPtr daiza_service;
[2.348s]       |                                                 [01;31m[K^[m[K
[2.348s] [01m[K/ROS_ws/src/mecha_control/src/cmd_seq.cpp:22:52:[m[K [01;31m[Kerror: [m[Kexpected â€˜[01m[K;[m[Kâ€™ at end of member declaration
[2.349s]    22 |     rclcpp::Service<mecha_control::srv::mech_cmd>::[01;31m[KSharedPtr[m[K daiza_service;
[2.349s]       |                                                    [01;31m[K^~~~~~~~~[m[K
[2.349s]       |                                                             [32m[K;[m[K
[2.349s] [01m[K/ROS_ws/src/mecha_control/src/cmd_seq.cpp:22:62:[m[K [01;31m[Kerror: [m[Kâ€˜[01m[Kdaiza_service[m[Kâ€™ does not name a type
[2.349s]    22 |    rclcpp::Service<mecha_control::srv::mech_cmd>::SharedPtr [01;31m[Kdaiza_service[m[K;
[2.349s]       |                                                             [01;31m[K^~~~~~~~~~~~~[m[K
[2.349s] 
[2.353s] [01m[K/ROS_ws/src/mecha_control/src/cmd_seq.cpp:[m[K In constructor â€˜[01m[Kmech_seq_node::mech_seq_node()[m[Kâ€™:
[2.353s] [01m[K/ROS_ws/src/mecha_control/src/cmd_seq.cpp:10:9:[m[K [01;31m[Kerror: [m[Kâ€˜[01m[Ksubscription_[m[Kâ€™ was not declared in this scope; did you mean â€˜[01m[Krmw_subscription_t[m[Kâ€™?
[2.353s]    10 |         [01;31m[Ksubscription_[m[K = this->create_service<mecha_control::srv::mech_cmd>(
[2.353s]       |         [01;31m[K^~~~~~~~~~~~~[m[K
[2.353s]       |         [32m[Krmw_subscription_t[m[K
[2.353s] [01m[K/ROS_ws/src/mecha_control/src/cmd_seq.cpp:10:66:[m[K [01;31m[Kerror: [m[Kâ€˜[01m[Kmech_cmd[m[Kâ€™ is not a member of â€˜[01m[Kmecha_control::srv[m[Kâ€™; did you mean â€˜[01m[KMechCmd[m[Kâ€™?
[2.353s]    10 |     subscription_ = this->create_service<mecha_control::srv::[01;31m[Kmech_cmd[m[K>(
[2.353s]       |                                                              [01;31m[K^~~~~~~~[m[K
[2.353s]       |                                                              [32m[KMechCmd[m[K
[2.353s] [01m[K/ROS_ws/src/mecha_control/src/cmd_seq.cpp:10:75:[m[K [01;31m[Kerror: [m[Kno matching function for call to â€˜[01m[Kmech_seq_node::create_service<<expression error> >(const char [10], void (mech_seq_node::*)(...) const)[m[Kâ€™
[2.353s]    10 |     subscription_ = [01;31m[Kthis->create_service<mecha_control::srv::mech_cmd>([m[K
[2.353s]       |                     [01;31m[K~~~~~~~~~~~~~~~~~~~~~~~~~~~~~~~~~~~~~~~~~~~~~~~~~~^[m[K
[2.353s] 
[2.353s]    11 | [01;31m[K    "daiza_cmd", &mech_seq_node::daiza_cmd_callback)[m[K;
[2.353s]       |     [01;31m[K~~~~~~~~~~~~~~~~~~~~~~~~~~~~~~~~~~~~~~~~~~~~~~~~[m[K                   
[2.353s] 
[2.354s] In file included from [01m[K/opt/ros/humble/include/rclcpp/rclcpp/executors/single_threaded_executor.hpp:28[m[K,
[2.354s]                  from [01m[K/opt/ros/humble/include/rclcpp/rclcpp/executors.hpp:22[m[K,
[2.354s]                  from [01m[K/opt/ros/humble/include/rclcpp/rclcpp/rclcpp.hpp:155[m[K,
[2.354s]                  from [01m[K/ROS_ws/src/mecha_control/src/cmd_seq.cpp:1[m[K:
[2.354s] [01m[K/opt/ros/humble/include/rclcpp/rclcpp/node.hpp:267:3:[m[K [01;36m[Knote: [m[Kcandidate: â€˜[01m[Ktemplate<class ServiceT, class CallbackT> typename rclcpp::Service<ServiceT>::SharedPtr rclcpp::Node::create_service(const string&, CallbackT&&, const rmw_qos_profile_t&, rclcpp::CallbackGroup::SharedPtr)[m[Kâ€™
[2.354s]   267 |   [01;36m[Kcreate_service[m[K(
[2.354s]       |   [01;36m[K^~~~~~~~~~~~~~[m[K
[2.354s] [01m[K/opt/ros/humble/include/rclcpp/rclcpp/node.hpp:267:3:[m[K [01;36m[Knote: [m[K  template argument deduction/substitution failed:
[2.354s] [01m[K/ROS_ws/src/mecha_control/src/cmd_seq.cpp:10:75:[m[K [01;31m[Kerror: [m[Ktemplate argument 1 is invalid
[2.354s]    10 |     subscription_ = [01;31m[Kthis->create_service<mecha_control::srv::mech_cmd>([m[K
[2.354s]       |                     [01;31m[K~~~~~~~~~~~~~~~~~~~~~~~~~~~~~~~~~~~~~~~~~~~~~~~~~~^[m[K
[2.354s] 
[2.354s]    11 | [01;31m[K    "daiza_cmd", &mech_seq_node::daiza_cmd_callback)[m[K;
[2.354s]       |     [01;31m[K~~~~~~~~~~~~~~~~~~~~~~~~~~~~~~~~~~~~~~~~~~~~~~~~[m[K                   
[2.354s] 
[2.357s] [01m[K/ROS_ws/src/mecha_control/src/cmd_seq.cpp:[m[K In member function â€˜[01m[Kvoid mech_seq_node::daiza_cmd_callback(...) const[m[Kâ€™:
[2.357s] [01m[K/ROS_ws/src/mecha_control/src/cmd_seq.cpp:19:9:[m[K [01;31m[Kerror: [m[Kâ€˜[01m[Kresponse[m[Kâ€™ was not declared in this scope
[2.357s]    19 |         [01;31m[Kresponse[m[K->result = OK
[2.357s]       |         [01;31m[K^~~~~~~~[m[K
[2.360s] [01m[K/ROS_ws/src/mecha_control/src/cmd_seq.cpp:19:28:[m[K [01;31m[Kerror: [m[Kâ€˜[01m[KOK[m[Kâ€™ was not declared in this scope
[2.360s]    19 |         response->result = [01;31m[KOK[m[K
[2.360s]       |                            [01;31m[K^~[m[K
[2.607s] gmake[2]: *** [CMakeFiles/cmd_seq.dir/build.make:76: CMakeFiles/cmd_seq.dir/src/cmd_seq.cpp.o] Error 1
[2.607s] gmake[1]: *** [CMakeFiles/Makefile2:595: CMakeFiles/cmd_seq.dir/all] Error 2
[2.607s] gmake: *** [Makefile:146: all] Error 2
[2.608s] Invoked command in '/ROS_ws/build/mecha_control' returned '2': CMAKE_PREFIX_PATH=${CMAKE_PREFIX_PATH}:/opt/ros/humble /usr/bin/cmake --build /ROS_ws/build/mecha_control -- -j12 -l12
