[ 11%] Built target mecha_control__rosidl_generator_c
[ 12%] Built target mecha_control__cpp
[ 12%] Built target ament_cmake_python_copy_mecha_control
[ 23%] Built target mecha_control__rosidl_typesupport_c
[ 34%] Built target mecha_control__rosidl_typesupport_introspection_c
[ 45%] Built target mecha_control__rosidl_typesupport_introspection_cpp
[ 56%] Built target mecha_control__rosidl_typesupport_fastrtps_c
[ 67%] Built target mecha_control__rosidl_typesupport_cpp
[ 79%] Built target mecha_control__rosidl_typesupport_fastrtps_cpp
[35m[1mConsolidate compiler generated dependencies of target cmd_seq[0m
[ 80%] [32mBuilding CXX object CMakeFiles/cmd_seq.dir/src/cmd_seq.cpp.o[0m
[ 80%] Built target mecha_control
[ 81%] Built target mecha_control__py
[ 91%] Built target mecha_control__rosidl_generator_py
[ 97%] Built target mecha_control__rosidl_typesupport_fastrtps_c__pyext
[ 97%] Built target mecha_control__rosidl_typesupport_introspection_c__pyext
[ 98%] Built target mecha_control__rosidl_typesupport_c__pyext
running egg_info
writing mecha_control.egg-info/PKG-INFO
writing dependency_links to mecha_control.egg-info/dependency_links.txt
writing top-level names to mecha_control.egg-info/top_level.txt
reading manifest file 'mecha_control.egg-info/SOURCES.txt'
writing manifest file 'mecha_control.egg-info/SOURCES.txt'
[ 98%] Built target ament_cmake_python_build_mecha_control_egg
In file included from [01m[K/usr/include/c++/11/future:48[m[K,
                 from [01m[K/opt/ros/humble/include/rclcpp/rclcpp/executors.hpp:18[m[K,
                 from [01m[K/opt/ros/humble/include/rclcpp/rclcpp/rclcpp.hpp:155[m[K,
                 from [01m[K/ROS_ws/src/mecha_control/src/cmd_seq.cpp:1[m[K:
/usr/include/c++/11/bits/std_thread.h: In instantiation of â€˜[01m[Kstd::thread::thread(_Callable&&, _Args&& ...) [with _Callable = void (MechSeqNode::*)(); _Args = {}; <template-parameter-1-3> = void][m[Kâ€™:
[01m[K/ROS_ws/src/mecha_control/src/cmd_seq.cpp:19:68:[m[K   required from here
[01m[K/usr/include/c++/11/bits/std_thread.h:130:72:[m[K [01;31m[Kerror: [m[Kstatic assertion failed: std::thread arguments must be invocable after conversion to rvalues
  130 |                                       typename decay<_Args>::type...>::[01;31m[Kvalue[m[K,
      |                                                                        [01;31m[K^~~~~[m[K
[01m[K/usr/include/c++/11/bits/std_thread.h:130:72:[m[K [01;36m[Knote: [m[Kâ€˜[01m[Kstd::integral_constant<bool, false>::value[m[Kâ€™ evaluates to false
/usr/include/c++/11/bits/std_thread.h: In instantiation of â€˜[01m[Kstruct std::thread::_Invoker<std::tuple<void (MechSeqNode::*)()> >[m[Kâ€™:
[01m[K/usr/include/c++/11/bits/std_thread.h:203:13:[m[K   required from â€˜[01m[Kstruct std::thread::_State_impl<std::thread::_Invoker<std::tuple<void (MechSeqNode::*)()> > >[m[Kâ€™
[01m[K/usr/include/c++/11/bits/std_thread.h:143:29:[m[K   required from â€˜[01m[Kstd::thread::thread(_Callable&&, _Args&& ...) [with _Callable = void (MechSeqNode::*)(); _Args = {}; <template-parameter-1-3> = void][m[Kâ€™
[01m[K/ROS_ws/src/mecha_control/src/cmd_seq.cpp:19:68:[m[K   required from here
[01m[K/usr/include/c++/11/bits/std_thread.h:252:11:[m[K [01;31m[Kerror: [m[Kno type named â€˜[01m[Ktype[m[Kâ€™ in â€˜[01m[Kstruct std::thread::_Invoker<std::tuple<void (MechSeqNode::*)()> >::__result<std::tuple<void (MechSeqNode::*)()> >[m[Kâ€™
  252 |           [01;31m[K_M_invoke[m[K(_Index_tuple<_Ind...>)
      |           [01;31m[K^~~~~~~~~[m[K
[01m[K/usr/include/c++/11/bits/std_thread.h:256:9:[m[K [01;31m[Kerror: [m[Kno type named â€˜[01m[Ktype[m[Kâ€™ in â€˜[01m[Kstruct std::thread::_Invoker<std::tuple<void (MechSeqNode::*)()> >::__result<std::tuple<void (MechSeqNode::*)()> >[m[Kâ€™
  256 |         [01;31m[Koperator[m[K()()
      |         [01;31m[K^~~~~~~~[m[K
gmake[2]: *** [CMakeFiles/cmd_seq.dir/build.make:76: CMakeFiles/cmd_seq.dir/src/cmd_seq.cpp.o] Error 1
gmake[1]: *** [CMakeFiles/Makefile2:595: CMakeFiles/cmd_seq.dir/all] Error 2
gmake: *** [Makefile:146: all] Error 2
