[33mCMake Warning at CMakeLists.txt:33 (add_executable):
  Cannot generate a safe runtime search path for target cmd_seq because there
  is a cycle in the constraint graph:

    dir 0 is [/opt/ros/humble/lib]
    dir 1 is [/ROS_ws/install/mecha_control/lib]
      dir 2 must precede it due to runtime library [libmecha_control__rosidl_typesupport_introspection_c.so]
    dir 2 is [/ROS_ws/build/mecha_control]
      dir 1 must precede it due to runtime library [libmecha_control__rosidl_typesupport_fastrtps_c.so]

  Some of these libraries may not be found correctly.

[0m
[01m[K/ROS_ws/src/mecha_control/src/cmd_seq.cpp:[m[K In constructor â€˜[01m[Kmech_seq_node::mech_seq_node()[m[Kâ€™:
[01m[K/ROS_ws/src/mecha_control/src/cmd_seq.cpp:18:5:[m[K [01;31m[Kerror: [m[Kexpected â€˜[01m[K;[m[Kâ€™ before â€˜[01m[K}[m[Kâ€™ token
   18 |     [01;31m[K}[m[K
      |     [01;31m[K^[m[K
gmake[2]: *** [CMakeFiles/cmd_seq.dir/build.make:76: CMakeFiles/cmd_seq.dir/src/cmd_seq.cpp.o] Error 1
gmake[1]: *** [CMakeFiles/Makefile2:595: CMakeFiles/cmd_seq.dir/all] Error 2
gmake: *** [Makefile:146: all] Error 2
