[35m[1mConsolidate compiler generated dependencies of target mecha_control__rosidl_generator_c[0m
[  2%] Built target mecha_control__cpp
[  4%] [32mBuilding C object CMakeFiles/mecha_control__rosidl_generator_c.dir/rosidl_generator_c/mecha_control/msg/detail/sensor_states__functions.c.o[0m
[  4%] Built target ament_cmake_python_copy_mecha_control
[35m[1mConsolidate compiler generated dependencies of target mecha_control__rosidl_typesupport_introspection_cpp[0m
[35m[1mConsolidate compiler generated dependencies of target mecha_control__rosidl_typesupport_fastrtps_cpp[0m
[35m[1mConsolidate compiler generated dependencies of target mecha_control__rosidl_typesupport_cpp[0m
In file included from [01m[K/ROS_ws/build/mecha_control/rosidl_generator_c/mecha_control/msg/detail/sensor_states__functions.h:19[m[K,
                 from [01m[K/ROS_ws/build/mecha_control/rosidl_generator_c/mecha_control/msg/detail/sensor_states__functions.c:4[m[K:
[01m[K/ROS_ws/build/mecha_control/rosidl_generator_c/mecha_control/msg/detail/sensor_states__struct.h:23:10:[m[K [01;31m[Kfatal error: [m[Kstd_msgs/msg/detail/header__struct.h: No such file or directory
   23 | #include [01;31m[K"std_msgs/msg/detail/header__struct.h"[m[K
      |          [01;31m[K^~~~~~~~~~~~~~~~~~~~~~~~~~~~~~~~~~~~~~[m[K
compilation terminated.
gmake[2]: *** [CMakeFiles/mecha_control__rosidl_generator_c.dir/build.make:137: CMakeFiles/mecha_control__rosidl_generator_c.dir/rosidl_generator_c/mecha_control/msg/detail/sensor_states__functions.c.o] Error 1
gmake[1]: *** [CMakeFiles/Makefile2:213: CMakeFiles/mecha_control__rosidl_generator_c.dir/all] Error 2
gmake[1]: *** Waiting for unfinished jobs....
[  6%] [32mBuilding CXX object CMakeFiles/mecha_control__rosidl_typesupport_cpp.dir/rosidl_typesupport_cpp/mecha_control/msg/sensor_states__type_support.cpp.o[0m
[  8%] [32mBuilding CXX object CMakeFiles/mecha_control__rosidl_typesupport_fastrtps_cpp.dir/rosidl_typesupport_fastrtps_cpp/mecha_control/msg/detail/dds_fastrtps/sensor_states__type_support.cpp.o[0m
[ 10%] [32mBuilding CXX object CMakeFiles/mecha_control__rosidl_typesupport_introspection_cpp.dir/rosidl_typesupport_introspection_cpp/mecha_control/msg/detail/sensor_states__type_support.cpp.o[0m
In file included from [01m[K/ROS_ws/build/mecha_control/rosidl_typesupport_fastrtps_cpp/mecha_control/msg/detail/sensor_states__rosidl_typesupport_fastrtps_cpp.hpp:11[m[K,
                 from [01m[K/ROS_ws/build/mecha_control/rosidl_typesupport_fastrtps_cpp/mecha_control/msg/detail/dds_fastrtps/sensor_states__type_support.cpp:4[m[K:
[01m[K/ROS_ws/build/mecha_control/rosidl_generator_cpp/mecha_control/msg/detail/sensor_states__struct.hpp:20:10:[m[K [01;31m[Kfatal error: [m[Kstd_msgs/msg/detail/header__struct.hpp: No such file or directory
   20 | #include [01;31m[K"std_msgs/msg/detail/header__struct.hpp"[m[K
      |          [01;31m[K^~~~~~~~~~~~~~~~~~~~~~~~~~~~~~~~~~~~~~~~[m[K
compilation terminated.
gmake[2]: *** [CMakeFiles/mecha_control__rosidl_typesupport_fastrtps_cpp.dir/build.make:105: CMakeFiles/mecha_control__rosidl_typesupport_fastrtps_cpp.dir/rosidl_typesupport_fastrtps_cpp/mecha_control/msg/detail/dds_fastrtps/sensor_states__type_support.cpp.o] Error 1
gmake[1]: *** [CMakeFiles/Makefile2:291: CMakeFiles/mecha_control__rosidl_typesupport_fastrtps_cpp.dir/all] Error 2
In file included from [01m[K/ROS_ws/build/mecha_control/rosidl_typesupport_cpp/mecha_control/msg/sensor_states__type_support.cpp:7[m[K:
[01m[K/ROS_ws/build/mecha_control/rosidl_generator_cpp/mecha_control/msg/detail/sensor_states__struct.hpp:20:10:[m[K [01;31m[Kfatal error: [m[Kstd_msgs/msg/detail/header__struct.hpp: No such file or directory
   20 | #include [01;31m[K"std_msgs/msg/detail/header__struct.hpp"[m[K
      |          [01;31m[K^~~~~~~~~~~~~~~~~~~~~~~~~~~~~~~~~~~~~~~~[m[K
compilation terminated.
gmake[2]: *** [CMakeFiles/mecha_control__rosidl_typesupport_cpp.dir/build.make:94: CMakeFiles/mecha_control__rosidl_typesupport_cpp.dir/rosidl_typesupport_cpp/mecha_control/msg/sensor_states__type_support.cpp.o] Error 1
gmake[1]: *** [CMakeFiles/Makefile2:395: CMakeFiles/mecha_control__rosidl_typesupport_cpp.dir/all] Error 2
In file included from [01m[K/ROS_ws/build/mecha_control/rosidl_typesupport_introspection_cpp/mecha_control/msg/detail/sensor_states__type_support.cpp:12[m[K:
[01m[K/ROS_ws/build/mecha_control/rosidl_generator_cpp/mecha_control/msg/detail/sensor_states__struct.hpp:20:10:[m[K [01;31m[Kfatal error: [m[Kstd_msgs/msg/detail/header__struct.hpp: No such file or directory
   20 | #include [01;31m[K"std_msgs/msg/detail/header__struct.hpp"[m[K
      |          [01;31m[K^~~~~~~~~~~~~~~~~~~~~~~~~~~~~~~~~~~~~~~~[m[K
compilation terminated.
gmake[2]: *** [CMakeFiles/mecha_control__rosidl_typesupport_introspection_cpp.dir/build.make:105: CMakeFiles/mecha_control__rosidl_typesupport_introspection_cpp.dir/rosidl_typesupport_introspection_cpp/mecha_control/msg/detail/sensor_states__type_support.cpp.o] Error 1
gmake[1]: *** [CMakeFiles/Makefile2:369: CMakeFiles/mecha_control__rosidl_typesupport_introspection_cpp.dir/all] Error 2
running egg_info
writing mecha_control.egg-info/PKG-INFO
writing dependency_links to mecha_control.egg-info/dependency_links.txt
writing top-level names to mecha_control.egg-info/top_level.txt
reading manifest file 'mecha_control.egg-info/SOURCES.txt'
writing manifest file 'mecha_control.egg-info/SOURCES.txt'
[ 10%] Built target ament_cmake_python_build_mecha_control_egg
gmake: *** [Makefile:146: all] Error 2
