[0.012s] Invoking command in '/ROS_ws/build/mecha_control': CMAKE_PREFIX_PATH=${CMAKE_PREFIX_PATH}:/opt/ros/humble /usr/bin/cmake --build /ROS_ws/build/mecha_control -- -j12 -l12
[0.036s] [35m[1mConsolidate compiler generated dependencies of target mecha_control__rosidl_generator_c[0m
[0.042s] [  2%] Built target mecha_control__cpp
[0.044s] [  4%] [32mBuilding C object CMakeFiles/mecha_control__rosidl_generator_c.dir/rosidl_generator_c/mecha_control/msg/detail/sensor_states__functions.c.o[0m
[0.047s] [  4%] Built target ament_cmake_python_copy_mecha_control
[0.049s] [35m[1mConsolidate compiler generated dependencies of target mecha_control__rosidl_typesupport_introspection_cpp[0m
[0.050s] [35m[1mConsolidate compiler generated dependencies of target mecha_control__rosidl_typesupport_fastrtps_cpp[0m
[0.050s] [35m[1mConsolidate compiler generated dependencies of target mecha_control__rosidl_typesupport_cpp[0m
[0.055s] In file included from [01m[K/ROS_ws/build/mecha_control/rosidl_generator_c/mecha_control/msg/detail/sensor_states__functions.h:19[m[K,
[0.055s]                  from [01m[K/ROS_ws/build/mecha_control/rosidl_generator_c/mecha_control/msg/detail/sensor_states__functions.c:4[m[K:
[0.055s] [01m[K/ROS_ws/build/mecha_control/rosidl_generator_c/mecha_control/msg/detail/sensor_states__struct.h:23:10:[m[K [01;31m[Kfatal error: [m[Kstd_msgs/msg/detail/header__struct.h: No such file or directory
[0.055s]    23 | #include [01;31m[K"std_msgs/msg/detail/header__struct.h"[m[K
[0.055s]       |          [01;31m[K^~~~~~~~~~~~~~~~~~~~~~~~~~~~~~~~~~~~~~[m[K
[0.055s] compilation terminated.
[0.056s] gmake[2]: *** [CMakeFiles/mecha_control__rosidl_generator_c.dir/build.make:137: CMakeFiles/mecha_control__rosidl_generator_c.dir/rosidl_generator_c/mecha_control/msg/detail/sensor_states__functions.c.o] Error 1
[0.056s] gmake[1]: *** [CMakeFiles/Makefile2:213: CMakeFiles/mecha_control__rosidl_generator_c.dir/all] Error 2
[0.057s] gmake[1]: *** Waiting for unfinished jobs....
[0.060s] [  6%] [32mBuilding CXX object CMakeFiles/mecha_control__rosidl_typesupport_cpp.dir/rosidl_typesupport_cpp/mecha_control/msg/sensor_states__type_support.cpp.o[0m
[0.062s] [  8%] [32mBuilding CXX object CMakeFiles/mecha_control__rosidl_typesupport_fastrtps_cpp.dir/rosidl_typesupport_fastrtps_cpp/mecha_control/msg/detail/dds_fastrtps/sensor_states__type_support.cpp.o[0m
[0.065s] [ 10%] [32mBuilding CXX object CMakeFiles/mecha_control__rosidl_typesupport_introspection_cpp.dir/rosidl_typesupport_introspection_cpp/mecha_control/msg/detail/sensor_states__type_support.cpp.o[0m
[0.097s] In file included from [01m[K/ROS_ws/build/mecha_control/rosidl_typesupport_fastrtps_cpp/mecha_control/msg/detail/sensor_states__rosidl_typesupport_fastrtps_cpp.hpp:11[m[K,
[0.097s]                  from [01m[K/ROS_ws/build/mecha_control/rosidl_typesupport_fastrtps_cpp/mecha_control/msg/detail/dds_fastrtps/sensor_states__type_support.cpp:4[m[K:
[0.097s] [01m[K/ROS_ws/build/mecha_control/rosidl_generator_cpp/mecha_control/msg/detail/sensor_states__struct.hpp:20:10:[m[K [01;31m[Kfatal error: [m[Kstd_msgs/msg/detail/header__struct.hpp: No such file or directory
[0.098s]    20 | #include [01;31m[K"std_msgs/msg/detail/header__struct.hpp"[m[K
[0.098s]       |          [01;31m[K^~~~~~~~~~~~~~~~~~~~~~~~~~~~~~~~~~~~~~~~[m[K
[0.098s] compilation terminated.
[0.098s] gmake[2]: *** [CMakeFiles/mecha_control__rosidl_typesupport_fastrtps_cpp.dir/build.make:105: CMakeFiles/mecha_control__rosidl_typesupport_fastrtps_cpp.dir/rosidl_typesupport_fastrtps_cpp/mecha_control/msg/detail/dds_fastrtps/sensor_states__type_support.cpp.o] Error 1
[0.098s] gmake[1]: *** [CMakeFiles/Makefile2:291: CMakeFiles/mecha_control__rosidl_typesupport_fastrtps_cpp.dir/all] Error 2
[0.109s] In file included from [01m[K/ROS_ws/build/mecha_control/rosidl_typesupport_cpp/mecha_control/msg/sensor_states__type_support.cpp:7[m[K:
[0.110s] [01m[K/ROS_ws/build/mecha_control/rosidl_generator_cpp/mecha_control/msg/detail/sensor_states__struct.hpp:20:10:[m[K [01;31m[Kfatal error: [m[Kstd_msgs/msg/detail/header__struct.hpp: No such file or directory
[0.110s]    20 | #include [01;31m[K"std_msgs/msg/detail/header__struct.hpp"[m[K
[0.110s]       |          [01;31m[K^~~~~~~~~~~~~~~~~~~~~~~~~~~~~~~~~~~~~~~~[m[K
[0.110s] compilation terminated.
[0.110s] gmake[2]: *** [CMakeFiles/mecha_control__rosidl_typesupport_cpp.dir/build.make:94: CMakeFiles/mecha_control__rosidl_typesupport_cpp.dir/rosidl_typesupport_cpp/mecha_control/msg/sensor_states__type_support.cpp.o] Error 1
[0.111s] gmake[1]: *** [CMakeFiles/Makefile2:395: CMakeFiles/mecha_control__rosidl_typesupport_cpp.dir/all] Error 2
[0.116s] In file included from [01m[K/ROS_ws/build/mecha_control/rosidl_typesupport_introspection_cpp/mecha_control/msg/detail/sensor_states__type_support.cpp:12[m[K:
[0.116s] [01m[K/ROS_ws/build/mecha_control/rosidl_generator_cpp/mecha_control/msg/detail/sensor_states__struct.hpp:20:10:[m[K [01;31m[Kfatal error: [m[Kstd_msgs/msg/detail/header__struct.hpp: No such file or directory
[0.117s]    20 | #include [01;31m[K"std_msgs/msg/detail/header__struct.hpp"[m[K
[0.117s]       |          [01;31m[K^~~~~~~~~~~~~~~~~~~~~~~~~~~~~~~~~~~~~~~~[m[K
[0.117s] compilation terminated.
[0.118s] gmake[2]: *** [CMakeFiles/mecha_control__rosidl_typesupport_introspection_cpp.dir/build.make:105: CMakeFiles/mecha_control__rosidl_typesupport_introspection_cpp.dir/rosidl_typesupport_introspection_cpp/mecha_control/msg/detail/sensor_states__type_support.cpp.o] Error 1
[0.118s] gmake[1]: *** [CMakeFiles/Makefile2:369: CMakeFiles/mecha_control__rosidl_typesupport_introspection_cpp.dir/all] Error 2
[0.191s] running egg_info
[0.192s] writing mecha_control.egg-info/PKG-INFO
[0.192s] writing dependency_links to mecha_control.egg-info/dependency_links.txt
[0.192s] writing top-level names to mecha_control.egg-info/top_level.txt
[0.193s] reading manifest file 'mecha_control.egg-info/SOURCES.txt'
[0.193s] writing manifest file 'mecha_control.egg-info/SOURCES.txt'
[0.209s] [ 10%] Built target ament_cmake_python_build_mecha_control_egg
[0.210s] gmake: *** [Makefile:146: all] Error 2
[0.211s] Invoked command in '/ROS_ws/build/mecha_control' returned '2': CMAKE_PREFIX_PATH=${CMAKE_PREFIX_PATH}:/opt/ros/humble /usr/bin/cmake --build /ROS_ws/build/mecha_control -- -j12 -l12
