[0.041s] Invoking command in '/ROS_ws/build/mecha_control': CMAKE_PREFIX_PATH=${CMAKE_PREFIX_PATH}:/ROS_ws/install/calc_vel:/opt/ros/humble /usr/bin/cmake --build /ROS_ws/build/mecha_control -- -j12 -l12
[0.195s] -- Found ament_cmake: 1.3.3 (/opt/ros/humble/share/ament_cmake/cmake)
[0.196s] -- Found rclcpp: 16.0.3 (/opt/ros/humble/share/rclcpp/cmake)
[0.196s] -- Found rosidl_generator_c: 3.1.4 (/opt/ros/humble/share/rosidl_generator_c/cmake)
[0.196s] -- Found rosidl_adapter: 3.1.4 (/opt/ros/humble/share/rosidl_adapter/cmake)
[0.196s] -- Found rosidl_generator_cpp: 3.1.4 (/opt/ros/humble/share/rosidl_generator_cpp/cmake)
[0.196s] -- Using all available rosidl_typesupport_c: rosidl_typesupport_fastrtps_c;rosidl_typesupport_introspection_c
[0.197s] -- Using all available rosidl_typesupport_cpp: rosidl_typesupport_fastrtps_cpp;rosidl_typesupport_introspection_cpp
[0.255s] -- Found rmw_implementation_cmake: 6.1.1 (/opt/ros/humble/share/rmw_implementation_cmake/cmake)
[0.256s] -- Found rmw_fastrtps_cpp: 6.2.2 (/opt/ros/humble/share/rmw_fastrtps_cpp/cmake)
[0.367s] -- Using RMW implementation 'rmw_fastrtps_cpp' as default
[0.471s] -- Found rclcpp_action: 16.0.3 (/opt/ros/humble/share/rclcpp_action/cmake)
[0.539s] -- Found rclpy: 3.3.7 (/opt/ros/humble/share/rclpy/cmake)
[0.539s] -- Found geometry_msgs: 4.2.3 (/opt/ros/humble/share/geometry_msgs/cmake)
[0.572s] -- Found rosidl_default_generators: 1.2.0 (/opt/ros/humble/share/rosidl_default_generators/cmake)
[0.768s] -- Found ament_cmake_ros: 0.10.0 (/opt/ros/humble/share/ament_cmake_ros/cmake)
[0.966s] -- Using all available rosidl_typesupport_c: rosidl_typesupport_fastrtps_c;rosidl_typesupport_introspection_c
[1.043s] -- Using all available rosidl_typesupport_cpp: rosidl_typesupport_fastrtps_cpp;rosidl_typesupport_introspection_cpp
[1.058s] -- Found python_cmake_module: 0.10.0 (/opt/ros/humble/share/python_cmake_module/cmake)
[1.073s] -- Using PYTHON_EXECUTABLE: /usr/bin/python3
[1.073s] -- Using PYTHON_INCLUDE_DIRS: /usr/include/python3.10
[1.073s] -- Using PYTHON_LIBRARIES: /usr/lib/x86_64-linux-gnu/libpython3.10.so
[1.088s] -- Found mecha_control: 0.0.0 (/ROS_ws/install/mecha_control/share/mecha_control/cmake)
[1.118s] -- Found std_srvs: 4.2.3 (/opt/ros/humble/share/std_srvs/cmake)
[1.134s] -- Found ament_lint_auto: 0.12.5 (/opt/ros/humble/share/ament_lint_auto/cmake)
[1.142s] -- Added test 'cppcheck' to perform static code analysis on C / C++ code
[1.142s] -- Configured cppcheck include dirs: 
[1.142s] -- Configured cppcheck exclude dirs and/or files: 
[1.143s] -- Added test 'flake8' to check Python code syntax and style conventions
[1.144s] -- Added test 'lint_cmake' to check CMake code style
[1.144s] -- Added test 'pep257' to check Python code against some of the docstring style conventions in PEP 257
[1.145s] -- Added test 'uncrustify' to check C / C++ code style
[1.145s] -- Configured uncrustify additional arguments: 
[1.146s] -- Added test 'xmllint' to check XML markup files
[1.147s] -- Configuring done
[1.182s] [33mCMake Warning at CMakeLists.txt:37 (add_executable):
[1.182s]   Cannot generate a safe runtime search path for target cmd_seq because there
[1.182s]   is a cycle in the constraint graph:
[1.182s] 
[1.182s]     dir 0 is [/opt/ros/humble/lib]
[1.182s]     dir 1 is [/ROS_ws/install/mecha_control/lib]
[1.182s]       dir 2 must precede it due to runtime library [libmecha_control__rosidl_typesupport_introspection_c.so]
[1.182s]     dir 2 is [/ROS_ws/build/mecha_control]
[1.182s]       dir 1 must precede it due to runtime library [libmecha_control__rosidl_typesupport_fastrtps_c.so]
[1.182s] 
[1.182s]   Some of these libraries may not be found correctly.
[1.182s] 
[1.182s] [0m
[1.187s] -- Generating done
[1.190s] -- Build files have been written to: /ROS_ws/build/mecha_control
[1.208s] [35m[1mConsolidate compiler generated dependencies of target mecha_control__rosidl_generator_c[0m
[1.214s] [  1%] Built target mecha_control__cpp
[1.216s] [ 12%] Built target mecha_control__rosidl_generator_c
[1.220s] [ 12%] Built target ament_cmake_python_copy_mecha_control
[1.221s] [35m[1mConsolidate compiler generated dependencies of target mecha_control__rosidl_typesupport_cpp[0m
[1.222s] [35m[1mConsolidate compiler generated dependencies of target mecha_control__rosidl_typesupport_fastrtps_cpp[0m
[1.223s] [35m[1mConsolidate compiler generated dependencies of target mecha_control__rosidl_typesupport_introspection_cpp[0m
[1.224s] [35m[1mConsolidate compiler generated dependencies of target mecha_control__rosidl_typesupport_c[0m
[1.224s] [35m[1mConsolidate compiler generated dependencies of target mecha_control__rosidl_typesupport_introspection_c[0m
[1.225s] [35m[1mConsolidate compiler generated dependencies of target mecha_control__rosidl_typesupport_fastrtps_c[0m
[1.234s] [ 23%] Built target mecha_control__rosidl_typesupport_introspection_c
[1.235s] [ 35%] Built target mecha_control__rosidl_typesupport_c
[1.236s] [ 56%] Built target mecha_control__rosidl_typesupport_fastrtps_cpp
[1.236s] [ 57%] Built target mecha_control__rosidl_typesupport_cpp
[1.238s] [ 69%] Built target mecha_control__rosidl_typesupport_introspection_cpp
[1.240s] [ 80%] Built target mecha_control__rosidl_typesupport_fastrtps_c
[1.244s] [35m[1mConsolidate compiler generated dependencies of target cmd_seq[0m
[1.250s] [ 80%] Built target mecha_control
[1.254s] [ 81%] [32mBuilding CXX object CMakeFiles/cmd_seq.dir/src/cmd_seq.cpp.o[0m
[1.262s] [ 82%] Built target mecha_control__py
[1.268s] [35m[1mConsolidate compiler generated dependencies of target mecha_control__rosidl_generator_py[0m
[1.279s] [ 92%] Built target mecha_control__rosidl_generator_py
[1.286s] [35m[1mConsolidate compiler generated dependencies of target mecha_control__rosidl_typesupport_fastrtps_c__pyext[0m
[1.287s] [35m[1mConsolidate compiler generated dependencies of target mecha_control__rosidl_typesupport_c__pyext[0m
[1.287s] [35m[1mConsolidate compiler generated dependencies of target mecha_control__rosidl_typesupport_introspection_c__pyext[0m
[1.293s] [ 94%] Built target mecha_control__rosidl_typesupport_fastrtps_c__pyext
[1.296s] [ 96%] Built target mecha_control__rosidl_typesupport_c__pyext
[1.297s] [ 98%] Built target mecha_control__rosidl_typesupport_introspection_c__pyext
[1.351s] running egg_info
[1.351s] writing mecha_control.egg-info/PKG-INFO
[1.351s] writing dependency_links to mecha_control.egg-info/dependency_links.txt
[1.351s] writing top-level names to mecha_control.egg-info/top_level.txt
[1.353s] reading manifest file 'mecha_control.egg-info/SOURCES.txt'
[1.353s] writing manifest file 'mecha_control.egg-info/SOURCES.txt'
[1.368s] [ 98%] Built target ament_cmake_python_build_mecha_control_egg
[2.628s] [01m[K/ROS_ws/src/mecha_control/src/cmd_seq.cpp:45:9:[m[K [01;31m[Kerror: [m[Kâ€˜[01m[Kbonbori_service[m[Kâ€™ does not name a type
[2.628s]    45 |         [01;31m[Kbonbori_service[m[K = this->create_service<std_srvs::srv::SetBool>(
[2.628s]       |         [01;31m[K^~~~~~~~~~~~~~~[m[K
[2.628s] In file included from [01m[K/opt/ros/humble/include/rclcpp/rclcpp/client.hpp:40[m[K,
[2.628s]                  from [01m[K/opt/ros/humble/include/rclcpp/rclcpp/callback_group.hpp:24[m[K,
[2.628s]                  from [01m[K/opt/ros/humble/include/rclcpp/rclcpp/any_executable.hpp:20[m[K,
[2.628s]                  from [01m[K/opt/ros/humble/include/rclcpp/rclcpp/memory_strategy.hpp:25[m[K,
[2.628s]                  from [01m[K/opt/ros/humble/include/rclcpp/rclcpp/memory_strategies.hpp:18[m[K,
[2.628s]                  from [01m[K/opt/ros/humble/include/rclcpp/rclcpp/executor_options.hpp:20[m[K,
[2.628s]                  from [01m[K/opt/ros/humble/include/rclcpp/rclcpp/executor.hpp:37[m[K,
[2.628s]                  from [01m[K/opt/ros/humble/include/rclcpp/rclcpp/executors/multi_threaded_executor.hpp:25[m[K,
[2.628s]                  from [01m[K/opt/ros/humble/include/rclcpp/rclcpp/executors.hpp:21[m[K,
[2.628s]                  from [01m[K/opt/ros/humble/include/rclcpp/rclcpp/rclcpp.hpp:155[m[K,
[2.628s]                  from [01m[K/ROS_ws/src/mecha_control/src/cmd_seq.cpp:1[m[K:
[2.628s] [01m[K/ROS_ws/src/mecha_control/src/cmd_seq.cpp:47:9:[m[K [01;31m[Kerror: [m[Kexpected unqualified-id before â€˜[01m[Kdo[m[Kâ€™
[2.628s]    47 |         [01;31m[KRCLCPP_INFO[m[K(this->get_logger(), "node started");
[2.628s]       |         [01;31m[K^~~~~~~~~~~[m[K
[2.628s] [01m[K/ROS_ws/src/mecha_control/src/cmd_seq.cpp:47:9:[m[K [01;31m[Kerror: [m[Kexpected unqualified-id before â€˜[01m[Kwhile[m[Kâ€™
[2.628s]    47 |         [01;31m[KRCLCPP_INFO[m[K(this->get_logger(), "node started");
[2.628s]       |         [01;31m[K^~~~~~~~~~~[m[K
[2.628s] [01m[K/ROS_ws/src/mecha_control/src/cmd_seq.cpp:48:6:[m[K [01;31m[Kerror: [m[Kexpected â€˜[01m[K;[m[Kâ€™ after class definition
[2.628s]    48 |     }
[2.628s]       |      [01;31m[K^[m[K
[2.628s]       |      [32m[K;[m[K
[2.632s] [01m[K/ROS_ws/src/mecha_control/src/cmd_seq.cpp:[m[K In constructor â€˜[01m[KMechSeqNode::MechSeqNode()[m[Kâ€™:
[2.632s] [01m[K/ROS_ws/src/mecha_control/src/cmd_seq.cpp:24:9:[m[K [01;31m[Kerror: [m[Kâ€˜[01m[Kdaiza_pub[m[Kâ€™ was not declared in this scope
[2.632s]    24 |         [01;31m[Kdaiza_pub[m[K = create_publisher<mecha_control::msg::ActuatorCommands>("daiza_clamp", 10);
[2.632s]       |         [01;31m[K^~~~~~~~~[m[K
[2.639s] [01m[K/ROS_ws/src/mecha_control/src/cmd_seq.cpp:25:9:[m[K [01;31m[Kerror: [m[Kâ€˜[01m[Khina_pub[m[Kâ€™ was not declared in this scope
[2.639s]    25 |         [01;31m[Khina_pub[m[K = create_publisher<mecha_control::msg::ActuatorCommands>("hina_dastpan", 10);
[2.639s]       |         [01;31m[K^~~~~~~~[m[K
[2.645s] [01m[K/ROS_ws/src/mecha_control/src/cmd_seq.cpp:26:9:[m[K [01;31m[Kerror: [m[Kâ€˜[01m[Kdaiza_controller[m[Kâ€™ was not declared in this scope
[2.645s]    26 |         [01;31m[Kdaiza_controller[m[K = std::thread(&MechSeqNode::daiza_controll, this);
[2.645s]       |         [01;31m[K^~~~~~~~~~~~~~~~[m[K
[2.645s] [01m[K/ROS_ws/src/mecha_control/src/cmd_seq.cpp:26:54:[m[K [01;31m[Kerror: [m[Kâ€˜[01m[Kdaiza_controll[m[Kâ€™ is not a member of â€˜[01m[KMechSeqNode[m[Kâ€™
[2.645s]    26 |         daiza_controller = std::thread(&MechSeqNode::[01;31m[Kdaiza_controll[m[K, this);
[2.645s]       |                                                      [01;31m[K^~~~~~~~~~~~~~[m[K
[2.651s] [01m[K/ROS_ws/src/mecha_control/src/cmd_seq.cpp:29:9:[m[K [01;31m[Kerror: [m[Kâ€˜[01m[Kdaiza_sensor_sub[m[Kâ€™ was not declared in this scope
[2.651s]    29 |         [01;31m[Kdaiza_sensor_sub[m[K = create_subscription<mecha_control::msg::SensorStates>(
[2.651s]       |         [01;31m[K^~~~~~~~~~~~~~~~[m[K
[2.651s] [01m[K/ROS_ws/src/mecha_control/src/cmd_seq.cpp:30:56:[m[K [01;31m[Kerror: [m[Kâ€˜[01m[Kdaiza_sensor_callback[m[Kâ€™ is not a member of â€˜[01m[KMechSeqNode[m[Kâ€™
[2.651s]    30 |             "daiza_state", 10, std::bind(&MechSeqNode::[01;31m[Kdaiza_sensor_callback[m[K, this, std::placeholders::_1));
[2.651s]       |                                                        [01;31m[K^~~~~~~~~~~~~~~~~~~~~[m[K
[2.656s] [01m[K/ROS_ws/src/mecha_control/src/cmd_seq.cpp:31:9:[m[K [01;31m[Kerror: [m[Kâ€˜[01m[Khina_sensor_sub[m[Kâ€™ was not declared in this scope
[2.656s]    31 |         [01;31m[Khina_sensor_sub[m[K = create_subscription<mecha_control::msg::SensorStates>(
[2.657s]       |         [01;31m[K^~~~~~~~~~~~~~~[m[K
[2.657s] [01m[K/ROS_ws/src/mecha_control/src/cmd_seq.cpp:32:55:[m[K [01;31m[Kerror: [m[Kâ€˜[01m[Khina_sensor_callback[m[Kâ€™ is not a member of â€˜[01m[KMechSeqNode[m[Kâ€™
[2.657s]    32 |             "hina_state", 10, std::bind(&MechSeqNode::[01;31m[Khina_sensor_callback[m[K, this, std::placeholders::_1));
[2.657s]       |                                                       [01;31m[K^~~~~~~~~~~~~~~~~~~~[m[K
[2.657s] [01m[K/ROS_ws/src/mecha_control/src/cmd_seq.cpp:38:15:[m[K [01;31m[Kerror: [m[Kâ€˜[01m[Kclass MechSeqNode[m[Kâ€™ has no member named â€˜[01m[Kdaiza_action_server[m[Kâ€™
[2.657s]    38 |         this->[01;31m[Kdaiza_action_server[m[K = rclcpp_action::create_server<DaizaCmd>(
[2.657s]       |               [01;31m[K^~~~~~~~~~~~~~~~~~~[m[K
[2.657s] [01m[K/ROS_ws/src/mecha_control/src/cmd_seq.cpp:41:37:[m[K [01;31m[Kerror: [m[Kâ€˜[01m[Kdaiza_handle_goal[m[Kâ€™ is not a member of â€˜[01m[KMechSeqNode[m[Kâ€™
[2.657s]    41 |             std::bind(&MechSeqNode::[01;31m[Kdaiza_handle_goal[m[K, this, _1, _2),
[2.657s]       |                                     [01;31m[K^~~~~~~~~~~~~~~~~[m[K
[2.657s] [01m[K/ROS_ws/src/mecha_control/src/cmd_seq.cpp:42:37:[m[K [01;31m[Kerror: [m[Kâ€˜[01m[Kdaiza_handle_cancel[m[Kâ€™ is not a member of â€˜[01m[KMechSeqNode[m[Kâ€™
[2.657s]    42 |             std::bind(&MechSeqNode::[01;31m[Kdaiza_handle_cancel[m[K, this, _1),
[2.657s]       |                                     [01;31m[K^~~~~~~~~~~~~~~~~~~[m[K
[2.657s] [01m[K/ROS_ws/src/mecha_control/src/cmd_seq.cpp:43:37:[m[K [01;31m[Kerror: [m[Kâ€˜[01m[Kdaiza_handle_accepted[m[Kâ€™ is not a member of â€˜[01m[KMechSeqNode[m[Kâ€™
[2.657s]    43 |             std::bind(&MechSeqNode::[01;31m[Kdaiza_handle_accepted[m[K, this, _1));
[2.657s]       |                                     [01;31m[K^~~~~~~~~~~~~~~~~~~~~[m[K
[2.657s] [01m[K/ROS_ws/src/mecha_control/src/cmd_seq.cpp:[m[K At global scope:
[2.657s] [01m[K/ROS_ws/src/mecha_control/src/cmd_seq.cpp:50:1:[m[K [01;31m[Kerror: [m[Kexpected unqualified-id before â€˜[01m[Kprivate[m[Kâ€™
[2.657s]    50 | [01;31m[Kprivate[m[K:
[2.657s]       | [01;31m[K^~~~~~~[m[K
[2.696s] [01m[K/ROS_ws/src/mecha_control/src/cmd_seq.cpp:77:39:[m[K [01;31m[Kerror: [m[KISO C++ forbids declaration of â€˜[01m[Ktype name[m[Kâ€™ with no type [[01;31m[K-fpermissive[m[K]
[2.696s]    77 |         std::shared_ptr<const DaizaCmd[01;31m[K::[m[KGoal> goal)
[2.696s]       |                                       [01;31m[K^~[m[K
[2.696s] [01m[K/ROS_ws/src/mecha_control/src/cmd_seq.cpp:77:45:[m[K [01;31m[Kerror: [m[Ktemplate argument 1 is invalid
[2.696s]    77 |         std::shared_ptr<const DaizaCmd::Goal[01;31m[K>[m[K goal)
[2.696s]       |                                             [01;31m[K^[m[K
[2.696s] [01m[K/ROS_ws/src/mecha_control/src/cmd_seq.cpp:77:39:[m[K [01;31m[Kerror: [m[KISO C++ forbids declaration of â€˜[01m[Ktype name[m[Kâ€™ with no type [[01;31m[K-fpermissive[m[K]
[2.696s]    77 |         std::shared_ptr<const DaizaCmd[01;31m[K::[m[KGoal> goal)
[2.696s]       |                                       [01;31m[K^~[m[K
[2.696s] [01m[K/ROS_ws/src/mecha_control/src/cmd_seq.cpp:77:45:[m[K [01;31m[Kerror: [m[Ktemplate argument 1 is invalid
[2.696s]    77 |         std::shared_ptr<const DaizaCmd::Goal[01;31m[K>[m[K goal)
[2.696s]       |                                             [01;31m[K^[m[K
[2.696s] [01m[K/ROS_ws/src/mecha_control/src/cmd_seq.cpp:77:39:[m[K [01;31m[Kerror: [m[KISO C++ forbids declaration of â€˜[01m[Ktype name[m[Kâ€™ with no type [[01;31m[K-fpermissive[m[K]
[2.696s]    77 |         std::shared_ptr<const DaizaCmd[01;31m[K::[m[KGoal> goal)
[2.696s]       |                                       [01;31m[K^~[m[K
[2.696s] [01m[K/ROS_ws/src/mecha_control/src/cmd_seq.cpp:77:45:[m[K [01;31m[Kerror: [m[Ktemplate argument 1 is invalid
[2.696s]    77 |         std::shared_ptr<const DaizaCmd::Goal[01;31m[K>[m[K goal)
[2.696s]       |                                             [01;31m[K^[m[K
[2.696s] [01m[K/ROS_ws/src/mecha_control/src/cmd_seq.cpp:77:9:[m[K [01;31m[Kerror: [m[Kinvalid template-id
[2.696s]    77 |         [01;31m[Kstd[m[K::shared_ptr<const DaizaCmd::Goal> goal)
[2.696s]       |         [01;31m[K^~~[m[K
[2.696s] [01m[K/ROS_ws/src/mecha_control/src/cmd_seq.cpp:77:39:[m[K [01;31m[Kerror: [m[KISO C++ forbids declaration of â€˜[01m[Ktype name[m[Kâ€™ with no type [[01;31m[K-fpermissive[m[K]
[2.696s]    77 |         std::shared_ptr<const DaizaCmd[01;31m[K::[m[KGoal> goal)
[2.697s]       |                                       [01;31m[K^~[m[K
[2.697s] [01m[K/ROS_ws/src/mecha_control/src/cmd_seq.cpp:77:25:[m[K [01;31m[Kerror: [m[Kexpected primary-expression before â€˜[01m[Kconst[m[Kâ€™
[2.697s]    77 |         std::shared_ptr<[01;31m[Kconst[m[K DaizaCmd::Goal> goal)
[2.697s]       |                         [01;31m[K^~~~~[m[K
[2.697s] [01m[K/ROS_ws/src/mecha_control/src/cmd_seq.cpp:77:25:[m[K [01;31m[Kerror: [m[Kexpected â€˜[01m[K>[m[Kâ€™ before â€˜[01m[Kconst[m[Kâ€™
[2.697s] [01m[K/ROS_ws/src/mecha_control/src/cmd_seq.cpp:77:9:[m[K [01;31m[Kerror: [m[Kclass template placeholder â€˜[01m[Kstd::shared_ptr[m[Kâ€™ not permitted in this context
[2.697s]    77 |         [01;31m[Kstd[m[K::shared_ptr<const DaizaCmd::Goal> goal)
[2.697s]       |         [01;31m[K^~~[m[K
[2.697s] In file included from [01m[K/opt/ros/humble/include/rclcpp/rclcpp/client.hpp:40[m[K,
[2.697s]                  from [01m[K/opt/ros/humble/include/rclcpp/rclcpp/callback_group.hpp:24[m[K,
[2.697s]                  from [01m[K/opt/ros/humble/include/rclcpp/rclcpp/any_executable.hpp:20[m[K,
[2.697s]                  from [01m[K/opt/ros/humble/include/rclcpp/rclcpp/memory_strategy.hpp:25[m[K,
[2.697s]                  from [01m[K/opt/ros/humble/include/rclcpp/rclcpp/memory_strategies.hpp:18[m[K,
[2.697s]                  from [01m[K/opt/ros/humble/include/rclcpp/rclcpp/executor_options.hpp:20[m[K,
[2.697s]                  from [01m[K/opt/ros/humble/include/rclcpp/rclcpp/executor.hpp:37[m[K,
[2.697s]                  from [01m[K/opt/ros/humble/include/rclcpp/rclcpp/executors/multi_threaded_executor.hpp:25[m[K,
[2.697s]                  from [01m[K/opt/ros/humble/include/rclcpp/rclcpp/executors.hpp:21[m[K,
[2.697s]                  from [01m[K/opt/ros/humble/include/rclcpp/rclcpp/rclcpp.hpp:155[m[K,
[2.697s]                  from [01m[K/ROS_ws/src/mecha_control/src/cmd_seq.cpp:1[m[K:
[2.697s] [01m[K/ROS_ws/src/mecha_control/src/cmd_seq.cpp:[m[K In function â€˜[01m[Krclcpp_action::GoalResponse daiza_handle_goal(...)[m[Kâ€™:
[2.697s] [01m[K/ROS_ws/src/mecha_control/src/cmd_seq.cpp:79:21:[m[K [01;31m[Kerror: [m[Kinvalid use of â€˜[01m[Kthis[m[Kâ€™ in non-member function
[2.697s]    79 |         RCLCPP_INFO([01;31m[Kthis[m[K->get_logger(), "Received goal request with order %d", goal->command);
[2.697s]       |                     [01;31m[K^~~~[m[K
[2.697s] [01m[K/ROS_ws/src/mecha_control/src/cmd_seq.cpp:79:21:[m[K [01;31m[Kerror: [m[Kinvalid use of â€˜[01m[Kthis[m[Kâ€™ in non-member function
[2.697s] [01m[K/ROS_ws/src/mecha_control/src/cmd_seq.cpp:79:9:[m[K [01;31m[Kerror: [m[Ktemplate argument 1 is invalid
[2.697s]    79 |         [01;31m[KRCLCPP_INFO[m[K(this->get_logger(), "Received goal request with order %d", goal->command);
[2.697s]       |         [01;31m[K^~~~~~~~~~~[m[K
[2.697s] [01m[K/ROS_ws/src/mecha_control/src/cmd_seq.cpp:79:9:[m[K [01;31m[Kerror: [m[Kâ€˜[01m[K<declaration error>[m[Kâ€™ is not a template [[01;31m[K-fpermissive[m[K]
[2.697s]    79 |         [01;31m[KRCLCPP_INFO[m[K(this->get_logger(), "Received goal request with order %d", goal->command);
[2.697s]       |         [01;31m[K^~~~~~~~~~~[m[K
[2.697s] [01m[K/ROS_ws/src/mecha_control/src/cmd_seq.cpp:79:9:[m[K [01;31m[Kerror: [m[Ktemplate argument 1 is invalid
[2.697s]    79 |         [01;31m[KRCLCPP_INFO[m[K(this->get_logger(), "Received goal request with order %d", goal->command);
[2.697s]       |         [01;31m[K^~~~~~~~~~~[m[K
[2.697s] [01m[K/ROS_ws/src/mecha_control/src/cmd_seq.cpp:79:9:[m[K [01;31m[Kerror: [m[Kâ€˜[01m[K<declaration error>[m[Kâ€™ is not a template [[01;31m[K-fpermissive[m[K]
[2.697s]    79 |         [01;31m[KRCLCPP_INFO[m[K(this->get_logger(), "Received goal request with order %d", goal->command);
[2.697s]       |         [01;31m[K^~~~~~~~~~~[m[K
[2.697s] [01m[K/ROS_ws/src/mecha_control/src/cmd_seq.cpp:79:9:[m[K [01;31m[Kerror: [m[Ktemplate argument 1 is invalid
[2.697s]    79 |         [01;31m[KRCLCPP_INFO[m[K(this->get_logger(), "Received goal request with order %d", goal->command);
[2.697s]       |         [01;31m[K^~~~~~~~~~~[m[K
[2.698s] In file included from [01m[K/opt/ros/humble/include/rclcpp/rclcpp/logging.hpp:24[m[K,
[2.698s]                  from [01m[K/opt/ros/humble/include/rclcpp/rclcpp/client.hpp:40[m[K,
[2.698s]                  from [01m[K/opt/ros/humble/include/rclcpp/rclcpp/callback_group.hpp:24[m[K,
[2.698s]                  from [01m[K/opt/ros/humble/include/rclcpp/rclcpp/any_executable.hpp:20[m[K,
[2.698s]                  from [01m[K/opt/ros/humble/include/rclcpp/rclcpp/memory_strategy.hpp:25[m[K,
[2.698s]                  from [01m[K/opt/ros/humble/include/rclcpp/rclcpp/memory_strategies.hpp:18[m[K,
[2.698s]                  from [01m[K/opt/ros/humble/include/rclcpp/rclcpp/executor_options.hpp:20[m[K,
[2.698s]                  from [01m[K/opt/ros/humble/include/rclcpp/rclcpp/executor.hpp:37[m[K,
[2.698s]                  from [01m[K/opt/ros/humble/include/rclcpp/rclcpp/executors/multi_threaded_executor.hpp:25[m[K,
[2.698s]                  from [01m[K/opt/ros/humble/include/rclcpp/rclcpp/executors.hpp:21[m[K,
[2.698s]                  from [01m[K/opt/ros/humble/include/rclcpp/rclcpp/rclcpp.hpp:155[m[K,
[2.698s]                  from [01m[K/ROS_ws/src/mecha_control/src/cmd_seq.cpp:1[m[K:
[2.698s] [01m[K/ROS_ws/src/mecha_control/src/cmd_seq.cpp:79:21:[m[K [01;31m[Kerror: [m[Kinvalid use of â€˜[01m[Kthis[m[Kâ€™ in non-member function
[2.698s]    79 |         RCLCPP_INFO([01;31m[Kthis[m[K->get_logger(), "Received goal request with order %d", goal->command);
[2.698s]       |                     [01;31m[K^~~~[m[K
[2.698s] [01m[K/ROS_ws/src/mecha_control/src/cmd_seq.cpp:79:21:[m[K [01;31m[Kerror: [m[Kinvalid use of â€˜[01m[Kthis[m[Kâ€™ in non-member function
[2.698s]    79 |         RCLCPP_INFO([01;31m[Kthis[m[K->get_logger(), "Received goal request with order %d", goal->command);
[2.698s]       |                     [01;31m[K^~~~[m[K
[2.698s] [01m[K/ROS_ws/src/mecha_control/src/cmd_seq.cpp:79:80:[m[K [01;31m[Kerror: [m[Kâ€˜[01m[Kgoal[m[Kâ€™ was not declared in this scope
[2.698s]    79 |         RCLCPP_INFO(this->get_logger(), "Received goal request with order %d", [01;31m[Kgoal[m[K->command);
[2.698s]       |                                                                                [01;31m[K^~~~[m[K
[2.702s] [01m[K/ROS_ws/src/mecha_control/src/cmd_seq.cpp:[m[K At global scope:
[2.702s] [01m[K/ROS_ws/src/mecha_control/src/cmd_seq.cpp:84:31:[m[K [01;31m[Kerror: [m[Kâ€˜[01m[KGoalHandleDaizaCmd[m[Kâ€™ was not declared in this scope
[2.702s]    84 |         const std::shared_ptr<[01;31m[KGoalHandleDaizaCmd[m[K> goal_handle)
[2.702s]       |                               [01;31m[K^~~~~~~~~~~~~~~~~~[m[K
[2.703s] [01m[K/ROS_ws/src/mecha_control/src/cmd_seq.cpp:84:49:[m[K [01;31m[Kerror: [m[Ktemplate argument 1 is invalid
[2.703s]    84 |         const std::shared_ptr<GoalHandleDaizaCmd[01;31m[K>[m[K goal_handle)
[2.703s]       |                                                 [01;31m[K^[m[K
[2.703s] In file included from [01m[K/opt/ros/humble/include/rclcpp/rclcpp/client.hpp:40[m[K,
[2.703s]                  from [01m[K/opt/ros/humble/include/rclcpp/rclcpp/callback_group.hpp:24[m[K,
[2.703s]                  from [01m[K/opt/ros/humble/include/rclcpp/rclcpp/any_executable.hpp:20[m[K,
[2.703s]                  from [01m[K/opt/ros/humble/include/rclcpp/rclcpp/memory_strategy.hpp:25[m[K,
[2.703s]                  from [01m[K/opt/ros/humble/include/rclcpp/rclcpp/memory_strategies.hpp:18[m[K,
[2.703s]                  from [01m[K/opt/ros/humble/include/rclcpp/rclcpp/executor_options.hpp:20[m[K,
[2.703s]                  from [01m[K/opt/ros/humble/include/rclcpp/rclcpp/executor.hpp:37[m[K,
[2.703s]                  from [01m[K/opt/ros/humble/include/rclcpp/rclcpp/executors/multi_threaded_executor.hpp:25[m[K,
[2.703s]                  from [01m[K/opt/ros/humble/include/rclcpp/rclcpp/executors.hpp:21[m[K,
[2.703s]                  from [01m[K/opt/ros/humble/include/rclcpp/rclcpp/rclcpp.hpp:155[m[K,
[2.703s]                  from [01m[K/ROS_ws/src/mecha_control/src/cmd_seq.cpp:1[m[K:
[2.703s] [01m[K/ROS_ws/src/mecha_control/src/cmd_seq.cpp:[m[K In function â€˜[01m[Krclcpp_action::CancelResponse daiza_handle_cancel(int)[m[Kâ€™:
[2.703s] [01m[K/ROS_ws/src/mecha_control/src/cmd_seq.cpp:86:21:[m[K [01;31m[Kerror: [m[Kinvalid use of â€˜[01m[Kthis[m[Kâ€™ in non-member function
[2.703s]    86 |         RCLCPP_INFO([01;31m[Kthis[m[K->get_logger(), "Received request to cancel goal");
[2.703s]       |                     [01;31m[K^~~~[m[K
[2.703s] [01m[K/ROS_ws/src/mecha_control/src/cmd_seq.cpp:86:21:[m[K [01;31m[Kerror: [m[Kinvalid use of â€˜[01m[Kthis[m[Kâ€™ in non-member function
[2.703s] [01m[K/ROS_ws/src/mecha_control/src/cmd_seq.cpp:86:9:[m[K [01;31m[Kerror: [m[Ktemplate argument 1 is invalid
[2.703s]    86 |         [01;31m[KRCLCPP_INFO[m[K(this->get_logger(), "Received request to cancel goal");
[2.703s]       |         [01;31m[K^~~~~~~~~~~[m[K
[2.703s] [01m[K/ROS_ws/src/mecha_control/src/cmd_seq.cpp:86:9:[m[K [01;31m[Kerror: [m[Kâ€˜[01m[K<declaration error>[m[Kâ€™ is not a template [[01;31m[K-fpermissive[m[K]
[2.703s]    86 |         [01;31m[KRCLCPP_INFO[m[K(this->get_logger(), "Received request to cancel goal");
[2.703s]       |         [01;31m[K^~~~~~~~~~~[m[K
[2.703s] [01m[K/ROS_ws/src/mecha_control/src/cmd_seq.cpp:86:9:[m[K [01;31m[Kerror: [m[Ktemplate argument 1 is invalid
[2.703s]    86 |         [01;31m[KRCLCPP_INFO[m[K(this->get_logger(), "Received request to cancel goal");
[2.703s]       |         [01;31m[K^~~~~~~~~~~[m[K
[2.703s] [01m[K/ROS_ws/src/mecha_control/src/cmd_seq.cpp:86:9:[m[K [01;31m[Kerror: [m[Kâ€˜[01m[K<declaration error>[m[Kâ€™ is not a template [[01;31m[K-fpermissive[m[K]
[2.703s]    86 |         [01;31m[KRCLCPP_INFO[m[K(this->get_logger(), "Received request to cancel goal");
[2.703s]       |         [01;31m[K^~~~~~~~~~~[m[K
[2.703s] [01m[K/ROS_ws/src/mecha_control/src/cmd_seq.cpp:86:9:[m[K [01;31m[Kerror: [m[Ktemplate argument 1 is invalid
[2.703s]    86 |         [01;31m[KRCLCPP_INFO[m[K(this->get_logger(), "Received request to cancel goal");
[2.703s]       |         [01;31m[K^~~~~~~~~~~[m[K
[2.703s] In file included from [01m[K/opt/ros/humble/include/rclcpp/rclcpp/logging.hpp:24[m[K,
[2.704s]                  from [01m[K/opt/ros/humble/include/rclcpp/rclcpp/client.hpp:40[m[K,
[2.704s]                  from [01m[K/opt/ros/humble/include/rclcpp/rclcpp/callback_group.hpp:24[m[K,
[2.704s]                  from [01m[K/opt/ros/humble/include/rclcpp/rclcpp/any_executable.hpp:20[m[K,
[2.704s]                  from [01m[K/opt/ros/humble/include/rclcpp/rclcpp/memory_strategy.hpp:25[m[K,
[2.704s]                  from [01m[K/opt/ros/humble/include/rclcpp/rclcpp/memory_strategies.hpp:18[m[K,
[2.704s]                  from [01m[K/opt/ros/humble/include/rclcpp/rclcpp/executor_options.hpp:20[m[K,
[2.704s]                  from [01m[K/opt/ros/humble/include/rclcpp/rclcpp/executor.hpp:37[m[K,
[2.704s]                  from [01m[K/opt/ros/humble/include/rclcpp/rclcpp/executors/multi_threaded_executor.hpp:25[m[K,
[2.704s]                  from [01m[K/opt/ros/humble/include/rclcpp/rclcpp/executors.hpp:21[m[K,
[2.704s]                  from [01m[K/opt/ros/humble/include/rclcpp/rclcpp/rclcpp.hpp:155[m[K,
[2.704s]                  from [01m[K/ROS_ws/src/mecha_control/src/cmd_seq.cpp:1[m[K:
[2.704s] [01m[K/ROS_ws/src/mecha_control/src/cmd_seq.cpp:86:21:[m[K [01;31m[Kerror: [m[Kinvalid use of â€˜[01m[Kthis[m[Kâ€™ in non-member function
[2.704s]    86 |         RCLCPP_INFO([01;31m[Kthis[m[K->get_logger(), "Received request to cancel goal");
[2.704s]       |                     [01;31m[K^~~~[m[K
[2.704s] [01m[K/ROS_ws/src/mecha_control/src/cmd_seq.cpp:86:21:[m[K [01;31m[Kerror: [m[Kinvalid use of â€˜[01m[Kthis[m[Kâ€™ in non-member function
[2.704s]    86 |         RCLCPP_INFO([01;31m[Kthis[m[K->get_logger(), "Received request to cancel goal");
[2.704s]       |                     [01;31m[K^~~~[m[K
[2.707s] [01m[K/ROS_ws/src/mecha_control/src/cmd_seq.cpp:[m[K At global scope:
[2.707s] [01m[K/ROS_ws/src/mecha_control/src/cmd_seq.cpp:90:48:[m[K [01;31m[Kerror: [m[Kâ€˜[01m[KGoalHandleDaizaCmd[m[Kâ€™ was not declared in this scope
[2.707s]    90 |     void handle_accepted(const std::shared_ptr<[01;31m[KGoalHandleDaizaCmd[m[K> goal_handle)
[2.707s]       |                                                [01;31m[K^~~~~~~~~~~~~~~~~~[m[K
[2.707s] [01m[K/ROS_ws/src/mecha_control/src/cmd_seq.cpp:90:66:[m[K [01;31m[Kerror: [m[Ktemplate argument 1 is invalid
[2.707s]    90 |     void handle_accepted(const std::shared_ptr<GoalHandleDaizaCmd[01;31m[K>[m[K goal_handle)
[2.707s]       |                                                                  [01;31m[K^[m[K
[2.707s] [01m[K/ROS_ws/src/mecha_control/src/cmd_seq.cpp:[m[K In function â€˜[01m[Kvoid handle_accepted(int)[m[Kâ€™:
[2.707s] [01m[K/ROS_ws/src/mecha_control/src/cmd_seq.cpp:94:45:[m[K [01;31m[Kerror: [m[Kâ€˜[01m[Kdaiza_cmd_execute[m[Kâ€™ is not a member of â€˜[01m[KMechSeqNode[m[Kâ€™
[2.707s]    94 |         std::thread{std::bind(&MechSeqNode::[01;31m[Kdaiza_cmd_execute[m[K, this, _1), goal_handle}.detach();
[2.707s]       |                                             [01;31m[K^~~~~~~~~~~~~~~~~[m[K
[2.707s] [01m[K/ROS_ws/src/mecha_control/src/cmd_seq.cpp:94:64:[m[K [01;31m[Kerror: [m[Kinvalid use of â€˜[01m[Kthis[m[Kâ€™ in non-member function
[2.707s]    94 |         std::thread{std::bind(&MechSeqNode::daiza_cmd_execute, [01;31m[Kthis[m[K, _1), goal_handle}.detach();
[2.707s]       |                                                                [01;31m[K^~~~[m[K
[2.707s] [01m[K/ROS_ws/src/mecha_control/src/cmd_seq.cpp:94:86:[m[K [01;31m[Kerror: [m[Kno matching function for call to â€˜[01m[Kstd::thread::thread(<brace-enclosed initializer list>)[m[Kâ€™
[2.707s]    94 |         std::thread{std::bind(&MechSeqNode::daiza_cmd_execute, this, _1), goal_handle[01;31m[K}[m[K.detach();
[2.707s]       |                                                                                      [01;31m[K^[m[K
[2.707s] In file included from [01m[K/usr/include/c++/11/future:48[m[K,
[2.707s]                  from [01m[K/opt/ros/humble/include/rclcpp/rclcpp/executors.hpp:18[m[K,
[2.707s]                  from [01m[K/opt/ros/humble/include/rclcpp/rclcpp/rclcpp.hpp:155[m[K,
[2.707s]                  from [01m[K/ROS_ws/src/mecha_control/src/cmd_seq.cpp:1[m[K:
[2.707s] [01m[K/usr/include/c++/11/bits/std_thread.h:127:7:[m[K [01;36m[Knote: [m[Kcandidate: â€˜[01m[Ktemplate<class _Callable, class ... _Args, class> std::thread::thread(_Callable&&, _Args&& ...)[m[Kâ€™
[2.707s]   127 |       [01;36m[Kthread[m[K(_Callable&& __f, _Args&&... __args)
[2.708s]       |       [01;36m[K^~~~~~[m[K
[2.708s] [01m[K/usr/include/c++/11/bits/std_thread.h:127:7:[m[K [01;36m[Knote: [m[K  template argument deduction/substitution failed:
[2.708s] [01m[K/usr/include/c++/11/bits/std_thread.h:157:5:[m[K [01;36m[Knote: [m[Kcandidate: â€˜[01m[Kstd::thread::thread(std::thread&&)[m[Kâ€™
[2.708s]   157 |     [01;36m[Kthread[m[K(thread&& __t) noexcept
[2.708s]       |     [01;36m[K^~~~~~[m[K
[2.708s] [01m[K/usr/include/c++/11/bits/std_thread.h:157:5:[m[K [01;36m[Knote: [m[K  candidate expects 1 argument, 2 provided
[2.708s] [01m[K/usr/include/c++/11/bits/std_thread.h:121:5:[m[K [01;36m[Knote: [m[Kcandidate: â€˜[01m[Kstd::thread::thread()[m[Kâ€™
[2.708s]   121 |     [01;36m[Kthread[m[K() noexcept = default;
[2.708s]       |     [01;36m[K^~~~~~[m[K
[2.708s] [01m[K/usr/include/c++/11/bits/std_thread.h:121:5:[m[K [01;36m[Knote: [m[K  candidate expects 0 arguments, 2 provided
[2.711s] [01m[K/ROS_ws/src/mecha_control/src/cmd_seq.cpp:[m[K At global scope:
[2.711s] [01m[K/ROS_ws/src/mecha_control/src/cmd_seq.cpp:96:50:[m[K [01;31m[Kerror: [m[Kâ€˜[01m[KGoalHandleDaizaCmd[m[Kâ€™ was not declared in this scope
[2.711s]    96 |     void daiza_cmd_execute(const std::shared_ptr<[01;31m[KGoalHandleDaizaCmd[m[K> goal_handle)
[2.711s]       |                                                  [01;31m[K^~~~~~~~~~~~~~~~~~[m[K
[2.711s] [01m[K/ROS_ws/src/mecha_control/src/cmd_seq.cpp:96:68:[m[K [01;31m[Kerror: [m[Ktemplate argument 1 is invalid
[2.711s]    96 |     void daiza_cmd_execute(const std::shared_ptr<GoalHandleDaizaCmd[01;31m[K>[m[K goal_handle)
[2.711s]       |                                                                    [01;31m[K^[m[K
[2.711s] In file included from [01m[K/opt/ros/humble/include/rclcpp/rclcpp/client.hpp:40[m[K,
[2.711s]                  from [01m[K/opt/ros/humble/include/rclcpp/rclcpp/callback_group.hpp:24[m[K,
[2.711s]                  from [01m[K/opt/ros/humble/include/rclcpp/rclcpp/any_executable.hpp:20[m[K,
[2.711s]                  from [01m[K/opt/ros/humble/include/rclcpp/rclcpp/memory_strategy.hpp:25[m[K,
[2.711s]                  from [01m[K/opt/ros/humble/include/rclcpp/rclcpp/memory_strategies.hpp:18[m[K,
[2.711s]                  from [01m[K/opt/ros/humble/include/rclcpp/rclcpp/executor_options.hpp:20[m[K,
[2.712s]                  from [01m[K/opt/ros/humble/include/rclcpp/rclcpp/executor.hpp:37[m[K,
[2.712s]                  from [01m[K/opt/ros/humble/include/rclcpp/rclcpp/executors/multi_threaded_executor.hpp:25[m[K,
[2.712s]                  from [01m[K/opt/ros/humble/include/rclcpp/rclcpp/executors.hpp:21[m[K,
[2.712s]                  from [01m[K/opt/ros/humble/include/rclcpp/rclcpp/rclcpp.hpp:155[m[K,
[2.712s]                  from [01m[K/ROS_ws/src/mecha_control/src/cmd_seq.cpp:1[m[K:
[2.712s] [01m[K/ROS_ws/src/mecha_control/src/cmd_seq.cpp:[m[K In function â€˜[01m[Kvoid daiza_cmd_execute(int)[m[Kâ€™:
[2.712s] [01m[K/ROS_ws/src/mecha_control/src/cmd_seq.cpp:98:21:[m[K [01;31m[Kerror: [m[Kinvalid use of â€˜[01m[Kthis[m[Kâ€™ in non-member function
[2.712s]    98 |         RCLCPP_INFO([01;31m[Kthis[m[K->get_logger(), "Executing goal");
[2.712s]       |                     [01;31m[K^~~~[m[K
[2.712s] [01m[K/ROS_ws/src/mecha_control/src/cmd_seq.cpp:98:21:[m[K [01;31m[Kerror: [m[Kinvalid use of â€˜[01m[Kthis[m[Kâ€™ in non-member function
[2.712s] [01m[K/ROS_ws/src/mecha_control/src/cmd_seq.cpp:98:9:[m[K [01;31m[Kerror: [m[Ktemplate argument 1 is invalid
[2.712s]    98 |         [01;31m[KRCLCPP_INFO[m[K(this->get_logger(), "Executing goal");
[2.712s]       |         [01;31m[K^~~~~~~~~~~[m[K
[2.712s] [01m[K/ROS_ws/src/mecha_control/src/cmd_seq.cpp:98:9:[m[K [01;31m[Kerror: [m[Kâ€˜[01m[K<declaration error>[m[Kâ€™ is not a template [[01;31m[K-fpermissive[m[K]
[2.712s]    98 |         [01;31m[KRCLCPP_INFO[m[K(this->get_logger(), "Executing goal");
[2.712s]       |         [01;31m[K^~~~~~~~~~~[m[K
[2.712s] [01m[K/ROS_ws/src/mecha_control/src/cmd_seq.cpp:98:9:[m[K [01;31m[Kerror: [m[Ktemplate argument 1 is invalid
[2.712s]    98 |         [01;31m[KRCLCPP_INFO[m[K(this->get_logger(), "Executing goal");
[2.712s]       |         [01;31m[K^~~~~~~~~~~[m[K
[2.712s] [01m[K/ROS_ws/src/mecha_control/src/cmd_seq.cpp:98:9:[m[K [01;31m[Kerror: [m[Kâ€˜[01m[K<declaration error>[m[Kâ€™ is not a template [[01;31m[K-fpermissive[m[K]
[2.712s]    98 |         [01;31m[KRCLCPP_INFO[m[K(this->get_logger(), "Executing goal");
[2.712s]       |         [01;31m[K^~~~~~~~~~~[m[K
[2.712s] [01m[K/ROS_ws/src/mecha_control/src/cmd_seq.cpp:98:9:[m[K [01;31m[Kerror: [m[Ktemplate argument 1 is invalid
[2.712s]    98 |         [01;31m[KRCLCPP_INFO[m[K(this->get_logger(), "Executing goal");
[2.712s]       |         [01;31m[K^~~~~~~~~~~[m[K
[2.713s] In file included from [01m[K/opt/ros/humble/include/rclcpp/rclcpp/logging.hpp:24[m[K,
[2.713s]                  from [01m[K/opt/ros/humble/include/rclcpp/rclcpp/client.hpp:40[m[K,
[2.713s]                  from [01m[K/opt/ros/humble/include/rclcpp/rclcpp/callback_group.hpp:24[m[K,
[2.713s]                  from [01m[K/opt/ros/humble/include/rclcpp/rclcpp/any_executable.hpp:20[m[K,
[2.713s]                  from [01m[K/opt/ros/humble/include/rclcpp/rclcpp/memory_strategy.hpp:25[m[K,
[2.713s]                  from [01m[K/opt/ros/humble/include/rclcpp/rclcpp/memory_strategies.hpp:18[m[K,
[2.713s]                  from [01m[K/opt/ros/humble/include/rclcpp/rclcpp/executor_options.hpp:20[m[K,
[2.713s]                  from [01m[K/opt/ros/humble/include/rclcpp/rclcpp/executor.hpp:37[m[K,
[2.713s]                  from [01m[K/opt/ros/humble/include/rclcpp/rclcpp/executors/multi_threaded_executor.hpp:25[m[K,
[2.713s]                  from [01m[K/opt/ros/humble/include/rclcpp/rclcpp/executors.hpp:21[m[K,
[2.713s]                  from [01m[K/opt/ros/humble/include/rclcpp/rclcpp/rclcpp.hpp:155[m[K,
[2.713s]                  from [01m[K/ROS_ws/src/mecha_control/src/cmd_seq.cpp:1[m[K:
[2.713s] [01m[K/ROS_ws/src/mecha_control/src/cmd_seq.cpp:98:21:[m[K [01;31m[Kerror: [m[Kinvalid use of â€˜[01m[Kthis[m[Kâ€™ in non-member function
[2.713s]    98 |         RCLCPP_INFO([01;31m[Kthis[m[K->get_logger(), "Executing goal");
[2.713s]       |                     [01;31m[K^~~~[m[K
[2.713s] [01m[K/ROS_ws/src/mecha_control/src/cmd_seq.cpp:98:21:[m[K [01;31m[Kerror: [m[Kinvalid use of â€˜[01m[Kthis[m[Kâ€™ in non-member function
[2.713s]    98 |         RCLCPP_INFO([01;31m[Kthis[m[K->get_logger(), "Executing goal");
[2.713s]       |                     [01;31m[K^~~~[m[K
[2.714s] [01m[K/ROS_ws/src/mecha_control/src/cmd_seq.cpp:100:38:[m[K [01;31m[Kerror: [m[Kbase operand of â€˜[01m[K->[m[Kâ€™ is not a pointer
[2.714s]   100 |         const auto goal = goal_handle[01;31m[K->[m[Kget_goal();
[2.714s]       |                                      [01;31m[K^~[m[K
[2.714s] [01m[K/ROS_ws/src/mecha_control/src/cmd_seq.cpp:101:42:[m[K [01;31m[Kerror: [m[Kâ€˜[01m[KDaizaCmd[m[Kâ€™ was not declared in this scope; did you mean â€˜[01m[Kmecha_control::action::DaizaCmd[m[Kâ€™?
[2.714s]   101 |         auto feedback = std::make_shared<[01;31m[KDaizaCmd[m[K::Feedback>();
[2.714s]       |                                          [01;31m[K^~~~~~~~[m[K
[2.714s]       |                                          [32m[Kmecha_control::action::DaizaCmd[m[K
[2.714s] In file included from [01m[K/ROS_ws/build/mecha_control/rosidl_generator_cpp/mecha_control/action/daiza_cmd.hpp:7[m[K,
[2.714s]                  from [01m[K/ROS_ws/src/mecha_control/src/cmd_seq.cpp:5[m[K:
[2.714s] [01m[K/ROS_ws/build/mecha_control/rosidl_generator_cpp/mecha_control/action/detail/daiza_cmd__struct.hpp:1141:25:[m[K [01;36m[Knote: [m[Kâ€˜[01m[Kmecha_control::action::DaizaCmd[m[Kâ€™ declared here
[2.714s]  1141 | typedef struct DaizaCmd [01;36m[KDaizaCmd[m[K;
[2.714s]       |                         [01;36m[K^~~~~~~~[m[K
[2.714s] [01m[K/ROS_ws/src/mecha_control/src/cmd_seq.cpp:101:30:[m[K [01;31m[Kerror: [m[Kparse error in template argument list
[2.714s]   101 |         auto feedback = std::[01;31m[Kmake_shared<DaizaCmd::Feedback>[m[K();
[2.714s]       |                              [01;31m[K^~~~~~~~~~~~~~~~~~~~~~~~~~~~~~~[m[K
[2.714s] [01m[K/ROS_ws/src/mecha_control/src/cmd_seq.cpp:101:61:[m[K [01;31m[Kerror: [m[Kno matching function for call to â€˜[01m[Kmake_shared<<expression error> >()[m[Kâ€™
[2.714s]   101 |         auto feedback = [01;31m[Kstd::make_shared<DaizaCmd::Feedback>()[m[K;
[2.714s]       |                         [01;31m[K~~~~~~~~~~~~~~~~~~~~~~~~~~~~~~~~~~~~^~[m[K
[2.714s] In file included from [01m[K/usr/include/c++/11/memory:77[m[K,
[2.714s]                  from [01m[K/opt/ros/humble/include/rclcpp/rclcpp/rclcpp.hpp:153[m[K,
[2.714s]                  from [01m[K/ROS_ws/src/mecha_control/src/cmd_seq.cpp:1[m[K:
[2.714s] [01m[K/usr/include/c++/11/bits/shared_ptr.h:875:5:[m[K [01;36m[Knote: [m[Kcandidate: â€˜[01m[Ktemplate<class _Tp, class ... _Args> std::shared_ptr<_Tp> std::make_shared(_Args&& ...)[m[Kâ€™
[2.714s]   875 |     [01;36m[Kmake_shared[m[K(_Args&&... __args)
[2.714s]       |     [01;36m[K^~~~~~~~~~~[m[K
[2.714s] [01m[K/usr/include/c++/11/bits/shared_ptr.h:875:5:[m[K [01;36m[Knote: [m[K  template argument deduction/substitution failed:
[2.714s] [01m[K/ROS_ws/src/mecha_control/src/cmd_seq.cpp:101:61:[m[K [01;31m[Kerror: [m[Ktemplate argument 1 is invalid
[2.714s]   101 |         auto feedback = [01;31m[Kstd::make_shared<DaizaCmd::Feedback>()[m[K;
[2.714s]       |                         [01;31m[K~~~~~~~~~~~~~~~~~~~~~~~~~~~~~~~~~~~~^~[m[K
[2.714s] [01m[K/ROS_ws/src/mecha_control/src/cmd_seq.cpp:102:28:[m[K [01;31m[Kerror: [m[Kparse error in template argument list
[2.714s]   102 |         auto result = std::[01;31m[Kmake_shared<DaizaCmd::Result>[m[K();
[2.715s]       |                            [01;31m[K^~~~~~~~~~~~~~~~~~~~~~~~~~~~~[m[K
[2.715s] [01m[K/ROS_ws/src/mecha_control/src/cmd_seq.cpp:102:57:[m[K [01;31m[Kerror: [m[Kno matching function for call to â€˜[01m[Kmake_shared<DaizaCmd>()[m[Kâ€™
[2.715s]   102 |         auto result = [01;31m[Kstd::make_shared<DaizaCmd::Result>()[m[K;
[2.715s]       |                       [01;31m[K~~~~~~~~~~~~~~~~~~~~~~~~~~~~~~~~~~^~[m[K
[2.715s] In file included from [01m[K/usr/include/c++/11/memory:77[m[K,
[2.715s]                  from [01m[K/opt/ros/humble/include/rclcpp/rclcpp/rclcpp.hpp:153[m[K,
[2.715s]                  from [01m[K/ROS_ws/src/mecha_control/src/cmd_seq.cpp:1[m[K:
[2.715s] [01m[K/usr/include/c++/11/bits/shared_ptr.h:875:5:[m[K [01;36m[Knote: [m[Kcandidate: â€˜[01m[Ktemplate<class _Tp, class ... _Args> std::shared_ptr<_Tp> std::make_shared(_Args&& ...)[m[Kâ€™
[2.715s]   875 |     [01;36m[Kmake_shared[m[K(_Args&&... __args)
[2.715s]       |     [01;36m[K^~~~~~~~~~~[m[K
[2.715s] [01m[K/usr/include/c++/11/bits/shared_ptr.h:875:5:[m[K [01;36m[Knote: [m[K  template argument deduction/substitution failed:
[2.715s] [01m[K/ROS_ws/src/mecha_control/src/cmd_seq.cpp:106:28:[m[K [01;31m[Kerror: [m[Kbase operand of â€˜[01m[K->[m[Kâ€™ is not a pointer
[2.715s]   106 |             if (goal_handle[01;31m[K->[m[Kis_canceling()) {
[2.715s]       |                            [01;31m[K^~[m[K
[2.715s] [01m[K/ROS_ws/src/mecha_control/src/cmd_seq.cpp:108:28:[m[K [01;31m[Kerror: [m[Kbase operand of â€˜[01m[K->[m[Kâ€™ is not a pointer
[2.715s]   108 |                 goal_handle[01;31m[K->[m[Kcanceled(result);
[2.715s]       |                            [01;31m[K^~[m[K
[2.715s] In file included from [01m[K/opt/ros/humble/include/rclcpp/rclcpp/client.hpp:40[m[K,
[2.715s]                  from [01m[K/opt/ros/humble/include/rclcpp/rclcpp/callback_group.hpp:24[m[K,
[2.715s]                  from [01m[K/opt/ros/humble/include/rclcpp/rclcpp/any_executable.hpp:20[m[K,
[2.715s]                  from [01m[K/opt/ros/humble/include/rclcpp/rclcpp/memory_strategy.hpp:25[m[K,
[2.715s]                  from [01m[K/opt/ros/humble/include/rclcpp/rclcpp/memory_strategies.hpp:18[m[K,
[2.715s]                  from [01m[K/opt/ros/humble/include/rclcpp/rclcpp/executor_options.hpp:20[m[K,
[2.715s]                  from [01m[K/opt/ros/humble/include/rclcpp/rclcpp/executor.hpp:37[m[K,
[2.715s]                  from [01m[K/opt/ros/humble/include/rclcpp/rclcpp/executors/multi_threaded_executor.hpp:25[m[K,
[2.715s]                  from [01m[K/opt/ros/humble/include/rclcpp/rclcpp/executors.hpp:21[m[K,
[2.715s]                  from [01m[K/opt/ros/humble/include/rclcpp/rclcpp/rclcpp.hpp:155[m[K,
[2.715s]                  from [01m[K/ROS_ws/src/mecha_control/src/cmd_seq.cpp:1[m[K:
[2.715s] [01m[K/ROS_ws/src/mecha_control/src/cmd_seq.cpp:109:29:[m[K [01;31m[Kerror: [m[Kinvalid use of â€˜[01m[Kthis[m[Kâ€™ in non-member function
[2.715s]   109 |                 RCLCPP_INFO([01;31m[Kthis[m[K->get_logger(), "Goal canceled");
[2.715s]       |                             [01;31m[K^~~~[m[K
[2.715s] [01m[K/ROS_ws/src/mecha_control/src/cmd_seq.cpp:109:29:[m[K [01;31m[Kerror: [m[Kinvalid use of â€˜[01m[Kthis[m[Kâ€™ in non-member function
[2.715s] [01m[K/ROS_ws/src/mecha_control/src/cmd_seq.cpp:109:17:[m[K [01;31m[Kerror: [m[Ktemplate argument 1 is invalid
[2.715s]   109 |                 [01;31m[KRCLCPP_INFO[m[K(this->get_logger(), "Goal canceled");
[2.715s]       |                 [01;31m[K^~~~~~~~~~~[m[K
[2.715s] [01m[K/ROS_ws/src/mecha_control/src/cmd_seq.cpp:109:17:[m[K [01;31m[Kerror: [m[Kâ€˜[01m[K<declaration error>[m[Kâ€™ is not a template [[01;31m[K-fpermissive[m[K]
[2.715s]   109 |                 [01;31m[KRCLCPP_INFO[m[K(this->get_logger(), "Goal canceled");
[2.715s]       |                 [01;31m[K^~~~~~~~~~~[m[K
[2.715s] [01m[K/ROS_ws/src/mecha_control/src/cmd_seq.cpp:109:17:[m[K [01;31m[Kerror: [m[Ktemplate argument 1 is invalid
[2.716s]   109 |                 [01;31m[KRCLCPP_INFO[m[K(this->get_logger(), "Goal canceled");
[2.716s]       |                 [01;31m[K^~~~~~~~~~~[m[K
[2.716s] [01m[K/ROS_ws/src/mecha_control/src/cmd_seq.cpp:109:17:[m[K [01;31m[Kerror: [m[Kâ€˜[01m[K<declaration error>[m[Kâ€™ is not a template [[01;31m[K-fpermissive[m[K]
[2.716s]   109 |                 [01;31m[KRCLCPP_INFO[m[K(this->get_logger(), "Goal canceled");
[2.716s]       |                 [01;31m[K^~~~~~~~~~~[m[K
[2.716s] [01m[K/ROS_ws/src/mecha_control/src/cmd_seq.cpp:109:17:[m[K [01;31m[Kerror: [m[Ktemplate argument 1 is invalid
[2.716s]   109 |                 [01;31m[KRCLCPP_INFO[m[K(this->get_logger(), "Goal canceled");
[2.716s]       |                 [01;31m[K^~~~~~~~~~~[m[K
[2.716s] In file included from [01m[K/opt/ros/humble/include/rclcpp/rclcpp/logging.hpp:24[m[K,
[2.716s]                  from [01m[K/opt/ros/humble/include/rclcpp/rclcpp/client.hpp:40[m[K,
[2.716s]                  from [01m[K/opt/ros/humble/include/rclcpp/rclcpp/callback_group.hpp:24[m[K,
[2.716s]                  from [01m[K/opt/ros/humble/include/rclcpp/rclcpp/any_executable.hpp:20[m[K,
[2.716s]                  from [01m[K/opt/ros/humble/include/rclcpp/rclcpp/memory_strategy.hpp:25[m[K,
[2.716s]                  from [01m[K/opt/ros/humble/include/rclcpp/rclcpp/memory_strategies.hpp:18[m[K,
[2.716s]                  from [01m[K/opt/ros/humble/include/rclcpp/rclcpp/executor_options.hpp:20[m[K,
[2.716s]                  from [01m[K/opt/ros/humble/include/rclcpp/rclcpp/executor.hpp:37[m[K,
[2.716s]                  from [01m[K/opt/ros/humble/include/rclcpp/rclcpp/executors/multi_threaded_executor.hpp:25[m[K,
[2.716s]                  from [01m[K/opt/ros/humble/include/rclcpp/rclcpp/executors.hpp:21[m[K,
[2.716s]                  from [01m[K/opt/ros/humble/include/rclcpp/rclcpp/rclcpp.hpp:155[m[K,
[2.716s]                  from [01m[K/ROS_ws/src/mecha_control/src/cmd_seq.cpp:1[m[K:
[2.716s] [01m[K/ROS_ws/src/mecha_control/src/cmd_seq.cpp:109:29:[m[K [01;31m[Kerror: [m[Kinvalid use of â€˜[01m[Kthis[m[Kâ€™ in non-member function
[2.716s]   109 |                 RCLCPP_INFO([01;31m[Kthis[m[K->get_logger(), "Goal canceled");
[2.716s]       |                             [01;31m[K^~~~[m[K
[2.716s] [01m[K/ROS_ws/src/mecha_control/src/cmd_seq.cpp:109:29:[m[K [01;31m[Kerror: [m[Kinvalid use of â€˜[01m[Kthis[m[Kâ€™ in non-member function
[2.716s]   109 |                 RCLCPP_INFO([01;31m[Kthis[m[K->get_logger(), "Goal canceled");
[2.716s]       |                             [01;31m[K^~~~[m[K
[2.716s] [01m[K/ROS_ws/src/mecha_control/src/cmd_seq.cpp:113:24:[m[K [01;31m[Kerror: [m[Kbase operand of â€˜[01m[K->[m[Kâ€™ is not a pointer
[2.716s]   113 |             goal_handle[01;31m[K->[m[Kpublish_feedback(feedback);
[2.716s]       |                        [01;31m[K^~[m[K
[2.716s] In file included from [01m[K/opt/ros/humble/include/rclcpp/rclcpp/client.hpp:40[m[K,
[2.716s]                  from [01m[K/opt/ros/humble/include/rclcpp/rclcpp/callback_group.hpp:24[m[K,
[2.717s]                  from [01m[K/opt/ros/humble/include/rclcpp/rclcpp/any_executable.hpp:20[m[K,
[2.717s]                  from [01m[K/opt/ros/humble/include/rclcpp/rclcpp/memory_strategy.hpp:25[m[K,
[2.717s]                  from [01m[K/opt/ros/humble/include/rclcpp/rclcpp/memory_strategies.hpp:18[m[K,
[2.717s]                  from [01m[K/opt/ros/humble/include/rclcpp/rclcpp/executor_options.hpp:20[m[K,
[2.717s]                  from [01m[K/opt/ros/humble/include/rclcpp/rclcpp/executor.hpp:37[m[K,
[2.717s]                  from [01m[K/opt/ros/humble/include/rclcpp/rclcpp/executors/multi_threaded_executor.hpp:25[m[K,
[2.717s]                  from [01m[K/opt/ros/humble/include/rclcpp/rclcpp/executors.hpp:21[m[K,
[2.717s]                  from [01m[K/opt/ros/humble/include/rclcpp/rclcpp/rclcpp.hpp:155[m[K,
[2.717s]                  from [01m[K/ROS_ws/src/mecha_control/src/cmd_seq.cpp:1[m[K:
[2.717s] [01m[K/ROS_ws/src/mecha_control/src/cmd_seq.cpp:114:25:[m[K [01;31m[Kerror: [m[Kinvalid use of â€˜[01m[Kthis[m[Kâ€™ in non-member function
[2.717s]   114 |             RCLCPP_INFO([01;31m[Kthis[m[K->get_logger(), "Publish feedback");
[2.717s]       |                         [01;31m[K^~~~[m[K
[2.717s] [01m[K/ROS_ws/src/mecha_control/src/cmd_seq.cpp:114:25:[m[K [01;31m[Kerror: [m[Kinvalid use of â€˜[01m[Kthis[m[Kâ€™ in non-member function
[2.717s] [01m[K/ROS_ws/src/mecha_control/src/cmd_seq.cpp:114:13:[m[K [01;31m[Kerror: [m[Ktemplate argument 1 is invalid
[2.717s]   114 |             [01;31m[KRCLCPP_INFO[m[K(this->get_logger(), "Publish feedback");
[2.717s]       |             [01;31m[K^~~~~~~~~~~[m[K
[2.717s] [01m[K/ROS_ws/src/mecha_control/src/cmd_seq.cpp:114:13:[m[K [01;31m[Kerror: [m[Kâ€˜[01m[K<declaration error>[m[Kâ€™ is not a template [[01;31m[K-fpermissive[m[K]
[2.717s]   114 |             [01;31m[KRCLCPP_INFO[m[K(this->get_logger(), "Publish feedback");
[2.717s]       |             [01;31m[K^~~~~~~~~~~[m[K
[2.717s] [01m[K/ROS_ws/src/mecha_control/src/cmd_seq.cpp:114:13:[m[K [01;31m[Kerror: [m[Ktemplate argument 1 is invalid
[2.717s]   114 |             [01;31m[KRCLCPP_INFO[m[K(this->get_logger(), "Publish feedback");
[2.717s]       |             [01;31m[K^~~~~~~~~~~[m[K
[2.717s] [01m[K/ROS_ws/src/mecha_control/src/cmd_seq.cpp:114:13:[m[K [01;31m[Kerror: [m[Kâ€˜[01m[K<declaration error>[m[Kâ€™ is not a template [[01;31m[K-fpermissive[m[K]
[2.717s]   114 |             [01;31m[KRCLCPP_INFO[m[K(this->get_logger(), "Publish feedback");
[2.717s]       |             [01;31m[K^~~~~~~~~~~[m[K
[2.717s] [01m[K/ROS_ws/src/mecha_control/src/cmd_seq.cpp:114:13:[m[K [01;31m[Kerror: [m[Ktemplate argument 1 is invalid
[2.717s]   114 |             [01;31m[KRCLCPP_INFO[m[K(this->get_logger(), "Publish feedback");
[2.717s]       |             [01;31m[K^~~~~~~~~~~[m[K
[2.717s] In file included from [01m[K/opt/ros/humble/include/rclcpp/rclcpp/logging.hpp:24[m[K,
[2.717s]                  from [01m[K/opt/ros/humble/include/rclcpp/rclcpp/client.hpp:40[m[K,
[2.717s]                  from [01m[K/opt/ros/humble/include/rclcpp/rclcpp/callback_group.hpp:24[m[K,
[2.717s]                  from [01m[K/opt/ros/humble/include/rclcpp/rclcpp/any_executable.hpp:20[m[K,
[2.717s]                  from [01m[K/opt/ros/humble/include/rclcpp/rclcpp/memory_strategy.hpp:25[m[K,
[2.717s]                  from [01m[K/opt/ros/humble/include/rclcpp/rclcpp/memory_strategies.hpp:18[m[K,
[2.717s]                  from [01m[K/opt/ros/humble/include/rclcpp/rclcpp/executor_options.hpp:20[m[K,
[2.717s]                  from [01m[K/opt/ros/humble/include/rclcpp/rclcpp/executor.hpp:37[m[K,
[2.717s]                  from [01m[K/opt/ros/humble/include/rclcpp/rclcpp/executors/multi_threaded_executor.hpp:25[m[K,
[2.717s]                  from [01m[K/opt/ros/humble/include/rclcpp/rclcpp/executors.hpp:21[m[K,
[2.717s]                  from [01m[K/opt/ros/humble/include/rclcpp/rclcpp/rclcpp.hpp:155[m[K,
[2.717s]                  from [01m[K/ROS_ws/src/mecha_control/src/cmd_seq.cpp:1[m[K:
[2.718s] [01m[K/ROS_ws/src/mecha_control/src/cmd_seq.cpp:114:25:[m[K [01;31m[Kerror: [m[Kinvalid use of â€˜[01m[Kthis[m[Kâ€™ in non-member function
[2.718s]   114 |             RCLCPP_INFO([01;31m[Kthis[m[K->get_logger(), "Publish feedback");
[2.718s]       |                         [01;31m[K^~~~[m[K
[2.718s] [01m[K/ROS_ws/src/mecha_control/src/cmd_seq.cpp:114:25:[m[K [01;31m[Kerror: [m[Kinvalid use of â€˜[01m[Kthis[m[Kâ€™ in non-member function
[2.718s]   114 |             RCLCPP_INFO([01;31m[Kthis[m[K->get_logger(), "Publish feedback");
[2.718s]       |                         [01;31m[K^~~~[m[K
[2.718s] [01m[K/ROS_ws/src/mecha_control/src/cmd_seq.cpp:120:24:[m[K [01;31m[Kerror: [m[Kbase operand of â€˜[01m[K->[m[Kâ€™ is not a pointer
[2.718s]   120 |             goal_handle[01;31m[K->[m[Ksucceed(result);
[2.718s]       |                        [01;31m[K^~[m[K
[2.718s] In file included from [01m[K/opt/ros/humble/include/rclcpp/rclcpp/client.hpp:40[m[K,
[2.718s]                  from [01m[K/opt/ros/humble/include/rclcpp/rclcpp/callback_group.hpp:24[m[K,
[2.718s]                  from [01m[K/opt/ros/humble/include/rclcpp/rclcpp/any_executable.hpp:20[m[K,
[2.718s]                  from [01m[K/opt/ros/humble/include/rclcpp/rclcpp/memory_strategy.hpp:25[m[K,
[2.718s]                  from [01m[K/opt/ros/humble/include/rclcpp/rclcpp/memory_strategies.hpp:18[m[K,
[2.718s]                  from [01m[K/opt/ros/humble/include/rclcpp/rclcpp/executor_options.hpp:20[m[K,
[2.718s]                  from [01m[K/opt/ros/humble/include/rclcpp/rclcpp/executor.hpp:37[m[K,
[2.718s]                  from [01m[K/opt/ros/humble/include/rclcpp/rclcpp/executors/multi_threaded_executor.hpp:25[m[K,
[2.718s]                  from [01m[K/opt/ros/humble/include/rclcpp/rclcpp/executors.hpp:21[m[K,
[2.718s]                  from [01m[K/opt/ros/humble/include/rclcpp/rclcpp/rclcpp.hpp:155[m[K,
[2.718s]                  from [01m[K/ROS_ws/src/mecha_control/src/cmd_seq.cpp:1[m[K:
[2.718s] [01m[K/ROS_ws/src/mecha_control/src/cmd_seq.cpp:121:25:[m[K [01;31m[Kerror: [m[Kinvalid use of â€˜[01m[Kthis[m[Kâ€™ in non-member function
[2.718s]   121 |             RCLCPP_INFO([01;31m[Kthis[m[K->get_logger(), "Goal succeeded");
[2.718s]       |                         [01;31m[K^~~~[m[K
[2.718s] [01m[K/ROS_ws/src/mecha_control/src/cmd_seq.cpp:121:25:[m[K [01;31m[Kerror: [m[Kinvalid use of â€˜[01m[Kthis[m[Kâ€™ in non-member function
[2.718s] [01m[K/ROS_ws/src/mecha_control/src/cmd_seq.cpp:121:13:[m[K [01;31m[Kerror: [m[Ktemplate argument 1 is invalid
[2.718s]   121 |             [01;31m[KRCLCPP_INFO[m[K(this->get_logger(), "Goal succeeded");
[2.718s]       |             [01;31m[K^~~~~~~~~~~[m[K
[2.718s] [01m[K/ROS_ws/src/mecha_control/src/cmd_seq.cpp:121:13:[m[K [01;31m[Kerror: [m[Kâ€˜[01m[K<declaration error>[m[Kâ€™ is not a template [[01;31m[K-fpermissive[m[K]
[2.718s]   121 |             [01;31m[KRCLCPP_INFO[m[K(this->get_logger(), "Goal succeeded");
[2.718s]       |             [01;31m[K^~~~~~~~~~~[m[K
[2.718s] [01m[K/ROS_ws/src/mecha_control/src/cmd_seq.cpp:121:13:[m[K [01;31m[Kerror: [m[Ktemplate argument 1 is invalid
[2.718s]   121 |             [01;31m[KRCLCPP_INFO[m[K(this->get_logger(), "Goal succeeded");
[2.718s]       |             [01;31m[K^~~~~~~~~~~[m[K
[2.718s] [01m[K/ROS_ws/src/mecha_control/src/cmd_seq.cpp:121:13:[m[K [01;31m[Kerror: [m[Kâ€˜[01m[K<declaration error>[m[Kâ€™ is not a template [[01;31m[K-fpermissive[m[K]
[2.718s]   121 |             [01;31m[KRCLCPP_INFO[m[K(this->get_logger(), "Goal succeeded");
[2.718s]       |             [01;31m[K^~~~~~~~~~~[m[K
[2.718s] [01m[K/ROS_ws/src/mecha_control/src/cmd_seq.cpp:121:13:[m[K [01;31m[Kerror: [m[Ktemplate argument 1 is invalid
[2.718s]   121 |             [01;31m[KRCLCPP_INFO[m[K(this->get_logger(), "Goal succeeded");
[2.718s]       |             [01;31m[K^~~~~~~~~~~[m[K
[2.718s] In file included from [01m[K/opt/ros/humble/include/rclcpp/rclcpp/logging.hpp:24[m[K,
[2.719s]                  from [01m[K/opt/ros/humble/include/rclcpp/rclcpp/client.hpp:40[m[K,
[2.719s]                  from [01m[K/opt/ros/humble/include/rclcpp/rclcpp/callback_group.hpp:24[m[K,
[2.719s]                  from [01m[K/opt/ros/humble/include/rclcpp/rclcpp/any_executable.hpp:20[m[K,
[2.719s]                  from [01m[K/opt/ros/humble/include/rclcpp/rclcpp/memory_strategy.hpp:25[m[K,
[2.719s]                  from [01m[K/opt/ros/humble/include/rclcpp/rclcpp/memory_strategies.hpp:18[m[K,
[2.719s]                  from [01m[K/opt/ros/humble/include/rclcpp/rclcpp/executor_options.hpp:20[m[K,
[2.719s]                  from [01m[K/opt/ros/humble/include/rclcpp/rclcpp/executor.hpp:37[m[K,
[2.719s]                  from [01m[K/opt/ros/humble/include/rclcpp/rclcpp/executors/multi_threaded_executor.hpp:25[m[K,
[2.719s]                  from [01m[K/opt/ros/humble/include/rclcpp/rclcpp/executors.hpp:21[m[K,
[2.719s]                  from [01m[K/opt/ros/humble/include/rclcpp/rclcpp/rclcpp.hpp:155[m[K,
[2.719s]                  from [01m[K/ROS_ws/src/mecha_control/src/cmd_seq.cpp:1[m[K:
[2.719s] [01m[K/ROS_ws/src/mecha_control/src/cmd_seq.cpp:121:25:[m[K [01;31m[Kerror: [m[Kinvalid use of â€˜[01m[Kthis[m[Kâ€™ in non-member function
[2.719s]   121 |             RCLCPP_INFO([01;31m[Kthis[m[K->get_logger(), "Goal succeeded");
[2.719s]       |                         [01;31m[K^~~~[m[K
[2.719s] [01m[K/ROS_ws/src/mecha_control/src/cmd_seq.cpp:121:25:[m[K [01;31m[Kerror: [m[Kinvalid use of â€˜[01m[Kthis[m[Kâ€™ in non-member function
[2.719s]   121 |             RCLCPP_INFO([01;31m[Kthis[m[K->get_logger(), "Goal succeeded");
[2.719s]       |                         [01;31m[K^~~~[m[K
[2.719s] [01m[K/ROS_ws/src/mecha_control/src/cmd_seq.cpp:[m[K At global scope:
[2.719s] [01m[K/ROS_ws/src/mecha_control/src/cmd_seq.cpp:126:69:[m[K [01;31m[Kerror: [m[Knon-member function â€˜[01m[Kvoid set_bonbori_callback(std::shared_ptr<std_srvs::srv::SetBool_Request_<std::allocator<void> > >, std::shared_ptr<std_srvs::srv::SetBool_Response_<std::allocator<void> > >)[m[Kâ€™ cannot have cv-qualifier
[2.719s]   126 |         std::shared_ptr<std_srvs::srv::SetBool::Response> response) [01;31m[Kconst[m[K
[2.719s]       |                                                                     [01;31m[K^~~~~[m[K
[2.719s] In file included from [01m[K/opt/ros/humble/include/rclcpp/rclcpp/client.hpp:40[m[K,
[2.719s]                  from [01m[K/opt/ros/humble/include/rclcpp/rclcpp/callback_group.hpp:24[m[K,
[2.719s]                  from [01m[K/opt/ros/humble/include/rclcpp/rclcpp/any_executable.hpp:20[m[K,
[2.719s]                  from [01m[K/opt/ros/humble/include/rclcpp/rclcpp/memory_strategy.hpp:25[m[K,
[2.719s]                  from [01m[K/opt/ros/humble/include/rclcpp/rclcpp/memory_strategies.hpp:18[m[K,
[2.719s]                  from [01m[K/opt/ros/humble/include/rclcpp/rclcpp/executor_options.hpp:20[m[K,
[2.719s]                  from [01m[K/opt/ros/humble/include/rclcpp/rclcpp/executor.hpp:37[m[K,
[2.719s]                  from [01m[K/opt/ros/humble/include/rclcpp/rclcpp/executors/multi_threaded_executor.hpp:25[m[K,
[2.719s]                  from [01m[K/opt/ros/humble/include/rclcpp/rclcpp/executors.hpp:21[m[K,
[2.719s]                  from [01m[K/opt/ros/humble/include/rclcpp/rclcpp/rclcpp.hpp:155[m[K,
[2.719s]                  from [01m[K/ROS_ws/src/mecha_control/src/cmd_seq.cpp:1[m[K:
[2.719s] [01m[K/ROS_ws/src/mecha_control/src/cmd_seq.cpp:[m[K In function â€˜[01m[Kvoid set_bonbori_callback(std::shared_ptr<std_srvs::srv::SetBool_Request_<std::allocator<void> > >, std::shared_ptr<std_srvs::srv::SetBool_Response_<std::allocator<void> > >)[m[Kâ€™:
[2.719s] [01m[K/ROS_ws/src/mecha_control/src/cmd_seq.cpp:130:21:[m[K [01;31m[Kerror: [m[Kinvalid use of â€˜[01m[Kthis[m[Kâ€™ in non-member function
[2.719s]   130 |         RCLCPP_INFO([01;31m[Kthis[m[K->get_logger(), "bonbori: %d", request->data);
[2.719s]       |                     [01;31m[K^~~~[m[K
[2.719s] [01m[K/ROS_ws/src/mecha_control/src/cmd_seq.cpp:130:21:[m[K [01;31m[Kerror: [m[Kinvalid use of â€˜[01m[Kthis[m[Kâ€™ in non-member function
[2.719s] [01m[K/ROS_ws/src/mecha_control/src/cmd_seq.cpp:130:9:[m[K [01;31m[Kerror: [m[Ktemplate argument 1 is invalid
[2.720s]   130 |         [01;31m[KRCLCPP_INFO[m[K(this->get_logger(), "bonbori: %d", request->data);
[2.720s]       |         [01;31m[K^~~~~~~~~~~[m[K
[2.720s] [01m[K/ROS_ws/src/mecha_control/src/cmd_seq.cpp:130:9:[m[K [01;31m[Kerror: [m[Kâ€˜[01m[K<declaration error>[m[Kâ€™ is not a template [[01;31m[K-fpermissive[m[K]
[2.720s]   130 |         [01;31m[KRCLCPP_INFO[m[K(this->get_logger(), "bonbori: %d", request->data);
[2.720s]       |         [01;31m[K^~~~~~~~~~~[m[K
[2.720s] [01m[K/ROS_ws/src/mecha_control/src/cmd_seq.cpp:130:9:[m[K [01;31m[Kerror: [m[Ktemplate argument 1 is invalid
[2.720s]   130 |         [01;31m[KRCLCPP_INFO[m[K(this->get_logger(), "bonbori: %d", request->data);
[2.720s]       |         [01;31m[K^~~~~~~~~~~[m[K
[2.720s] [01m[K/ROS_ws/src/mecha_control/src/cmd_seq.cpp:130:9:[m[K [01;31m[Kerror: [m[Kâ€˜[01m[K<declaration error>[m[Kâ€™ is not a template [[01;31m[K-fpermissive[m[K]
[2.720s]   130 |         [01;31m[KRCLCPP_INFO[m[K(this->get_logger(), "bonbori: %d", request->data);
[2.720s]       |         [01;31m[K^~~~~~~~~~~[m[K
[2.720s] [01m[K/ROS_ws/src/mecha_control/src/cmd_seq.cpp:130:9:[m[K [01;31m[Kerror: [m[Ktemplate argument 1 is invalid
[2.720s]   130 |         [01;31m[KRCLCPP_INFO[m[K(this->get_logger(), "bonbori: %d", request->data);
[2.720s]       |         [01;31m[K^~~~~~~~~~~[m[K
[2.720s] In file included from [01m[K/opt/ros/humble/include/rclcpp/rclcpp/logging.hpp:24[m[K,
[2.720s]                  from [01m[K/opt/ros/humble/include/rclcpp/rclcpp/client.hpp:40[m[K,
[2.720s]                  from [01m[K/opt/ros/humble/include/rclcpp/rclcpp/callback_group.hpp:24[m[K,
[2.720s]                  from [01m[K/opt/ros/humble/include/rclcpp/rclcpp/any_executable.hpp:20[m[K,
[2.720s]                  from [01m[K/opt/ros/humble/include/rclcpp/rclcpp/memory_strategy.hpp:25[m[K,
[2.720s]                  from [01m[K/opt/ros/humble/include/rclcpp/rclcpp/memory_strategies.hpp:18[m[K,
[2.720s]                  from [01m[K/opt/ros/humble/include/rclcpp/rclcpp/executor_options.hpp:20[m[K,
[2.720s]                  from [01m[K/opt/ros/humble/include/rclcpp/rclcpp/executor.hpp:37[m[K,
[2.720s]                  from [01m[K/opt/ros/humble/include/rclcpp/rclcpp/executors/multi_threaded_executor.hpp:25[m[K,
[2.720s]                  from [01m[K/opt/ros/humble/include/rclcpp/rclcpp/executors.hpp:21[m[K,
[2.720s]                  from [01m[K/opt/ros/humble/include/rclcpp/rclcpp/rclcpp.hpp:155[m[K,
[2.720s]                  from [01m[K/ROS_ws/src/mecha_control/src/cmd_seq.cpp:1[m[K:
[2.720s] [01m[K/ROS_ws/src/mecha_control/src/cmd_seq.cpp:130:21:[m[K [01;31m[Kerror: [m[Kinvalid use of â€˜[01m[Kthis[m[Kâ€™ in non-member function
[2.720s]   130 |         RCLCPP_INFO([01;31m[Kthis[m[K->get_logger(), "bonbori: %d", request->data);
[2.720s]       |                     [01;31m[K^~~~[m[K
[2.720s] [01m[K/ROS_ws/src/mecha_control/src/cmd_seq.cpp:130:21:[m[K [01;31m[Kerror: [m[Kinvalid use of â€˜[01m[Kthis[m[Kâ€™ in non-member function
[2.720s]   130 |         RCLCPP_INFO([01;31m[Kthis[m[K->get_logger(), "bonbori: %d", request->data);
[2.720s]       |                     [01;31m[K^~~~[m[K
[2.720s] [01m[K/ROS_ws/src/mecha_control/src/cmd_seq.cpp:[m[K At global scope:
[2.720s] [01m[K/ROS_ws/src/mecha_control/src/cmd_seq.cpp:132:72:[m[K [01;31m[Kerror: [m[Knon-member function â€˜[01m[Kvoid daiza_sensor_callback(mecha_control::msg::SensorStates)[m[Kâ€™ cannot have cv-qualifier
[2.720s]   132 |     void daiza_sensor_callback(const mecha_control::msg::SensorStates) [01;31m[Kconst[m[K {}
[2.720s]       |                                                                        [01;31m[K^~~~~[m[K
[2.720s] [01m[K/ROS_ws/src/mecha_control/src/cmd_seq.cpp:133:71:[m[K [01;31m[Kerror: [m[Knon-member function â€˜[01m[Kvoid hina_sensor_callback(mecha_control::msg::SensorStates)[m[Kâ€™ cannot have cv-qualifier
[2.720s]   133 |     void hina_sensor_callback(const mecha_control::msg::SensorStates) [01;31m[Kconst[m[K {}
[2.720s]       |                                                                       [01;31m[K^~~~~[m[K
[2.720s] [01m[K/ROS_ws/src/mecha_control/src/cmd_seq.cpp:139:1:[m[K [01;31m[Kerror: [m[Kexpected declaration before â€˜[01m[K}[m[Kâ€™ token
[2.720s]   139 | [01;31m[K}[m[K;
[2.721s]       | [01;31m[K^[m[K
[3.096s] gmake[2]: *** [CMakeFiles/cmd_seq.dir/build.make:76: CMakeFiles/cmd_seq.dir/src/cmd_seq.cpp.o] Error 1
[3.096s] gmake[1]: *** [CMakeFiles/Makefile2:595: CMakeFiles/cmd_seq.dir/all] Error 2
[3.096s] gmake: *** [Makefile:146: all] Error 2
[3.097s] Invoked command in '/ROS_ws/build/mecha_control' returned '2': CMAKE_PREFIX_PATH=${CMAKE_PREFIX_PATH}:/ROS_ws/install/calc_vel:/opt/ros/humble /usr/bin/cmake --build /ROS_ws/build/mecha_control -- -j12 -l12
