[01m[K/ROS_ws/src/mecha_control/src/sequence_controller.cpp:[m[K In constructor â€˜[01m[KSequenceController::SequenceController()[m[Kâ€™:
[01m[K/ROS_ws/src/mecha_control/src/sequence_controller.cpp:39:23:[m[K [01;31m[Kerror: [m[Kâ€˜[01m[Kusing ActuatorCommands = struct mecha_control::msg::ActuatorCommands_<std::allocator<void> >[m[Kâ€™ {aka â€˜[01m[Kstruct mecha_control::msg::ActuatorCommands_<std::allocator<void> >[m[Kâ€™} has no member named â€˜[01m[Kmotor_expand[m[Kâ€™
   39 |         hina_commands.[01;31m[Kmotor_expand[m[K.resize(1, false);     // ãƒ¢ãƒ¼ã‚¿ã®å±•é–‹çŠ¶æ…‹ã‚’ã™ã¹ã¦ falseï¼ˆç¸®ã‚“ã§ã„ã‚‹ï¼‰ã«åˆæœŸåŒ–
      |                       [01;31m[K^~~~~~~~~~~~[m[K
[01m[K/ROS_ws/src/mecha_control/src/sequence_controller.cpp:[m[K In member function â€˜[01m[Kvoid SequenceController::mecha_state_callback(mecha_control::msg::MechaState_<std::allocator<void> >::SharedPtr)[m[Kâ€™:
[01m[K/ROS_ws/src/mecha_control/src/sequence_controller.cpp:125:31:[m[K [01;31m[Kerror: [m[Kâ€˜[01m[Kusing ActuatorCommands = struct mecha_control::msg::ActuatorCommands_<std::allocator<void> >[m[Kâ€™ {aka â€˜[01m[Kstruct mecha_control::msg::ActuatorCommands_<std::allocator<void> >[m[Kâ€™} has no member named â€˜[01m[Kmotor_expand[m[Kâ€™
  125 |                 hina_commands.[01;31m[Kmotor_expand[m[K[0] = false;
      |                               [01;31m[K^~~~~~~~~~~~[m[K
[01m[K/ROS_ws/src/mecha_control/src/sequence_controller.cpp:150:39:[m[K [01;31m[Kerror: [m[Kâ€˜[01m[Kusing ActuatorCommands = struct mecha_control::msg::ActuatorCommands_<std::allocator<void> >[m[Kâ€™ {aka â€˜[01m[Kstruct mecha_control::msg::ActuatorCommands_<std::allocator<void> >[m[Kâ€™} has no member named â€˜[01m[Kmotor_expand[m[Kâ€™
  150 |                         hina_commands.[01;31m[Kmotor_expand[m[K[0] = false;
      |                                       [01;31m[K^~~~~~~~~~~~[m[K
gmake[2]: *** [CMakeFiles/sequence_controller.dir/build.make:76: CMakeFiles/sequence_controller.dir/src/sequence_controller.cpp.o] Error 1
gmake[1]: *** [CMakeFiles/Makefile2:592: CMakeFiles/sequence_controller.dir/all] Error 2
gmake: *** [Makefile:146: all] Error 2
