[01m[K/ROS_ws/src/mecha_control/src/cmd_seq.cpp:[m[K In lambda function:
[01m[K/ROS_ws/src/mecha_control/src/cmd_seq.cpp:43:26:[m[K [01;31m[Kerror: [m[Kâ€˜[01m[Ksleep[m[Kâ€™ is not a member of â€˜[01m[Kstd::thread[m[Kâ€™
   43 |             std::thread::[01;31m[Ksleep[m[K(5);
      |                          [01;31m[K^~~~~[m[K
gmake[2]: *** [CMakeFiles/cmd_seq.dir/build.make:76: CMakeFiles/cmd_seq.dir/src/cmd_seq.cpp.o] Error 1
gmake[1]: *** [CMakeFiles/Makefile2:595: CMakeFiles/cmd_seq.dir/all] Error 2
gmake: *** [Makefile:146: all] Error 2
