[0.039s] Invoking command in '/ROS_ws/build/mecha_control': CMAKE_PREFIX_PATH=${CMAKE_PREFIX_PATH}:/ROS_ws/install/calc_vel:/opt/ros/humble /usr/bin/cmake --build /ROS_ws/build/mecha_control -- -j12 -l12
[0.192s] [35m[1mConsolidate compiler generated dependencies of target mecha_control__rosidl_generator_c[0m
[0.193s] [  1%] Built target mecha_control__cpp
[0.193s] [ 12%] Built target mecha_control__rosidl_generator_c
[0.193s] [35m[1mConsolidate compiler generated dependencies of target mecha_control__rosidl_typesupport_cpp[0m
[0.193s] [ 12%] Built target ament_cmake_python_copy_mecha_control
[0.193s] [35m[1mConsolidate compiler generated dependencies of target mecha_control__rosidl_typesupport_introspection_cpp[0m
[0.193s] [35m[1mConsolidate compiler generated dependencies of target mecha_control__rosidl_typesupport_fastrtps_cpp[0m
[0.193s] [35m[1mConsolidate compiler generated dependencies of target mecha_control__rosidl_typesupport_fastrtps_c[0m
[0.193s] [35m[1mConsolidate compiler generated dependencies of target mecha_control__rosidl_typesupport_c[0m
[0.193s] [35m[1mConsolidate compiler generated dependencies of target mecha_control__rosidl_typesupport_introspection_c[0m
[0.193s] [ 23%] Built target mecha_control__rosidl_typesupport_c
[0.193s] [ 36%] Built target mecha_control__rosidl_typesupport_cpp
[0.193s] [ 46%] Built target mecha_control__rosidl_typesupport_introspection_c
[0.193s] [ 78%] Built target mecha_control__rosidl_typesupport_fastrtps_cpp
[0.193s] [ 78%] Built target mecha_control__rosidl_typesupport_introspection_cpp
[0.193s] [ 80%] Built target mecha_control__rosidl_typesupport_fastrtps_c
[0.194s] [35m[1mConsolidate compiler generated dependencies of target cmd_seq[0m
[0.194s] [ 80%] Built target mecha_control
[0.194s] [ 81%] [32mBuilding CXX object CMakeFiles/cmd_seq.dir/src/cmd_seq.cpp.o[0m
[0.194s] [ 82%] Built target mecha_control__py
[0.194s] [35m[1mConsolidate compiler generated dependencies of target mecha_control__rosidl_generator_py[0m
[0.194s] [ 92%] Built target mecha_control__rosidl_generator_py
[0.194s] [35m[1mConsolidate compiler generated dependencies of target mecha_control__rosidl_typesupport_introspection_c__pyext[0m
[0.194s] [35m[1mConsolidate compiler generated dependencies of target mecha_control__rosidl_typesupport_c__pyext[0m
[0.194s] [35m[1mConsolidate compiler generated dependencies of target mecha_control__rosidl_typesupport_fastrtps_c__pyext[0m
[0.194s] [ 96%] Built target mecha_control__rosidl_typesupport_introspection_c__pyext
[0.194s] [ 96%] Built target mecha_control__rosidl_typesupport_c__pyext
[0.194s] [ 98%] Built target mecha_control__rosidl_typesupport_fastrtps_c__pyext
[0.223s] running egg_info
[0.224s] writing mecha_control.egg-info/PKG-INFO
[0.224s] writing dependency_links to mecha_control.egg-info/dependency_links.txt
[0.225s] writing top-level names to mecha_control.egg-info/top_level.txt
[0.227s] reading manifest file 'mecha_control.egg-info/SOURCES.txt'
[0.228s] writing manifest file 'mecha_control.egg-info/SOURCES.txt'
[0.263s] [ 98%] Built target ament_cmake_python_build_mecha_control_egg
[1.604s] [01m[K/ROS_ws/src/mecha_control/src/cmd_seq.cpp:17:32:[m[K [01;31m[Kerror: [m[Kâ€˜[01m[Krclcpp_action[m[Kâ€™ does not name a type
[1.604s]    17 |     using GoalHandleDaizaCmd = [01;31m[Krclcpp_action[m[K::ServerGoalHandle<DaizaCmd>;
[1.604s]       |                                [01;31m[K^~~~~~~~~~~~~[m[K
[1.605s] [01m[K/ROS_ws/src/mecha_control/src/cmd_seq.cpp:19:31:[m[K [01;31m[Kerror: [m[Kâ€˜[01m[Krclcpp_action[m[Kâ€™ does not name a type
[1.606s]    19 |     using GoalHandleHinaCmd = [01;31m[Krclcpp_action[m[K::ServerGoalHandle<HinaCmd>;
[1.606s]       |                               [01;31m[K^~~~~~~~~~~~~[m[K
[1.607s] [01m[K/ROS_ws/src/mecha_control/src/cmd_seq.cpp:44:9:[m[K [01;31m[Kerror: [m[Kâ€˜[01m[Kbonbori_service[m[Kâ€™ does not name a type
[1.607s]    44 |         [01;31m[Kbonbori_service[m[K = this->create_service<std_srvs::srv::SetBool>(
[1.607s]       |         [01;31m[K^~~~~~~~~~~~~~~[m[K
[1.607s] In file included from [01m[K/opt/ros/humble/include/rclcpp/rclcpp/client.hpp:40[m[K,
[1.607s]                  from [01m[K/opt/ros/humble/include/rclcpp/rclcpp/callback_group.hpp:24[m[K,
[1.607s]                  from [01m[K/opt/ros/humble/include/rclcpp/rclcpp/any_executable.hpp:20[m[K,
[1.607s]                  from [01m[K/opt/ros/humble/include/rclcpp/rclcpp/memory_strategy.hpp:25[m[K,
[1.607s]                  from [01m[K/opt/ros/humble/include/rclcpp/rclcpp/memory_strategies.hpp:18[m[K,
[1.608s]                  from [01m[K/opt/ros/humble/include/rclcpp/rclcpp/executor_options.hpp:20[m[K,
[1.608s]                  from [01m[K/opt/ros/humble/include/rclcpp/rclcpp/executor.hpp:37[m[K,
[1.608s]                  from [01m[K/opt/ros/humble/include/rclcpp/rclcpp/executors/multi_threaded_executor.hpp:25[m[K,
[1.608s]                  from [01m[K/opt/ros/humble/include/rclcpp/rclcpp/executors.hpp:21[m[K,
[1.608s]                  from [01m[K/opt/ros/humble/include/rclcpp/rclcpp/rclcpp.hpp:155[m[K,
[1.608s]                  from [01m[K/ROS_ws/src/mecha_control/src/cmd_seq.cpp:1[m[K:
[1.608s] [01m[K/ROS_ws/src/mecha_control/src/cmd_seq.cpp:46:9:[m[K [01;31m[Kerror: [m[Kexpected unqualified-id before â€˜[01m[Kdo[m[Kâ€™
[1.608s]    46 |         [01;31m[KRCLCPP_INFO[m[K(this->get_logger(), "node started");
[1.608s]       |         [01;31m[K^~~~~~~~~~~[m[K
[1.608s] [01m[K/ROS_ws/src/mecha_control/src/cmd_seq.cpp:46:9:[m[K [01;31m[Kerror: [m[Kexpected unqualified-id before â€˜[01m[Kwhile[m[Kâ€™
[1.608s]    46 |         [01;31m[KRCLCPP_INFO[m[K(this->get_logger(), "node started");
[1.608s]       |         [01;31m[K^~~~~~~~~~~[m[K
[1.608s] [01m[K/ROS_ws/src/mecha_control/src/cmd_seq.cpp:47:6:[m[K [01;31m[Kerror: [m[Kexpected â€˜[01m[K;[m[Kâ€™ after class definition
[1.608s]    47 |     }
[1.608s]       |      [01;31m[K^[m[K
[1.608s]       |      [32m[K;[m[K
[1.612s] [01m[K/ROS_ws/src/mecha_control/src/cmd_seq.cpp:[m[K In constructor â€˜[01m[KMechSeqNode::MechSeqNode()[m[Kâ€™:
[1.612s] [01m[K/ROS_ws/src/mecha_control/src/cmd_seq.cpp:23:9:[m[K [01;31m[Kerror: [m[Kâ€˜[01m[Kdaiza_pub[m[Kâ€™ was not declared in this scope
[1.612s]    23 |         [01;31m[Kdaiza_pub[m[K = create_publisher<mecha_control::msg::ActuatorCommands>("daiza_clamp", 10);
[1.612s]       |         [01;31m[K^~~~~~~~~[m[K
[1.619s] [01m[K/ROS_ws/src/mecha_control/src/cmd_seq.cpp:24:9:[m[K [01;31m[Kerror: [m[Kâ€˜[01m[Khina_pub[m[Kâ€™ was not declared in this scope
[1.619s]    24 |         [01;31m[Khina_pub[m[K = create_publisher<mecha_control::msg::ActuatorCommands>("hina_dastpan", 10);
[1.619s]       |         [01;31m[K^~~~~~~~[m[K
[1.625s] [01m[K/ROS_ws/src/mecha_control/src/cmd_seq.cpp:25:9:[m[K [01;31m[Kerror: [m[Kâ€˜[01m[Kdaiza_controller[m[Kâ€™ was not declared in this scope
[1.625s]    25 |         [01;31m[Kdaiza_controller[m[K = std::thread(&MechSeqNode::daiza_controll, this);
[1.625s]       |         [01;31m[K^~~~~~~~~~~~~~~~[m[K
[1.625s] [01m[K/ROS_ws/src/mecha_control/src/cmd_seq.cpp:25:54:[m[K [01;31m[Kerror: [m[Kâ€˜[01m[Kdaiza_controll[m[Kâ€™ is not a member of â€˜[01m[KMechSeqNode[m[Kâ€™
[1.625s]    25 |         daiza_controller = std::thread(&MechSeqNode::[01;31m[Kdaiza_controll[m[K, this);
[1.625s]       |                                                      [01;31m[K^~~~~~~~~~~~~~[m[K
[1.631s] [01m[K/ROS_ws/src/mecha_control/src/cmd_seq.cpp:28:9:[m[K [01;31m[Kerror: [m[Kâ€˜[01m[Kdaiza_sensor_sub[m[Kâ€™ was not declared in this scope
[1.631s]    28 |         [01;31m[Kdaiza_sensor_sub[m[K = create_subscription<mecha_control::msg::SensorStates>(
[1.631s]       |         [01;31m[K^~~~~~~~~~~~~~~~[m[K
[1.631s] [01m[K/ROS_ws/src/mecha_control/src/cmd_seq.cpp:29:56:[m[K [01;31m[Kerror: [m[Kâ€˜[01m[Kdaiza_sensor_callback[m[Kâ€™ is not a member of â€˜[01m[KMechSeqNode[m[Kâ€™
[1.631s]    29 |             "daiza_state", 10, std::bind(&MechSeqNode::[01;31m[Kdaiza_sensor_callback[m[K, this, std::placeholders::_1));
[1.631s]       |                                                        [01;31m[K^~~~~~~~~~~~~~~~~~~~~[m[K
[1.636s] [01m[K/ROS_ws/src/mecha_control/src/cmd_seq.cpp:30:9:[m[K [01;31m[Kerror: [m[Kâ€˜[01m[Khina_sensor_sub[m[Kâ€™ was not declared in this scope
[1.636s]    30 |         [01;31m[Khina_sensor_sub[m[K = create_subscription<mecha_control::msg::SensorStates>(
[1.636s]       |         [01;31m[K^~~~~~~~~~~~~~~[m[K
[1.636s] [01m[K/ROS_ws/src/mecha_control/src/cmd_seq.cpp:31:55:[m[K [01;31m[Kerror: [m[Kâ€˜[01m[Khina_sensor_callback[m[Kâ€™ is not a member of â€˜[01m[KMechSeqNode[m[Kâ€™
[1.636s]    31 |             "hina_state", 10, std::bind(&MechSeqNode::[01;31m[Khina_sensor_callback[m[K, this, std::placeholders::_1));
[1.636s]       |                                                       [01;31m[K^~~~~~~~~~~~~~~~~~~~[m[K
[1.636s] [01m[K/ROS_ws/src/mecha_control/src/cmd_seq.cpp:37:15:[m[K [01;31m[Kerror: [m[Kâ€˜[01m[Kclass MechSeqNode[m[Kâ€™ has no member named â€˜[01m[Kdaiza_action_server[m[Kâ€™
[1.636s]    37 |         this->[01;31m[Kdaiza_action_server[m[K = rclcpp_action::create_server<DaizaCmd>(
[1.636s]       |               [01;31m[K^~~~~~~~~~~~~~~~~~~[m[K
[1.636s] [01m[K/ROS_ws/src/mecha_control/src/cmd_seq.cpp:37:37:[m[K [01;31m[Kerror: [m[Kâ€˜[01m[Krclcpp_action[m[Kâ€™ has not been declared
[1.636s]    37 |         this->daiza_action_server = [01;31m[Krclcpp_action[m[K::create_server<DaizaCmd>(
[1.636s]       |                                     [01;31m[K^~~~~~~~~~~~~[m[K
[1.636s] [01m[K/ROS_ws/src/mecha_control/src/cmd_seq.cpp:37:74:[m[K [01;31m[Kerror: [m[Kexpected primary-expression before â€˜[01m[K>[m[Kâ€™ token
[1.636s]    37 |         this->daiza_action_server = rclcpp_action::create_server<DaizaCmd[01;31m[K>[m[K(
[1.636s]       |                                                                          [01;31m[K^[m[K
[1.636s] [01m[K/ROS_ws/src/mecha_control/src/cmd_seq.cpp:38:13:[m[K [01;35m[Kwarning: [m[Kleft operand of comma operator has no effect [[01;35m[K-Wunused-value[m[K]
[1.636s]    38 |             [01;35m[Kthis[m[K,
[1.636s]       |             [01;35m[K^~~~[m[K
[1.636s] [01m[K/ROS_ws/src/mecha_control/src/cmd_seq.cpp:40:37:[m[K [01;31m[Kerror: [m[Kâ€˜[01m[Kdaiza_handle_goal[m[Kâ€™ is not a member of â€˜[01m[KMechSeqNode[m[Kâ€™
[1.636s]    40 |             std::bind(&MechSeqNode::[01;31m[Kdaiza_handle_goal[m[K, this, _1, _2),
[1.636s]       |                                     [01;31m[K^~~~~~~~~~~~~~~~~[m[K
[1.636s] [01m[K/ROS_ws/src/mecha_control/src/cmd_seq.cpp:41:37:[m[K [01;31m[Kerror: [m[Kâ€˜[01m[Kdaiza_handle_cancel[m[Kâ€™ is not a member of â€˜[01m[KMechSeqNode[m[Kâ€™
[1.637s]    41 |             std::bind(&MechSeqNode::[01;31m[Kdaiza_handle_cancel[m[K, this, _1),
[1.637s]       |                                     [01;31m[K^~~~~~~~~~~~~~~~~~~[m[K
[1.637s] [01m[K/ROS_ws/src/mecha_control/src/cmd_seq.cpp:42:37:[m[K [01;31m[Kerror: [m[Kâ€˜[01m[Kdaiza_handle_accepted[m[Kâ€™ is not a member of â€˜[01m[KMechSeqNode[m[Kâ€™
[1.637s]    42 |             std::bind(&MechSeqNode::[01;31m[Kdaiza_handle_accepted[m[K, this, _1));
[1.637s]       |                                     [01;31m[K^~~~~~~~~~~~~~~~~~~~~[m[K
[1.637s] [01m[K/ROS_ws/src/mecha_control/src/cmd_seq.cpp:[m[K At global scope:
[1.637s] [01m[K/ROS_ws/src/mecha_control/src/cmd_seq.cpp:49:1:[m[K [01;31m[Kerror: [m[Kexpected unqualified-id before â€˜[01m[Kprivate[m[Kâ€™
[1.637s]    49 | [01;31m[Kprivate[m[K:
[1.637s]       | [01;31m[K^~~~~~~[m[K
[1.679s] [01m[K/ROS_ws/src/mecha_control/src/cmd_seq.cpp:74:5:[m[K [01;31m[Kerror: [m[Kâ€˜[01m[Krclcpp_action[m[Kâ€™ does not name a type
[1.679s]    74 |     [01;31m[Krclcpp_action[m[K::GoalResponse daiza_handle_goal(
[1.679s]       |     [01;31m[K^~~~~~~~~~~~~[m[K
[1.680s] [01m[K/ROS_ws/src/mecha_control/src/cmd_seq.cpp:82:5:[m[K [01;31m[Kerror: [m[Kâ€˜[01m[Krclcpp_action[m[Kâ€™ does not name a type
[1.680s]    82 |     [01;31m[Krclcpp_action[m[K::CancelResponse daiza_handle_cancel(
[1.680s]       |     [01;31m[K^~~~~~~~~~~~~[m[K
[1.684s] [01m[K/ROS_ws/src/mecha_control/src/cmd_seq.cpp:89:48:[m[K [01;31m[Kerror: [m[Kâ€˜[01m[KGoalHandleDaizaCmd[m[Kâ€™ was not declared in this scope
[1.684s]    89 |     void handle_accepted(const std::shared_ptr<[01;31m[KGoalHandleDaizaCmd[m[K> goal_handle)
[1.684s]       |                                                [01;31m[K^~~~~~~~~~~~~~~~~~[m[K
[1.684s] [01m[K/ROS_ws/src/mecha_control/src/cmd_seq.cpp:89:66:[m[K [01;31m[Kerror: [m[Ktemplate argument 1 is invalid
[1.684s]    89 |     void handle_accepted(const std::shared_ptr<GoalHandleDaizaCmd[01;31m[K>[m[K goal_handle)
[1.684s]       |                                                                  [01;31m[K^[m[K
[1.684s] [01m[K/ROS_ws/src/mecha_control/src/cmd_seq.cpp:[m[K In function â€˜[01m[Kvoid handle_accepted(int)[m[Kâ€™:
[1.684s] [01m[K/ROS_ws/src/mecha_control/src/cmd_seq.cpp:93:45:[m[K [01;31m[Kerror: [m[Kâ€˜[01m[Kdaiza_cmd_execute[m[Kâ€™ is not a member of â€˜[01m[KMechSeqNode[m[Kâ€™
[1.684s]    93 |         std::thread{std::bind(&MechSeqNode::[01;31m[Kdaiza_cmd_execute[m[K, this, _1), goal_handle}.detach();
[1.684s]       |                                             [01;31m[K^~~~~~~~~~~~~~~~~[m[K
[1.684s] [01m[K/ROS_ws/src/mecha_control/src/cmd_seq.cpp:93:64:[m[K [01;31m[Kerror: [m[Kinvalid use of â€˜[01m[Kthis[m[Kâ€™ in non-member function
[1.684s]    93 |         std::thread{std::bind(&MechSeqNode::daiza_cmd_execute, [01;31m[Kthis[m[K, _1), goal_handle}.detach();
[1.684s]       |                                                                [01;31m[K^~~~[m[K
[1.684s] [01m[K/ROS_ws/src/mecha_control/src/cmd_seq.cpp:93:86:[m[K [01;31m[Kerror: [m[Kno matching function for call to â€˜[01m[Kstd::thread::thread(<brace-enclosed initializer list>)[m[Kâ€™
[1.684s]    93 |         std::thread{std::bind(&MechSeqNode::daiza_cmd_execute, this, _1), goal_handle[01;31m[K}[m[K.detach();
[1.684s]       |                                                                                      [01;31m[K^[m[K
[1.684s] In file included from [01m[K/usr/include/c++/11/future:48[m[K,
[1.684s]                  from [01m[K/opt/ros/humble/include/rclcpp/rclcpp/executors.hpp:18[m[K,
[1.684s]                  from [01m[K/opt/ros/humble/include/rclcpp/rclcpp/rclcpp.hpp:155[m[K,
[1.685s]                  from [01m[K/ROS_ws/src/mecha_control/src/cmd_seq.cpp:1[m[K:
[1.685s] [01m[K/usr/include/c++/11/bits/std_thread.h:127:7:[m[K [01;36m[Knote: [m[Kcandidate: â€˜[01m[Ktemplate<class _Callable, class ... _Args, class> std::thread::thread(_Callable&&, _Args&& ...)[m[Kâ€™
[1.685s]   127 |       [01;36m[Kthread[m[K(_Callable&& __f, _Args&&... __args)
[1.685s]       |       [01;36m[K^~~~~~[m[K
[1.685s] [01m[K/usr/include/c++/11/bits/std_thread.h:127:7:[m[K [01;36m[Knote: [m[K  template argument deduction/substitution failed:
[1.685s] [01m[K/usr/include/c++/11/bits/std_thread.h:157:5:[m[K [01;36m[Knote: [m[Kcandidate: â€˜[01m[Kstd::thread::thread(std::thread&&)[m[Kâ€™
[1.685s]   157 |     [01;36m[Kthread[m[K(thread&& __t) noexcept
[1.685s]       |     [01;36m[K^~~~~~[m[K
[1.686s] [01m[K/usr/include/c++/11/bits/std_thread.h:157:5:[m[K [01;36m[Knote: [m[K  candidate expects 1 argument, 2 provided
[1.686s] [01m[K/usr/include/c++/11/bits/std_thread.h:121:5:[m[K [01;36m[Knote: [m[Kcandidate: â€˜[01m[Kstd::thread::thread()[m[Kâ€™
[1.686s]   121 |     [01;36m[Kthread[m[K() noexcept = default;
[1.686s]       |     [01;36m[K^~~~~~[m[K
[1.686s] [01m[K/usr/include/c++/11/bits/std_thread.h:121:5:[m[K [01;36m[Knote: [m[K  candidate expects 0 arguments, 2 provided
[1.690s] [01m[K/ROS_ws/src/mecha_control/src/cmd_seq.cpp:[m[K At global scope:
[1.690s] [01m[K/ROS_ws/src/mecha_control/src/cmd_seq.cpp:95:50:[m[K [01;31m[Kerror: [m[Kâ€˜[01m[KGoalHandleDaizaCmd[m[Kâ€™ was not declared in this scope
[1.690s]    95 |     void daiza_cmd_execute(const std::shared_ptr<[01;31m[KGoalHandleDaizaCmd[m[K> goal_handle)
[1.690s]       |                                                  [01;31m[K^~~~~~~~~~~~~~~~~~[m[K
[1.690s] [01m[K/ROS_ws/src/mecha_control/src/cmd_seq.cpp:95:68:[m[K [01;31m[Kerror: [m[Ktemplate argument 1 is invalid
[1.690s]    95 |     void daiza_cmd_execute(const std::shared_ptr<GoalHandleDaizaCmd[01;31m[K>[m[K goal_handle)
[1.690s]       |                                                                    [01;31m[K^[m[K
[1.690s] In file included from [01m[K/opt/ros/humble/include/rclcpp/rclcpp/client.hpp:40[m[K,
[1.690s]                  from [01m[K/opt/ros/humble/include/rclcpp/rclcpp/callback_group.hpp:24[m[K,
[1.690s]                  from [01m[K/opt/ros/humble/include/rclcpp/rclcpp/any_executable.hpp:20[m[K,
[1.690s]                  from [01m[K/opt/ros/humble/include/rclcpp/rclcpp/memory_strategy.hpp:25[m[K,
[1.690s]                  from [01m[K/opt/ros/humble/include/rclcpp/rclcpp/memory_strategies.hpp:18[m[K,
[1.690s]                  from [01m[K/opt/ros/humble/include/rclcpp/rclcpp/executor_options.hpp:20[m[K,
[1.690s]                  from [01m[K/opt/ros/humble/include/rclcpp/rclcpp/executor.hpp:37[m[K,
[1.691s]                  from [01m[K/opt/ros/humble/include/rclcpp/rclcpp/executors/multi_threaded_executor.hpp:25[m[K,
[1.691s]                  from [01m[K/opt/ros/humble/include/rclcpp/rclcpp/executors.hpp:21[m[K,
[1.691s]                  from [01m[K/opt/ros/humble/include/rclcpp/rclcpp/rclcpp.hpp:155[m[K,
[1.691s]                  from [01m[K/ROS_ws/src/mecha_control/src/cmd_seq.cpp:1[m[K:
[1.691s] [01m[K/ROS_ws/src/mecha_control/src/cmd_seq.cpp:[m[K In function â€˜[01m[Kvoid daiza_cmd_execute(int)[m[Kâ€™:
[1.691s] [01m[K/ROS_ws/src/mecha_control/src/cmd_seq.cpp:97:21:[m[K [01;31m[Kerror: [m[Kinvalid use of â€˜[01m[Kthis[m[Kâ€™ in non-member function
[1.691s]    97 |         RCLCPP_INFO([01;31m[Kthis[m[K->get_logger(), "Executing goal");
[1.691s]       |                     [01;31m[K^~~~[m[K
[1.691s] [01m[K/ROS_ws/src/mecha_control/src/cmd_seq.cpp:97:21:[m[K [01;31m[Kerror: [m[Kinvalid use of â€˜[01m[Kthis[m[Kâ€™ in non-member function
[1.691s] [01m[K/ROS_ws/src/mecha_control/src/cmd_seq.cpp:97:9:[m[K [01;31m[Kerror: [m[Ktemplate argument 1 is invalid
[1.691s]    97 |         [01;31m[KRCLCPP_INFO[m[K(this->get_logger(), "Executing goal");
[1.691s]       |         [01;31m[K^~~~~~~~~~~[m[K
[1.691s] [01m[K/ROS_ws/src/mecha_control/src/cmd_seq.cpp:97:9:[m[K [01;31m[Kerror: [m[Kâ€˜[01m[K<declaration error>[m[Kâ€™ is not a template [[01;31m[K-fpermissive[m[K]
[1.691s]    97 |         [01;31m[KRCLCPP_INFO[m[K(this->get_logger(), "Executing goal");
[1.691s]       |         [01;31m[K^~~~~~~~~~~[m[K
[1.691s] [01m[K/ROS_ws/src/mecha_control/src/cmd_seq.cpp:97:9:[m[K [01;31m[Kerror: [m[Ktemplate argument 1 is invalid
[1.691s]    97 |         [01;31m[KRCLCPP_INFO[m[K(this->get_logger(), "Executing goal");
[1.691s]       |         [01;31m[K^~~~~~~~~~~[m[K
[1.691s] [01m[K/ROS_ws/src/mecha_control/src/cmd_seq.cpp:97:9:[m[K [01;31m[Kerror: [m[Kâ€˜[01m[K<declaration error>[m[Kâ€™ is not a template [[01;31m[K-fpermissive[m[K]
[1.691s]    97 |         [01;31m[KRCLCPP_INFO[m[K(this->get_logger(), "Executing goal");
[1.691s]       |         [01;31m[K^~~~~~~~~~~[m[K
[1.691s] [01m[K/ROS_ws/src/mecha_control/src/cmd_seq.cpp:97:9:[m[K [01;31m[Kerror: [m[Ktemplate argument 1 is invalid
[1.691s]    97 |         [01;31m[KRCLCPP_INFO[m[K(this->get_logger(), "Executing goal");
[1.691s]       |         [01;31m[K^~~~~~~~~~~[m[K
[1.691s] In file included from [01m[K/opt/ros/humble/include/rclcpp/rclcpp/logging.hpp:24[m[K,
[1.691s]                  from [01m[K/opt/ros/humble/include/rclcpp/rclcpp/client.hpp:40[m[K,
[1.691s]                  from [01m[K/opt/ros/humble/include/rclcpp/rclcpp/callback_group.hpp:24[m[K,
[1.692s]                  from [01m[K/opt/ros/humble/include/rclcpp/rclcpp/any_executable.hpp:20[m[K,
[1.692s]                  from [01m[K/opt/ros/humble/include/rclcpp/rclcpp/memory_strategy.hpp:25[m[K,
[1.692s]                  from [01m[K/opt/ros/humble/include/rclcpp/rclcpp/memory_strategies.hpp:18[m[K,
[1.692s]                  from [01m[K/opt/ros/humble/include/rclcpp/rclcpp/executor_options.hpp:20[m[K,
[1.692s]                  from [01m[K/opt/ros/humble/include/rclcpp/rclcpp/executor.hpp:37[m[K,
[1.692s]                  from [01m[K/opt/ros/humble/include/rclcpp/rclcpp/executors/multi_threaded_executor.hpp:25[m[K,
[1.692s]                  from [01m[K/opt/ros/humble/include/rclcpp/rclcpp/executors.hpp:21[m[K,
[1.692s]                  from [01m[K/opt/ros/humble/include/rclcpp/rclcpp/rclcpp.hpp:155[m[K,
[1.692s]                  from [01m[K/ROS_ws/src/mecha_control/src/cmd_seq.cpp:1[m[K:
[1.692s] [01m[K/ROS_ws/src/mecha_control/src/cmd_seq.cpp:97:21:[m[K [01;31m[Kerror: [m[Kinvalid use of â€˜[01m[Kthis[m[Kâ€™ in non-member function
[1.692s]    97 |         RCLCPP_INFO([01;31m[Kthis[m[K->get_logger(), "Executing goal");
[1.692s]       |                     [01;31m[K^~~~[m[K
[1.692s] [01m[K/ROS_ws/src/mecha_control/src/cmd_seq.cpp:97:21:[m[K [01;31m[Kerror: [m[Kinvalid use of â€˜[01m[Kthis[m[Kâ€™ in non-member function
[1.692s]    97 |         RCLCPP_INFO([01;31m[Kthis[m[K->get_logger(), "Executing goal");
[1.692s]       |                     [01;31m[K^~~~[m[K
[1.692s] [01m[K/ROS_ws/src/mecha_control/src/cmd_seq.cpp:99:38:[m[K [01;31m[Kerror: [m[Kbase operand of â€˜[01m[K->[m[Kâ€™ is not a pointer
[1.692s]    99 |         const auto goal = goal_handle[01;31m[K->[m[Kget_goal();
[1.692s]       |                                      [01;31m[K^~[m[K
[1.692s] [01m[K/ROS_ws/src/mecha_control/src/cmd_seq.cpp:100:42:[m[K [01;31m[Kerror: [m[Kâ€˜[01m[KDaizaCmd[m[Kâ€™ was not declared in this scope; did you mean â€˜[01m[Kmecha_control::action::DaizaCmd[m[Kâ€™?
[1.692s]   100 |         auto feedback = std::make_shared<[01;31m[KDaizaCmd[m[K::Feedback>();
[1.692s]       |                                          [01;31m[K^~~~~~~~[m[K
[1.693s]       |                                          [32m[Kmecha_control::action::DaizaCmd[m[K
[1.693s] In file included from [01m[K/ROS_ws/build/mecha_control/rosidl_generator_cpp/mecha_control/action/daiza_cmd.hpp:7[m[K,
[1.693s]                  from [01m[K/ROS_ws/src/mecha_control/src/cmd_seq.cpp:4[m[K:
[1.693s] [01m[K/ROS_ws/build/mecha_control/rosidl_generator_cpp/mecha_control/action/detail/daiza_cmd__struct.hpp:1141:25:[m[K [01;36m[Knote: [m[Kâ€˜[01m[Kmecha_control::action::DaizaCmd[m[Kâ€™ declared here
[1.693s]  1141 | typedef struct DaizaCmd [01;36m[KDaizaCmd[m[K;
[1.693s]       |                         [01;36m[K^~~~~~~~[m[K
[1.693s] [01m[K/ROS_ws/src/mecha_control/src/cmd_seq.cpp:100:30:[m[K [01;31m[Kerror: [m[Kparse error in template argument list
[1.693s]   100 |         auto feedback = std::[01;31m[Kmake_shared<DaizaCmd::Feedback>[m[K();
[1.693s]       |                              [01;31m[K^~~~~~~~~~~~~~~~~~~~~~~~~~~~~~~[m[K
[1.693s] [01m[K/ROS_ws/src/mecha_control/src/cmd_seq.cpp:100:61:[m[K [01;31m[Kerror: [m[Kno matching function for call to â€˜[01m[Kmake_shared<<expression error> >()[m[Kâ€™
[1.693s]   100 |         auto feedback = [01;31m[Kstd::make_shared<DaizaCmd::Feedback>()[m[K;
[1.693s]       |                         [01;31m[K~~~~~~~~~~~~~~~~~~~~~~~~~~~~~~~~~~~~^~[m[K
[1.693s] In file included from [01m[K/usr/include/c++/11/memory:77[m[K,
[1.693s]                  from [01m[K/opt/ros/humble/include/rclcpp/rclcpp/rclcpp.hpp:153[m[K,
[1.693s]                  from [01m[K/ROS_ws/src/mecha_control/src/cmd_seq.cpp:1[m[K:
[1.693s] [01m[K/usr/include/c++/11/bits/shared_ptr.h:875:5:[m[K [01;36m[Knote: [m[Kcandidate: â€˜[01m[Ktemplate<class _Tp, class ... _Args> std::shared_ptr<_Tp> std::make_shared(_Args&& ...)[m[Kâ€™
[1.693s]   875 |     [01;36m[Kmake_shared[m[K(_Args&&... __args)
[1.693s]       |     [01;36m[K^~~~~~~~~~~[m[K
[1.693s] [01m[K/usr/include/c++/11/bits/shared_ptr.h:875:5:[m[K [01;36m[Knote: [m[K  template argument deduction/substitution failed:
[1.693s] [01m[K/ROS_ws/src/mecha_control/src/cmd_seq.cpp:100:61:[m[K [01;31m[Kerror: [m[Ktemplate argument 1 is invalid
[1.693s]   100 |         auto feedback = [01;31m[Kstd::make_shared<DaizaCmd::Feedback>()[m[K;
[1.693s]       |                         [01;31m[K~~~~~~~~~~~~~~~~~~~~~~~~~~~~~~~~~~~~^~[m[K
[1.693s] [01m[K/ROS_ws/src/mecha_control/src/cmd_seq.cpp:101:28:[m[K [01;31m[Kerror: [m[Kparse error in template argument list
[1.693s]   101 |         auto result = std::[01;31m[Kmake_shared<DaizaCmd::Result>[m[K();
[1.693s]       |                            [01;31m[K^~~~~~~~~~~~~~~~~~~~~~~~~~~~~[m[K
[1.693s] [01m[K/ROS_ws/src/mecha_control/src/cmd_seq.cpp:101:57:[m[K [01;31m[Kerror: [m[Kno matching function for call to â€˜[01m[Kmake_shared<DaizaCmd>()[m[Kâ€™
[1.693s]   101 |         auto result = [01;31m[Kstd::make_shared<DaizaCmd::Result>()[m[K;
[1.693s]       |                       [01;31m[K~~~~~~~~~~~~~~~~~~~~~~~~~~~~~~~~~~^~[m[K
[1.693s] In file included from [01m[K/usr/include/c++/11/memory:77[m[K,
[1.693s]                  from [01m[K/opt/ros/humble/include/rclcpp/rclcpp/rclcpp.hpp:153[m[K,
[1.693s]                  from [01m[K/ROS_ws/src/mecha_control/src/cmd_seq.cpp:1[m[K:
[1.693s] [01m[K/usr/include/c++/11/bits/shared_ptr.h:875:5:[m[K [01;36m[Knote: [m[Kcandidate: â€˜[01m[Ktemplate<class _Tp, class ... _Args> std::shared_ptr<_Tp> std::make_shared(_Args&& ...)[m[Kâ€™
[1.693s]   875 |     [01;36m[Kmake_shared[m[K(_Args&&... __args)
[1.693s]       |     [01;36m[K^~~~~~~~~~~[m[K
[1.693s] [01m[K/usr/include/c++/11/bits/shared_ptr.h:875:5:[m[K [01;36m[Knote: [m[K  template argument deduction/substitution failed:
[1.693s] [01m[K/ROS_ws/src/mecha_control/src/cmd_seq.cpp:105:28:[m[K [01;31m[Kerror: [m[Kbase operand of â€˜[01m[K->[m[Kâ€™ is not a pointer
[1.693s]   105 |             if (goal_handle[01;31m[K->[m[Kis_canceling()) {
[1.694s]       |                            [01;31m[K^~[m[K
[1.694s] [01m[K/ROS_ws/src/mecha_control/src/cmd_seq.cpp:107:28:[m[K [01;31m[Kerror: [m[Kbase operand of â€˜[01m[K->[m[Kâ€™ is not a pointer
[1.694s]   107 |                 goal_handle[01;31m[K->[m[Kcanceled(result);
[1.694s]       |                            [01;31m[K^~[m[K
[1.694s] In file included from [01m[K/opt/ros/humble/include/rclcpp/rclcpp/client.hpp:40[m[K,
[1.694s]                  from [01m[K/opt/ros/humble/include/rclcpp/rclcpp/callback_group.hpp:24[m[K,
[1.694s]                  from [01m[K/opt/ros/humble/include/rclcpp/rclcpp/any_executable.hpp:20[m[K,
[1.694s]                  from [01m[K/opt/ros/humble/include/rclcpp/rclcpp/memory_strategy.hpp:25[m[K,
[1.694s]                  from [01m[K/opt/ros/humble/include/rclcpp/rclcpp/memory_strategies.hpp:18[m[K,
[1.694s]                  from [01m[K/opt/ros/humble/include/rclcpp/rclcpp/executor_options.hpp:20[m[K,
[1.694s]                  from [01m[K/opt/ros/humble/include/rclcpp/rclcpp/executor.hpp:37[m[K,
[1.694s]                  from [01m[K/opt/ros/humble/include/rclcpp/rclcpp/executors/multi_threaded_executor.hpp:25[m[K,
[1.694s]                  from [01m[K/opt/ros/humble/include/rclcpp/rclcpp/executors.hpp:21[m[K,
[1.694s]                  from [01m[K/opt/ros/humble/include/rclcpp/rclcpp/rclcpp.hpp:155[m[K,
[1.694s]                  from [01m[K/ROS_ws/src/mecha_control/src/cmd_seq.cpp:1[m[K:
[1.694s] [01m[K/ROS_ws/src/mecha_control/src/cmd_seq.cpp:108:29:[m[K [01;31m[Kerror: [m[Kinvalid use of â€˜[01m[Kthis[m[Kâ€™ in non-member function
[1.694s]   108 |                 RCLCPP_INFO([01;31m[Kthis[m[K->get_logger(), "Goal canceled");
[1.694s]       |                             [01;31m[K^~~~[m[K
[1.694s] [01m[K/ROS_ws/src/mecha_control/src/cmd_seq.cpp:108:29:[m[K [01;31m[Kerror: [m[Kinvalid use of â€˜[01m[Kthis[m[Kâ€™ in non-member function
[1.694s] [01m[K/ROS_ws/src/mecha_control/src/cmd_seq.cpp:108:17:[m[K [01;31m[Kerror: [m[Ktemplate argument 1 is invalid
[1.694s]   108 |                 [01;31m[KRCLCPP_INFO[m[K(this->get_logger(), "Goal canceled");
[1.694s]       |                 [01;31m[K^~~~~~~~~~~[m[K
[1.694s] [01m[K/ROS_ws/src/mecha_control/src/cmd_seq.cpp:108:17:[m[K [01;31m[Kerror: [m[Kâ€˜[01m[K<declaration error>[m[Kâ€™ is not a template [[01;31m[K-fpermissive[m[K]
[1.694s]   108 |                 [01;31m[KRCLCPP_INFO[m[K(this->get_logger(), "Goal canceled");
[1.694s]       |                 [01;31m[K^~~~~~~~~~~[m[K
[1.694s] [01m[K/ROS_ws/src/mecha_control/src/cmd_seq.cpp:108:17:[m[K [01;31m[Kerror: [m[Ktemplate argument 1 is invalid
[1.694s]   108 |                 [01;31m[KRCLCPP_INFO[m[K(this->get_logger(), "Goal canceled");
[1.694s]       |                 [01;31m[K^~~~~~~~~~~[m[K
[1.694s] [01m[K/ROS_ws/src/mecha_control/src/cmd_seq.cpp:108:17:[m[K [01;31m[Kerror: [m[Kâ€˜[01m[K<declaration error>[m[Kâ€™ is not a template [[01;31m[K-fpermissive[m[K]
[1.694s]   108 |                 [01;31m[KRCLCPP_INFO[m[K(this->get_logger(), "Goal canceled");
[1.694s]       |                 [01;31m[K^~~~~~~~~~~[m[K
[1.694s] [01m[K/ROS_ws/src/mecha_control/src/cmd_seq.cpp:108:17:[m[K [01;31m[Kerror: [m[Ktemplate argument 1 is invalid
[1.694s]   108 |                 [01;31m[KRCLCPP_INFO[m[K(this->get_logger(), "Goal canceled");
[1.694s]       |                 [01;31m[K^~~~~~~~~~~[m[K
[1.694s] In file included from [01m[K/opt/ros/humble/include/rclcpp/rclcpp/logging.hpp:24[m[K,
[1.694s]                  from [01m[K/opt/ros/humble/include/rclcpp/rclcpp/client.hpp:40[m[K,
[1.694s]                  from [01m[K/opt/ros/humble/include/rclcpp/rclcpp/callback_group.hpp:24[m[K,
[1.694s]                  from [01m[K/opt/ros/humble/include/rclcpp/rclcpp/any_executable.hpp:20[m[K,
[1.694s]                  from [01m[K/opt/ros/humble/include/rclcpp/rclcpp/memory_strategy.hpp:25[m[K,
[1.695s]                  from [01m[K/opt/ros/humble/include/rclcpp/rclcpp/memory_strategies.hpp:18[m[K,
[1.695s]                  from [01m[K/opt/ros/humble/include/rclcpp/rclcpp/executor_options.hpp:20[m[K,
[1.695s]                  from [01m[K/opt/ros/humble/include/rclcpp/rclcpp/executor.hpp:37[m[K,
[1.695s]                  from [01m[K/opt/ros/humble/include/rclcpp/rclcpp/executors/multi_threaded_executor.hpp:25[m[K,
[1.695s]                  from [01m[K/opt/ros/humble/include/rclcpp/rclcpp/executors.hpp:21[m[K,
[1.695s]                  from [01m[K/opt/ros/humble/include/rclcpp/rclcpp/rclcpp.hpp:155[m[K,
[1.695s]                  from [01m[K/ROS_ws/src/mecha_control/src/cmd_seq.cpp:1[m[K:
[1.695s] [01m[K/ROS_ws/src/mecha_control/src/cmd_seq.cpp:108:29:[m[K [01;31m[Kerror: [m[Kinvalid use of â€˜[01m[Kthis[m[Kâ€™ in non-member function
[1.695s]   108 |                 RCLCPP_INFO([01;31m[Kthis[m[K->get_logger(), "Goal canceled");
[1.695s]       |                             [01;31m[K^~~~[m[K
[1.695s] [01m[K/ROS_ws/src/mecha_control/src/cmd_seq.cpp:108:29:[m[K [01;31m[Kerror: [m[Kinvalid use of â€˜[01m[Kthis[m[Kâ€™ in non-member function
[1.695s]   108 |                 RCLCPP_INFO([01;31m[Kthis[m[K->get_logger(), "Goal canceled");
[1.695s]       |                             [01;31m[K^~~~[m[K
[1.695s] [01m[K/ROS_ws/src/mecha_control/src/cmd_seq.cpp:112:24:[m[K [01;31m[Kerror: [m[Kbase operand of â€˜[01m[K->[m[Kâ€™ is not a pointer
[1.695s]   112 |             goal_handle[01;31m[K->[m[Kpublish_feedback(feedback);
[1.695s]       |                        [01;31m[K^~[m[K
[1.695s] In file included from [01m[K/opt/ros/humble/include/rclcpp/rclcpp/client.hpp:40[m[K,
[1.695s]                  from [01m[K/opt/ros/humble/include/rclcpp/rclcpp/callback_group.hpp:24[m[K,
[1.695s]                  from [01m[K/opt/ros/humble/include/rclcpp/rclcpp/any_executable.hpp:20[m[K,
[1.695s]                  from [01m[K/opt/ros/humble/include/rclcpp/rclcpp/memory_strategy.hpp:25[m[K,
[1.695s]                  from [01m[K/opt/ros/humble/include/rclcpp/rclcpp/memory_strategies.hpp:18[m[K,
[1.695s]                  from [01m[K/opt/ros/humble/include/rclcpp/rclcpp/executor_options.hpp:20[m[K,
[1.695s]                  from [01m[K/opt/ros/humble/include/rclcpp/rclcpp/executor.hpp:37[m[K,
[1.695s]                  from [01m[K/opt/ros/humble/include/rclcpp/rclcpp/executors/multi_threaded_executor.hpp:25[m[K,
[1.695s]                  from [01m[K/opt/ros/humble/include/rclcpp/rclcpp/executors.hpp:21[m[K,
[1.695s]                  from [01m[K/opt/ros/humble/include/rclcpp/rclcpp/rclcpp.hpp:155[m[K,
[1.695s]                  from [01m[K/ROS_ws/src/mecha_control/src/cmd_seq.cpp:1[m[K:
[1.695s] [01m[K/ROS_ws/src/mecha_control/src/cmd_seq.cpp:113:25:[m[K [01;31m[Kerror: [m[Kinvalid use of â€˜[01m[Kthis[m[Kâ€™ in non-member function
[1.695s]   113 |             RCLCPP_INFO([01;31m[Kthis[m[K->get_logger(), "Publish feedback");
[1.695s]       |                         [01;31m[K^~~~[m[K
[1.695s] [01m[K/ROS_ws/src/mecha_control/src/cmd_seq.cpp:113:25:[m[K [01;31m[Kerror: [m[Kinvalid use of â€˜[01m[Kthis[m[Kâ€™ in non-member function
[1.695s] [01m[K/ROS_ws/src/mecha_control/src/cmd_seq.cpp:113:13:[m[K [01;31m[Kerror: [m[Ktemplate argument 1 is invalid
[1.696s]   113 |             [01;31m[KRCLCPP_INFO[m[K(this->get_logger(), "Publish feedback");
[1.696s]       |             [01;31m[K^~~~~~~~~~~[m[K
[1.696s] [01m[K/ROS_ws/src/mecha_control/src/cmd_seq.cpp:113:13:[m[K [01;31m[Kerror: [m[Kâ€˜[01m[K<declaration error>[m[Kâ€™ is not a template [[01;31m[K-fpermissive[m[K]
[1.696s]   113 |             [01;31m[KRCLCPP_INFO[m[K(this->get_logger(), "Publish feedback");
[1.696s]       |             [01;31m[K^~~~~~~~~~~[m[K
[1.696s] [01m[K/ROS_ws/src/mecha_control/src/cmd_seq.cpp:113:13:[m[K [01;31m[Kerror: [m[Ktemplate argument 1 is invalid
[1.696s]   113 |             [01;31m[KRCLCPP_INFO[m[K(this->get_logger(), "Publish feedback");
[1.696s]       |             [01;31m[K^~~~~~~~~~~[m[K
[1.696s] [01m[K/ROS_ws/src/mecha_control/src/cmd_seq.cpp:113:13:[m[K [01;31m[Kerror: [m[Kâ€˜[01m[K<declaration error>[m[Kâ€™ is not a template [[01;31m[K-fpermissive[m[K]
[1.696s]   113 |             [01;31m[KRCLCPP_INFO[m[K(this->get_logger(), "Publish feedback");
[1.696s]       |             [01;31m[K^~~~~~~~~~~[m[K
[1.696s] [01m[K/ROS_ws/src/mecha_control/src/cmd_seq.cpp:113:13:[m[K [01;31m[Kerror: [m[Ktemplate argument 1 is invalid
[1.696s]   113 |             [01;31m[KRCLCPP_INFO[m[K(this->get_logger(), "Publish feedback");
[1.696s]       |             [01;31m[K^~~~~~~~~~~[m[K
[1.696s] In file included from [01m[K/opt/ros/humble/include/rclcpp/rclcpp/logging.hpp:24[m[K,
[1.696s]                  from [01m[K/opt/ros/humble/include/rclcpp/rclcpp/client.hpp:40[m[K,
[1.696s]                  from [01m[K/opt/ros/humble/include/rclcpp/rclcpp/callback_group.hpp:24[m[K,
[1.696s]                  from [01m[K/opt/ros/humble/include/rclcpp/rclcpp/any_executable.hpp:20[m[K,
[1.696s]                  from [01m[K/opt/ros/humble/include/rclcpp/rclcpp/memory_strategy.hpp:25[m[K,
[1.696s]                  from [01m[K/opt/ros/humble/include/rclcpp/rclcpp/memory_strategies.hpp:18[m[K,
[1.696s]                  from [01m[K/opt/ros/humble/include/rclcpp/rclcpp/executor_options.hpp:20[m[K,
[1.696s]                  from [01m[K/opt/ros/humble/include/rclcpp/rclcpp/executor.hpp:37[m[K,
[1.696s]                  from [01m[K/opt/ros/humble/include/rclcpp/rclcpp/executors/multi_threaded_executor.hpp:25[m[K,
[1.696s]                  from [01m[K/opt/ros/humble/include/rclcpp/rclcpp/executors.hpp:21[m[K,
[1.696s]                  from [01m[K/opt/ros/humble/include/rclcpp/rclcpp/rclcpp.hpp:155[m[K,
[1.696s]                  from [01m[K/ROS_ws/src/mecha_control/src/cmd_seq.cpp:1[m[K:
[1.696s] [01m[K/ROS_ws/src/mecha_control/src/cmd_seq.cpp:113:25:[m[K [01;31m[Kerror: [m[Kinvalid use of â€˜[01m[Kthis[m[Kâ€™ in non-member function
[1.696s]   113 |             RCLCPP_INFO([01;31m[Kthis[m[K->get_logger(), "Publish feedback");
[1.696s]       |                         [01;31m[K^~~~[m[K
[1.696s] [01m[K/ROS_ws/src/mecha_control/src/cmd_seq.cpp:113:25:[m[K [01;31m[Kerror: [m[Kinvalid use of â€˜[01m[Kthis[m[Kâ€™ in non-member function
[1.696s]   113 |             RCLCPP_INFO([01;31m[Kthis[m[K->get_logger(), "Publish feedback");
[1.696s]       |                         [01;31m[K^~~~[m[K
[1.696s] [01m[K/ROS_ws/src/mecha_control/src/cmd_seq.cpp:119:24:[m[K [01;31m[Kerror: [m[Kbase operand of â€˜[01m[K->[m[Kâ€™ is not a pointer
[1.696s]   119 |             goal_handle[01;31m[K->[m[Ksucceed(result);
[1.696s]       |                        [01;31m[K^~[m[K
[1.696s] In file included from [01m[K/opt/ros/humble/include/rclcpp/rclcpp/client.hpp:40[m[K,
[1.696s]                  from [01m[K/opt/ros/humble/include/rclcpp/rclcpp/callback_group.hpp:24[m[K,
[1.696s]                  from [01m[K/opt/ros/humble/include/rclcpp/rclcpp/any_executable.hpp:20[m[K,
[1.696s]                  from [01m[K/opt/ros/humble/include/rclcpp/rclcpp/memory_strategy.hpp:25[m[K,
[1.696s]                  from [01m[K/opt/ros/humble/include/rclcpp/rclcpp/memory_strategies.hpp:18[m[K,
[1.696s]                  from [01m[K/opt/ros/humble/include/rclcpp/rclcpp/executor_options.hpp:20[m[K,
[1.697s]                  from [01m[K/opt/ros/humble/include/rclcpp/rclcpp/executor.hpp:37[m[K,
[1.697s]                  from [01m[K/opt/ros/humble/include/rclcpp/rclcpp/executors/multi_threaded_executor.hpp:25[m[K,
[1.697s]                  from [01m[K/opt/ros/humble/include/rclcpp/rclcpp/executors.hpp:21[m[K,
[1.697s]                  from [01m[K/opt/ros/humble/include/rclcpp/rclcpp/rclcpp.hpp:155[m[K,
[1.697s]                  from [01m[K/ROS_ws/src/mecha_control/src/cmd_seq.cpp:1[m[K:
[1.697s] [01m[K/ROS_ws/src/mecha_control/src/cmd_seq.cpp:120:25:[m[K [01;31m[Kerror: [m[Kinvalid use of â€˜[01m[Kthis[m[Kâ€™ in non-member function
[1.697s]   120 |             RCLCPP_INFO([01;31m[Kthis[m[K->get_logger(), "Goal succeeded");
[1.697s]       |                         [01;31m[K^~~~[m[K
[1.697s] [01m[K/ROS_ws/src/mecha_control/src/cmd_seq.cpp:120:25:[m[K [01;31m[Kerror: [m[Kinvalid use of â€˜[01m[Kthis[m[Kâ€™ in non-member function
[1.697s] [01m[K/ROS_ws/src/mecha_control/src/cmd_seq.cpp:120:13:[m[K [01;31m[Kerror: [m[Ktemplate argument 1 is invalid
[1.697s]   120 |             [01;31m[KRCLCPP_INFO[m[K(this->get_logger(), "Goal succeeded");
[1.697s]       |             [01;31m[K^~~~~~~~~~~[m[K
[1.697s] [01m[K/ROS_ws/src/mecha_control/src/cmd_seq.cpp:120:13:[m[K [01;31m[Kerror: [m[Kâ€˜[01m[K<declaration error>[m[Kâ€™ is not a template [[01;31m[K-fpermissive[m[K]
[1.697s]   120 |             [01;31m[KRCLCPP_INFO[m[K(this->get_logger(), "Goal succeeded");
[1.697s]       |             [01;31m[K^~~~~~~~~~~[m[K
[1.697s] [01m[K/ROS_ws/src/mecha_control/src/cmd_seq.cpp:120:13:[m[K [01;31m[Kerror: [m[Ktemplate argument 1 is invalid
[1.697s]   120 |             [01;31m[KRCLCPP_INFO[m[K(this->get_logger(), "Goal succeeded");
[1.697s]       |             [01;31m[K^~~~~~~~~~~[m[K
[1.697s] [01m[K/ROS_ws/src/mecha_control/src/cmd_seq.cpp:120:13:[m[K [01;31m[Kerror: [m[Kâ€˜[01m[K<declaration error>[m[Kâ€™ is not a template [[01;31m[K-fpermissive[m[K]
[1.697s]   120 |             [01;31m[KRCLCPP_INFO[m[K(this->get_logger(), "Goal succeeded");
[1.697s]       |             [01;31m[K^~~~~~~~~~~[m[K
[1.697s] [01m[K/ROS_ws/src/mecha_control/src/cmd_seq.cpp:120:13:[m[K [01;31m[Kerror: [m[Ktemplate argument 1 is invalid
[1.697s]   120 |             [01;31m[KRCLCPP_INFO[m[K(this->get_logger(), "Goal succeeded");
[1.697s]       |             [01;31m[K^~~~~~~~~~~[m[K
[1.697s] In file included from [01m[K/opt/ros/humble/include/rclcpp/rclcpp/logging.hpp:24[m[K,
[1.697s]                  from [01m[K/opt/ros/humble/include/rclcpp/rclcpp/client.hpp:40[m[K,
[1.697s]                  from [01m[K/opt/ros/humble/include/rclcpp/rclcpp/callback_group.hpp:24[m[K,
[1.697s]                  from [01m[K/opt/ros/humble/include/rclcpp/rclcpp/any_executable.hpp:20[m[K,
[1.697s]                  from [01m[K/opt/ros/humble/include/rclcpp/rclcpp/memory_strategy.hpp:25[m[K,
[1.697s]                  from [01m[K/opt/ros/humble/include/rclcpp/rclcpp/memory_strategies.hpp:18[m[K,
[1.697s]                  from [01m[K/opt/ros/humble/include/rclcpp/rclcpp/executor_options.hpp:20[m[K,
[1.697s]                  from [01m[K/opt/ros/humble/include/rclcpp/rclcpp/executor.hpp:37[m[K,
[1.697s]                  from [01m[K/opt/ros/humble/include/rclcpp/rclcpp/executors/multi_threaded_executor.hpp:25[m[K,
[1.697s]                  from [01m[K/opt/ros/humble/include/rclcpp/rclcpp/executors.hpp:21[m[K,
[1.697s]                  from [01m[K/opt/ros/humble/include/rclcpp/rclcpp/rclcpp.hpp:155[m[K,
[1.697s]                  from [01m[K/ROS_ws/src/mecha_control/src/cmd_seq.cpp:1[m[K:
[1.697s] [01m[K/ROS_ws/src/mecha_control/src/cmd_seq.cpp:120:25:[m[K [01;31m[Kerror: [m[Kinvalid use of â€˜[01m[Kthis[m[Kâ€™ in non-member function
[1.697s]   120 |             RCLCPP_INFO([01;31m[Kthis[m[K->get_logger(), "Goal succeeded");
[1.697s]       |                         [01;31m[K^~~~[m[K
[1.697s] [01m[K/ROS_ws/src/mecha_control/src/cmd_seq.cpp:120:25:[m[K [01;31m[Kerror: [m[Kinvalid use of â€˜[01m[Kthis[m[Kâ€™ in non-member function
[1.698s]   120 |             RCLCPP_INFO([01;31m[Kthis[m[K->get_logger(), "Goal succeeded");
[1.698s]       |                         [01;31m[K^~~~[m[K
[1.698s] [01m[K/ROS_ws/src/mecha_control/src/cmd_seq.cpp:[m[K At global scope:
[1.698s] [01m[K/ROS_ws/src/mecha_control/src/cmd_seq.cpp:125:69:[m[K [01;31m[Kerror: [m[Knon-member function â€˜[01m[Kvoid set_bonbori_callback(std::shared_ptr<std_srvs::srv::SetBool_Request_<std::allocator<void> > >, std::shared_ptr<std_srvs::srv::SetBool_Response_<std::allocator<void> > >)[m[Kâ€™ cannot have cv-qualifier
[1.698s]   125 |         std::shared_ptr<std_srvs::srv::SetBool::Response> response) [01;31m[Kconst[m[K
[1.698s]       |                                                                     [01;31m[K^~~~~[m[K
[1.698s] In file included from [01m[K/opt/ros/humble/include/rclcpp/rclcpp/client.hpp:40[m[K,
[1.698s]                  from [01m[K/opt/ros/humble/include/rclcpp/rclcpp/callback_group.hpp:24[m[K,
[1.698s]                  from [01m[K/opt/ros/humble/include/rclcpp/rclcpp/any_executable.hpp:20[m[K,
[1.698s]                  from [01m[K/opt/ros/humble/include/rclcpp/rclcpp/memory_strategy.hpp:25[m[K,
[1.698s]                  from [01m[K/opt/ros/humble/include/rclcpp/rclcpp/memory_strategies.hpp:18[m[K,
[1.698s]                  from [01m[K/opt/ros/humble/include/rclcpp/rclcpp/executor_options.hpp:20[m[K,
[1.698s]                  from [01m[K/opt/ros/humble/include/rclcpp/rclcpp/executor.hpp:37[m[K,
[1.698s]                  from [01m[K/opt/ros/humble/include/rclcpp/rclcpp/executors/multi_threaded_executor.hpp:25[m[K,
[1.698s]                  from [01m[K/opt/ros/humble/include/rclcpp/rclcpp/executors.hpp:21[m[K,
[1.698s]                  from [01m[K/opt/ros/humble/include/rclcpp/rclcpp/rclcpp.hpp:155[m[K,
[1.698s]                  from [01m[K/ROS_ws/src/mecha_control/src/cmd_seq.cpp:1[m[K:
[1.698s] [01m[K/ROS_ws/src/mecha_control/src/cmd_seq.cpp:[m[K In function â€˜[01m[Kvoid set_bonbori_callback(std::shared_ptr<std_srvs::srv::SetBool_Request_<std::allocator<void> > >, std::shared_ptr<std_srvs::srv::SetBool_Response_<std::allocator<void> > >)[m[Kâ€™:
[1.698s] [01m[K/ROS_ws/src/mecha_control/src/cmd_seq.cpp:129:21:[m[K [01;31m[Kerror: [m[Kinvalid use of â€˜[01m[Kthis[m[Kâ€™ in non-member function
[1.698s]   129 |         RCLCPP_INFO([01;31m[Kthis[m[K->get_logger(), "bonbori: %d", request->data);
[1.698s]       |                     [01;31m[K^~~~[m[K
[1.698s] [01m[K/ROS_ws/src/mecha_control/src/cmd_seq.cpp:129:21:[m[K [01;31m[Kerror: [m[Kinvalid use of â€˜[01m[Kthis[m[Kâ€™ in non-member function
[1.698s] [01m[K/ROS_ws/src/mecha_control/src/cmd_seq.cpp:129:9:[m[K [01;31m[Kerror: [m[Ktemplate argument 1 is invalid
[1.698s]   129 |         [01;31m[KRCLCPP_INFO[m[K(this->get_logger(), "bonbori: %d", request->data);
[1.698s]       |         [01;31m[K^~~~~~~~~~~[m[K
[1.698s] [01m[K/ROS_ws/src/mecha_control/src/cmd_seq.cpp:129:9:[m[K [01;31m[Kerror: [m[Kâ€˜[01m[K<declaration error>[m[Kâ€™ is not a template [[01;31m[K-fpermissive[m[K]
[1.698s]   129 |         [01;31m[KRCLCPP_INFO[m[K(this->get_logger(), "bonbori: %d", request->data);
[1.698s]       |         [01;31m[K^~~~~~~~~~~[m[K
[1.698s] [01m[K/ROS_ws/src/mecha_control/src/cmd_seq.cpp:129:9:[m[K [01;31m[Kerror: [m[Ktemplate argument 1 is invalid
[1.698s]   129 |         [01;31m[KRCLCPP_INFO[m[K(this->get_logger(), "bonbori: %d", request->data);
[1.698s]       |         [01;31m[K^~~~~~~~~~~[m[K
[1.698s] [01m[K/ROS_ws/src/mecha_control/src/cmd_seq.cpp:129:9:[m[K [01;31m[Kerror: [m[Kâ€˜[01m[K<declaration error>[m[Kâ€™ is not a template [[01;31m[K-fpermissive[m[K]
[1.698s]   129 |         [01;31m[KRCLCPP_INFO[m[K(this->get_logger(), "bonbori: %d", request->data);
[1.698s]       |         [01;31m[K^~~~~~~~~~~[m[K
[1.698s] [01m[K/ROS_ws/src/mecha_control/src/cmd_seq.cpp:129:9:[m[K [01;31m[Kerror: [m[Ktemplate argument 1 is invalid
[1.698s]   129 |         [01;31m[KRCLCPP_INFO[m[K(this->get_logger(), "bonbori: %d", request->data);
[1.698s]       |         [01;31m[K^~~~~~~~~~~[m[K
[1.698s] In file included from [01m[K/opt/ros/humble/include/rclcpp/rclcpp/logging.hpp:24[m[K,
[1.698s]                  from [01m[K/opt/ros/humble/include/rclcpp/rclcpp/client.hpp:40[m[K,
[1.698s]                  from [01m[K/opt/ros/humble/include/rclcpp/rclcpp/callback_group.hpp:24[m[K,
[1.698s]                  from [01m[K/opt/ros/humble/include/rclcpp/rclcpp/any_executable.hpp:20[m[K,
[1.699s]                  from [01m[K/opt/ros/humble/include/rclcpp/rclcpp/memory_strategy.hpp:25[m[K,
[1.699s]                  from [01m[K/opt/ros/humble/include/rclcpp/rclcpp/memory_strategies.hpp:18[m[K,
[1.699s]                  from [01m[K/opt/ros/humble/include/rclcpp/rclcpp/executor_options.hpp:20[m[K,
[1.699s]                  from [01m[K/opt/ros/humble/include/rclcpp/rclcpp/executor.hpp:37[m[K,
[1.699s]                  from [01m[K/opt/ros/humble/include/rclcpp/rclcpp/executors/multi_threaded_executor.hpp:25[m[K,
[1.699s]                  from [01m[K/opt/ros/humble/include/rclcpp/rclcpp/executors.hpp:21[m[K,
[1.699s]                  from [01m[K/opt/ros/humble/include/rclcpp/rclcpp/rclcpp.hpp:155[m[K,
[1.699s]                  from [01m[K/ROS_ws/src/mecha_control/src/cmd_seq.cpp:1[m[K:
[1.699s] [01m[K/ROS_ws/src/mecha_control/src/cmd_seq.cpp:129:21:[m[K [01;31m[Kerror: [m[Kinvalid use of â€˜[01m[Kthis[m[Kâ€™ in non-member function
[1.699s]   129 |         RCLCPP_INFO([01;31m[Kthis[m[K->get_logger(), "bonbori: %d", request->data);
[1.699s]       |                     [01;31m[K^~~~[m[K
[1.699s] [01m[K/ROS_ws/src/mecha_control/src/cmd_seq.cpp:129:21:[m[K [01;31m[Kerror: [m[Kinvalid use of â€˜[01m[Kthis[m[Kâ€™ in non-member function
[1.699s]   129 |         RCLCPP_INFO([01;31m[Kthis[m[K->get_logger(), "bonbori: %d", request->data);
[1.699s]       |                     [01;31m[K^~~~[m[K
[1.699s] [01m[K/ROS_ws/src/mecha_control/src/cmd_seq.cpp:[m[K At global scope:
[1.699s] [01m[K/ROS_ws/src/mecha_control/src/cmd_seq.cpp:131:72:[m[K [01;31m[Kerror: [m[Knon-member function â€˜[01m[Kvoid daiza_sensor_callback(mecha_control::msg::SensorStates)[m[Kâ€™ cannot have cv-qualifier
[1.699s]   131 |     void daiza_sensor_callback(const mecha_control::msg::SensorStates) [01;31m[Kconst[m[K {}
[1.699s]       |                                                                        [01;31m[K^~~~~[m[K
[1.699s] [01m[K/ROS_ws/src/mecha_control/src/cmd_seq.cpp:132:71:[m[K [01;31m[Kerror: [m[Knon-member function â€˜[01m[Kvoid hina_sensor_callback(mecha_control::msg::SensorStates)[m[Kâ€™ cannot have cv-qualifier
[1.699s]   132 |     void hina_sensor_callback(const mecha_control::msg::SensorStates) [01;31m[Kconst[m[K {}
[1.699s]       |                                                                       [01;31m[K^~~~~[m[K
[1.699s] [01m[K/ROS_ws/src/mecha_control/src/cmd_seq.cpp:138:1:[m[K [01;31m[Kerror: [m[Kexpected declaration before â€˜[01m[K}[m[Kâ€™ token
[1.699s]   138 | [01;31m[K}[m[K;
[1.699s]       | [01;31m[K^[m[K
[2.101s] gmake[2]: *** [CMakeFiles/cmd_seq.dir/build.make:76: CMakeFiles/cmd_seq.dir/src/cmd_seq.cpp.o] Error 1
[2.101s] gmake[1]: *** [CMakeFiles/Makefile2:595: CMakeFiles/cmd_seq.dir/all] Error 2
[2.102s] gmake: *** [Makefile:146: all] Error 2
[2.103s] Invoked command in '/ROS_ws/build/mecha_control' returned '2': CMAKE_PREFIX_PATH=${CMAKE_PREFIX_PATH}:/ROS_ws/install/calc_vel:/opt/ros/humble /usr/bin/cmake --build /ROS_ws/build/mecha_control -- -j12 -l12
