[0.000000] (-) TimerEvent: {}
[0.000103] (nucleo_agent) JobQueued: {'identifier': 'nucleo_agent', 'dependencies': OrderedDict()}
[0.000139] (nucleo_agent) JobStarted: {'identifier': 'nucleo_agent'}
[0.007547] (nucleo_agent) JobProgress: {'identifier': 'nucleo_agent', 'progress': 'cmake'}
[0.007863] (nucleo_agent) JobProgress: {'identifier': 'nucleo_agent', 'progress': 'build'}
[0.008231] (nucleo_agent) Command: {'cmd': ['/usr/bin/cmake', '--build', '/ROS_ws/build/nucleo_agent', '--', '-j12', '-l12'], 'cwd': '/ROS_ws/build/nucleo_agent', 'env': OrderedDict([('SHLVL', '1'), ('LD_LIBRARY_PATH', '/opt/ros/humble/opt/rviz_ogre_vendor/lib:/opt/ros/humble/lib/x86_64-linux-gnu:/opt/ros/humble/lib'), ('HOME', '/ROS_ws'), ('ROS_PYTHON_VERSION', '3'), ('container', 'podman'), ('COLCON_PREFIX_PATH', '/ROS_ws/install'), ('ROS_DISTRO', 'humble'), ('_', '/usr/bin/colcon'), ('ROS_VERSION', '2'), ('TERM', 'xterm'), ('ROS_LOCALHOST_ONLY', '0'), ('PATH', '/opt/ros/humble/bin:/usr/local/sbin:/usr/local/bin:/usr/sbin:/usr/bin:/sbin:/bin'), ('DISPLAY', ':0'), ('LANG', 'C.UTF-8'), ('AMENT_PREFIX_PATH', '/ROS_ws/install/nucleo_agent:/opt/ros/humble'), ('PWD', '/ROS_ws/build/nucleo_agent'), ('LC_ALL', 'C.UTF-8'), ('PYTHONPATH', '/opt/ros/humble/lib/python3.10/site-packages:/opt/ros/humble/local/lib/python3.10/dist-packages'), ('COLCON', '1'), ('CMAKE_PREFIX_PATH', '/ROS_ws/install/nucleo_agent:/opt/ros/humble')]), 'shell': False}
[0.086968] (nucleo_agent) StdoutLine: {'line': b'\x1b[35m\x1b[1mConsolidate compiler generated dependencies of target nucleo_agent\x1b[0m\n'}
[0.099106] (-) TimerEvent: {}
[0.123160] (nucleo_agent) StdoutLine: {'line': b'[ 50%] \x1b[32mBuilding CXX object CMakeFiles/nucleo_agent.dir/src/nucleo_agent.cpp.o\x1b[0m\n'}
[0.199204] (-) TimerEvent: {}
[0.299412] (-) TimerEvent: {}
[0.322779] (nucleo_agent) StdoutLine: {'line': b'[100%] \x1b[32m\x1b[1mLinking CXX executable nucleo_agent\x1b[0m\n'}
[0.399540] (-) TimerEvent: {}
[0.427883] (nucleo_agent) StderrLine: {'line': b"/usr/bin/ld: CMakeFiles/nucleo_agent.dir/src/nucleo_agent.cpp.o: in function `main':\n"}
[0.428018] (nucleo_agent) StderrLine: {'line': b"nucleo_agent.cpp:(.text+0x21): undefined reference to `udev_new'\n"}
[0.428057] (nucleo_agent) StderrLine: {'line': b"/usr/bin/ld: nucleo_agent.cpp:(.text+0x6d): undefined reference to `udev_enumerate_new'\n"}
[0.428087] (nucleo_agent) StderrLine: {'line': b"/usr/bin/ld: nucleo_agent.cpp:(.text+0x87): undefined reference to `udev_enumerate_add_match_subsystem'\n"}
[0.428118] (nucleo_agent) StderrLine: {'line': b"/usr/bin/ld: nucleo_agent.cpp:(.text+0x93): undefined reference to `udev_enumerate_scan_devices'\n"}
[0.428146] (nucleo_agent) StderrLine: {'line': b"/usr/bin/ld: nucleo_agent.cpp:(.text+0x9f): undefined reference to `udev_enumerate_get_list_entry'\n"}
[0.428174] (nucleo_agent) StderrLine: {'line': b"/usr/bin/ld: nucleo_agent.cpp:(.text+0xc2): undefined reference to `udev_list_entry_get_name'\n"}
[0.428204] (nucleo_agent) StderrLine: {'line': b"/usr/bin/ld: nucleo_agent.cpp:(.text+0xd9): undefined reference to `udev_device_new_from_syspath'\n"}
[0.428231] (nucleo_agent) StderrLine: {'line': b"/usr/bin/ld: nucleo_agent.cpp:(.text+0xe9): undefined reference to `udev_device_get_devnode'\n"}
[0.428258] (nucleo_agent) StderrLine: {'line': b"/usr/bin/ld: nucleo_agent.cpp:(.text+0x1d4): undefined reference to `udev_device_unref'\n"}
[0.428284] (nucleo_agent) StderrLine: {'line': b"/usr/bin/ld: nucleo_agent.cpp:(.text+0x1e3): undefined reference to `udev_list_entry_get_next'\n"}
[0.428310] (nucleo_agent) StderrLine: {'line': b"/usr/bin/ld: nucleo_agent.cpp:(.text+0x204): undefined reference to `udev_enumerate_unref'\n"}
[0.428336] (nucleo_agent) StderrLine: {'line': b"/usr/bin/ld: nucleo_agent.cpp:(.text+0x210): undefined reference to `udev_unref'\n"}
[0.430788] (nucleo_agent) StderrLine: {'line': b'collect2: error: ld returned 1 exit status\n'}
[0.431700] (nucleo_agent) StderrLine: {'line': b'gmake[2]: *** [CMakeFiles/nucleo_agent.dir/build.make:169: nucleo_agent] Error 1\n'}
[0.431880] (nucleo_agent) StderrLine: {'line': b'gmake[1]: *** [CMakeFiles/Makefile2:137: CMakeFiles/nucleo_agent.dir/all] Error 2\n'}
[0.432003] (nucleo_agent) StderrLine: {'line': b'gmake: *** [Makefile:146: all] Error 2\n'}
[0.433085] (nucleo_agent) CommandEnded: {'returncode': 2}
[0.455809] (nucleo_agent) JobEnded: {'identifier': 'nucleo_agent', 'rc': 2}
[0.466338] (-) EventReactorShutdown: {}
