[0.009s] Invoking command in '/ROS_ws/build/nucleo_agent': CMAKE_PREFIX_PATH=${CMAKE_PREFIX_PATH}:/opt/ros/humble /usr/bin/cmake --build /ROS_ws/build/nucleo_agent -- -j12 -l12
[0.035s] [35m[1mConsolidate compiler generated dependencies of target nucleo_agent[0m
[0.047s] [ 50%] [32mBuilding CXX object CMakeFiles/nucleo_agent.dir/src/nucleo_agent.cpp.o[0m
[1.390s] [01m[K/ROS_ws/src/nucleo_agent/src/nucleo_agent.cpp:[m[K In function â€˜[01m[Kint main()[m[Kâ€™:
[1.390s] [01m[K/ROS_ws/src/nucleo_agent/src/nucleo_agent.cpp:101:16:[m[K [01;31m[Kerror: [m[Kâ€˜[01m[Kargc[m[Kâ€™ was not declared in this scope
[1.390s]   101 |   rclcpp::init([01;31m[Kargc[m[K, argv);
[1.390s]       |                [01;31m[K^~~~[m[K
[1.392s] [01m[K/ROS_ws/src/nucleo_agent/src/nucleo_agent.cpp:101:22:[m[K [01;31m[Kerror: [m[Kâ€˜[01m[Kargv[m[Kâ€™ was not declared in this scope
[1.392s]   101 |   rclcpp::init(argc, [01;31m[Kargv[m[K);
[1.392s]       |                      [01;31m[K^~~~[m[K
[1.863s] gmake[2]: *** [CMakeFiles/nucleo_agent.dir/build.make:76: CMakeFiles/nucleo_agent.dir/src/nucleo_agent.cpp.o] Error 1
[1.863s] gmake[1]: *** [CMakeFiles/Makefile2:137: CMakeFiles/nucleo_agent.dir/all] Error 2
[1.863s] gmake: *** [Makefile:146: all] Error 2
[1.864s] Invoked command in '/ROS_ws/build/nucleo_agent' returned '2': CMAKE_PREFIX_PATH=${CMAKE_PREFIX_PATH}:/opt/ros/humble /usr/bin/cmake --build /ROS_ws/build/nucleo_agent -- -j12 -l12
