[  1%] Built target mecha_control__cpp
[ 12%] Built target mecha_control__rosidl_generator_c
[ 12%] Built target ament_cmake_python_copy_mecha_control
[ 23%] Built target mecha_control__rosidl_typesupport_fastrtps_c
[ 35%] Built target mecha_control__rosidl_typesupport_c
[ 52%] Built target mecha_control__rosidl_typesupport_introspection_c
[ 57%] Built target mecha_control__rosidl_typesupport_introspection_cpp
[ 69%] Built target mecha_control__rosidl_typesupport_cpp
[ 80%] Built target mecha_control__rosidl_typesupport_fastrtps_cpp
[35m[1mConsolidate compiler generated dependencies of target cmd_seq[0m
[ 80%] Built target mecha_control
[ 81%] [32mBuilding CXX object CMakeFiles/cmd_seq.dir/src/cmd_seq.cpp.o[0m
[ 82%] Built target mecha_control__py
[ 92%] Built target mecha_control__rosidl_generator_py
[ 94%] Built target mecha_control__rosidl_typesupport_fastrtps_c__pyext
[ 96%] Built target mecha_control__rosidl_typesupport_c__pyext
[ 98%] Built target mecha_control__rosidl_typesupport_introspection_c__pyext
running egg_info
writing mecha_control.egg-info/PKG-INFO
writing dependency_links to mecha_control.egg-info/dependency_links.txt
writing top-level names to mecha_control.egg-info/top_level.txt
reading manifest file 'mecha_control.egg-info/SOURCES.txt'
writing manifest file 'mecha_control.egg-info/SOURCES.txt'
[ 98%] Built target ament_cmake_python_build_mecha_control_egg
[01m[K/ROS_ws/src/mecha_control/src/cmd_seq.cpp:[m[K In constructor â€˜[01m[KMechSeqNode::MechSeqNode()[m[Kâ€™:
[01m[K/ROS_ws/src/mecha_control/src/cmd_seq.cpp:43:37:[m[K [01;31m[Kerror: [m[Kâ€˜[01m[Kdaiza_handle_accepted[m[Kâ€™ is not a member of â€˜[01m[KMechSeqNode[m[Kâ€™
   43 |             std::bind(&MechSeqNode::[01;31m[Kdaiza_handle_accepted[m[K, this, _1));
      |                                     [01;31m[K^~~~~~~~~~~~~~~~~~~~~[m[K
gmake[2]: *** [CMakeFiles/cmd_seq.dir/build.make:76: CMakeFiles/cmd_seq.dir/src/cmd_seq.cpp.o] Error 1
gmake[1]: *** [CMakeFiles/Makefile2:595: CMakeFiles/cmd_seq.dir/all] Error 2
gmake: *** [Makefile:146: all] Error 2
