[0.008s] Invoking command in '/ROS_ws/build/nucleo_agent': CMAKE_PREFIX_PATH=${CMAKE_PREFIX_PATH}:/opt/ros/humble /usr/bin/cmake --build /ROS_ws/build/nucleo_agent -- -j12 -l12
[0.037s] [  3%] Built target nucleo_agent__cpp
[0.037s] [ 12%] Built target nucleo_agent__rosidl_generator_c
[0.043s] [ 12%] Built target ament_cmake_python_copy_nucleo_agent
[0.050s] [ 30%] Built target nucleo_agent__rosidl_typesupport_fastrtps_cpp
[0.050s] [ 30%] Built target nucleo_agent__rosidl_typesupport_cpp
[0.052s] [ 39%] Built target nucleo_agent__rosidl_typesupport_introspection_cpp
[0.057s] [ 63%] Built target nucleo_agent__rosidl_typesupport_fastrtps_c
[0.057s] [ 66%] Built target nucleo_agent__rosidl_typesupport_c
[0.057s] [ 66%] Built target nucleo_agent__rosidl_typesupport_introspection_c
[0.064s] [35m[1mConsolidate compiler generated dependencies of target nucleo_agent_node[0m
[0.069s] [ 66%] Built target nucleo_agent
[0.074s] [ 69%] [32mBuilding CXX object CMakeFiles/nucleo_agent_node.dir/src/nucleo_agent.cpp.o[0m
[0.080s] [ 72%] Built target nucleo_agent__py
[0.092s] [ 78%] Built target nucleo_agent__rosidl_generator_py
[0.106s] [ 90%] Built target nucleo_agent__rosidl_typesupport_c__pyext
[0.106s] [ 90%] Built target nucleo_agent__rosidl_typesupport_introspection_c__pyext
[0.108s] [ 96%] Built target nucleo_agent__rosidl_typesupport_fastrtps_c__pyext
[0.165s] running egg_info
[0.165s] writing nucleo_agent.egg-info/PKG-INFO
[0.166s] writing dependency_links to nucleo_agent.egg-info/dependency_links.txt
[0.166s] writing top-level names to nucleo_agent.egg-info/top_level.txt
[0.167s] reading manifest file 'nucleo_agent.egg-info/SOURCES.txt'
[0.167s] writing manifest file 'nucleo_agent.egg-info/SOURCES.txt'
[0.182s] [ 96%] Built target ament_cmake_python_build_nucleo_agent_egg
[1.572s] [01m[K/ROS_ws/src/nucleo_agent/src/nucleo_agent.cpp:[m[K In lambda function:
[1.572s] [01m[K/ROS_ws/src/nucleo_agent/src/nucleo_agent.cpp:92:32:[m[K [01;35m[Kwarning: [m[Kcomparison of integer expressions of different signedness: â€˜[01m[Ksize_t[m[Kâ€™ {aka â€˜[01m[Klong unsigned int[m[Kâ€™} and â€˜[01m[Kssize_t[m[Kâ€™ {aka â€˜[01m[Klong int[m[Kâ€™} [[01;35m[K-Wsign-compare[m[K]
[1.572s]    92 |           for (size_t i = 0; [01;35m[Ki < len[m[K; i++)
[1.572s]       |                              [01;35m[K~~^~~~~[m[K
[1.573s] [01m[K/ROS_ws/src/nucleo_agent/src/nucleo_agent.cpp:138:25:[m[K [01;31m[Kerror: [m[Kâ€˜[01m[Kstruct mecha_control::msg::SensorStates_<std::allocator<void> >[m[Kâ€™ has no member named â€˜[01m[Kheader[m[Kâ€™
[1.573s]   138 |                 message.[01;31m[Kheader[m[K.stamp = this->now();
[1.573s]       |                         [01;31m[K^~~~~~[m[K
[1.573s] [01m[K/ROS_ws/src/nucleo_agent/src/nucleo_agent.cpp:139:25:[m[K [01;31m[Kerror: [m[Kâ€˜[01m[Kstruct mecha_control::msg::SensorStates_<std::allocator<void> >[m[Kâ€™ has no member named â€˜[01m[Kheader[m[Kâ€™
[1.574s]   139 |                 message.[01;31m[Kheader[m[K.frame_id = "daiza_state";
[1.574s]       |                         [01;31m[K^~~~~~[m[K
[1.574s] [01m[K/ROS_ws/src/nucleo_agent/src/nucleo_agent.cpp:158:25:[m[K [01;31m[Kerror: [m[Kâ€˜[01m[Kstruct mecha_control::msg::SensorStates_<std::allocator<void> >[m[Kâ€™ has no member named â€˜[01m[Kheader[m[Kâ€™
[1.574s]   158 |                 message.[01;31m[Kheader[m[K.stamp = this->now();
[1.574s]       |                         [01;31m[K^~~~~~[m[K
[1.574s] [01m[K/ROS_ws/src/nucleo_agent/src/nucleo_agent.cpp:159:25:[m[K [01;31m[Kerror: [m[Kâ€˜[01m[Kstruct mecha_control::msg::SensorStates_<std::allocator<void> >[m[Kâ€™ has no member named â€˜[01m[Kheader[m[Kâ€™
[1.574s]   159 |                 message.[01;31m[Kheader[m[K.frame_id = "hina_state";
[1.574s]       |                         [01;31m[K^~~~~~[m[K
[1.574s] [01m[K/ROS_ws/src/nucleo_agent/src/nucleo_agent.cpp:83:11:[m[K [01;35m[Kwarning: [m[Kunused variable â€˜[01m[Kcount[m[Kâ€™ [[01;35m[K-Wunused-variable[m[K]
[1.574s]    83 |       int [01;35m[Kcount[m[K = 0;
[1.574s]       |           [01;35m[K^~~~~[m[K
[3.664s] gmake[2]: *** [CMakeFiles/nucleo_agent_node.dir/build.make:76: CMakeFiles/nucleo_agent_node.dir/src/nucleo_agent.cpp.o] Error 1
[3.664s] gmake[1]: *** [CMakeFiles/Makefile2:595: CMakeFiles/nucleo_agent_node.dir/all] Error 2
[3.664s] gmake: *** [Makefile:146: all] Error 2
