[0.039s] Invoking command in '/ROS_ws/build/mecha_control': CMAKE_PREFIX_PATH=${CMAKE_PREFIX_PATH}:/opt/ros/humble /usr/bin/cmake --build /ROS_ws/build/mecha_control -- -j12 -l12
[0.207s] [  1%] Built target mecha_control__cpp
[0.207s] [ 12%] Built target mecha_control__rosidl_generator_c
[0.207s] [ 12%] Built target ament_cmake_python_copy_mecha_control
[0.207s] [ 31%] Built target mecha_control__rosidl_typesupport_introspection_cpp
[0.207s] [ 34%] Built target mecha_control__rosidl_typesupport_c
[0.207s] [ 45%] Built target mecha_control__rosidl_typesupport_introspection_c
[0.207s] [ 56%] Built target mecha_control__rosidl_typesupport_fastrtps_cpp
[0.207s] [ 67%] Built target mecha_control__rosidl_typesupport_cpp
[0.207s] [ 78%] Built target mecha_control__rosidl_typesupport_fastrtps_c
[0.207s] [35m[1mConsolidate compiler generated dependencies of target cmd_seq[0m
[0.207s] [ 78%] Built target mecha_control
[0.208s] [ 79%] [32mBuilding CXX object CMakeFiles/cmd_seq.dir/src/cmd_seq.cpp.o[0m
[0.208s] [ 80%] Built target mecha_control__py
[0.208s] [ 90%] Built target mecha_control__rosidl_generator_py
[0.208s] [ 95%] Built target mecha_control__rosidl_typesupport_fastrtps_c__pyext
[0.208s] [ 95%] Built target mecha_control__rosidl_typesupport_c__pyext
[0.208s] [ 98%] Built target mecha_control__rosidl_typesupport_introspection_c__pyext
[0.234s] running egg_info
[0.235s] writing mecha_control.egg-info/PKG-INFO
[0.235s] writing dependency_links to mecha_control.egg-info/dependency_links.txt
[0.235s] writing top-level names to mecha_control.egg-info/top_level.txt
[0.237s] reading manifest file 'mecha_control.egg-info/SOURCES.txt'
[0.238s] writing manifest file 'mecha_control.egg-info/SOURCES.txt'
[0.271s] [ 98%] Built target ament_cmake_python_build_mecha_control_egg
[1.520s] [01m[K/ROS_ws/src/mecha_control/src/cmd_seq.cpp:[m[K In constructor â€˜[01m[Kmech_seq_node::mech_seq_node()[m[Kâ€™:
[1.520s] [01m[K/ROS_ws/src/mecha_control/src/cmd_seq.cpp:11:74:[m[K [01;31m[Kerror: [m[Kâ€˜[01m[K_1[m[Kâ€™ was not declared in this scope; did you mean â€˜[01m[Kstd::placeholders::_1[m[Kâ€™?
[1.520s]    11 |         "daiza_cmd", std::bind(&mech_seq_node::daiza_cmd_callback, this, [01;31m[K_1[m[K, _2));
[1.520s]       |                                                                          [01;31m[K^~[m[K
[1.520s]       |                                                                          [32m[Kstd::placeholders::_1[m[K
[1.520s] In file included from [01m[K/usr/include/c++/11/pstl/glue_algorithm_defs.h:13[m[K,
[1.521s]                  from [01m[K/usr/include/c++/11/algorithm:74[m[K,
[1.521s]                  from [01m[K/opt/ros/humble/include/rclcpp/rclcpp/executor.hpp:18[m[K,
[1.521s]                  from [01m[K/opt/ros/humble/include/rclcpp/rclcpp/executors/multi_threaded_executor.hpp:25[m[K,
[1.521s]                  from [01m[K/opt/ros/humble/include/rclcpp/rclcpp/executors.hpp:21[m[K,
[1.521s]                  from [01m[K/opt/ros/humble/include/rclcpp/rclcpp/rclcpp.hpp:155[m[K,
[1.521s]                  from [01m[K/ROS_ws/src/mecha_control/src/cmd_seq.cpp:1[m[K:
[1.521s] [01m[K/usr/include/c++/11/functional:225:34:[m[K [01;36m[Knote: [m[Kâ€˜[01m[Kstd::placeholders::_1[m[Kâ€™ declared here
[1.521s]   225 |     extern const _Placeholder<1> [01;36m[K_1[m[K;
[1.521s]       |                                  [01;36m[K^~[m[K
[1.521s] [01m[K/ROS_ws/src/mecha_control/src/cmd_seq.cpp:11:78:[m[K [01;31m[Kerror: [m[Kâ€˜[01m[K_2[m[Kâ€™ was not declared in this scope; did you mean â€˜[01m[Kstd::placeholders::_2[m[Kâ€™?
[1.521s]    11 |         "daiza_cmd", std::bind(&mech_seq_node::daiza_cmd_callback, this, _1, [01;31m[K_2[m[K));
[1.521s]       |                                                                              [01;31m[K^~[m[K
[1.521s]       |                                                                              [32m[Kstd::placeholders::_2[m[K
[1.521s] In file included from [01m[K/usr/include/c++/11/pstl/glue_algorithm_defs.h:13[m[K,
[1.521s]                  from [01m[K/usr/include/c++/11/algorithm:74[m[K,
[1.521s]                  from [01m[K/opt/ros/humble/include/rclcpp/rclcpp/executor.hpp:18[m[K,
[1.521s]                  from [01m[K/opt/ros/humble/include/rclcpp/rclcpp/executors/multi_threaded_executor.hpp:25[m[K,
[1.521s]                  from [01m[K/opt/ros/humble/include/rclcpp/rclcpp/executors.hpp:21[m[K,
[1.521s]                  from [01m[K/opt/ros/humble/include/rclcpp/rclcpp/rclcpp.hpp:155[m[K,
[1.521s]                  from [01m[K/ROS_ws/src/mecha_control/src/cmd_seq.cpp:1[m[K:
[1.521s] [01m[K/usr/include/c++/11/functional:226:34:[m[K [01;36m[Knote: [m[Kâ€˜[01m[Kstd::placeholders::_2[m[Kâ€™ declared here
[1.522s]   226 |     extern const _Placeholder<2> [01;36m[K_2[m[K;
[1.522s]       |                                  [01;36m[K^~[m[K
[1.773s] gmake[2]: *** [CMakeFiles/cmd_seq.dir/build.make:76: CMakeFiles/cmd_seq.dir/src/cmd_seq.cpp.o] Error 1
[1.773s] gmake[1]: *** [CMakeFiles/Makefile2:595: CMakeFiles/cmd_seq.dir/all] Error 2
[1.773s] gmake: *** [Makefile:146: all] Error 2
[1.775s] Invoked command in '/ROS_ws/build/mecha_control' returned '2': CMAKE_PREFIX_PATH=${CMAKE_PREFIX_PATH}:/opt/ros/humble /usr/bin/cmake --build /ROS_ws/build/mecha_control -- -j12 -l12
