[01m[K/ROS_ws/src/mecha_control/src/cmd_seq.cpp:[m[K In member function â€˜[01m[Kvoid mech_seq_node::set_bonbori_callback(std::shared_ptr<std_srvs::srv::SetBool_Request_<std::allocator<void> > >, std::shared_ptr<std_srvs::srv::SetBool_Response_<std::allocator<void> > >) const[m[Kâ€™:
[01m[K/ROS_ws/src/mecha_control/src/cmd_seq.cpp:40:20:[m[K [01;31m[Kerror: [m[Kexpected primary-expression before â€˜[01m[K([m[Kâ€™ token
   40 |         std::thread[01;31m[K([m[K[this, request->data]{
      |                    [01;31m[K^[m[K
[01m[K/ROS_ws/src/mecha_control/src/cmd_seq.cpp:40:35:[m[K [01;31m[Kerror: [m[Kexpected â€˜[01m[K,[m[Kâ€™ before â€˜[01m[K->[m[Kâ€™ token
   40 |         std::thread([this, request[01;31m[K->[m[Kdata]{
      |                                   [01;31m[K^~[m[K
[01m[K/ROS_ws/src/mecha_control/src/cmd_seq.cpp:40:35:[m[K [01;31m[Kerror: [m[Kexpected identifier before â€˜[01m[K->[m[Kâ€™ token
gmake[2]: *** [CMakeFiles/cmd_seq.dir/build.make:76: CMakeFiles/cmd_seq.dir/src/cmd_seq.cpp.o] Error 1
gmake[1]: *** [CMakeFiles/Makefile2:595: CMakeFiles/cmd_seq.dir/all] Error 2
gmake: *** [Makefile:146: all] Error 2
