[  5%] Built target mecha_control__cpp
[ 12%] Built target mecha_control__rosidl_generator_c
[ 12%] Built target ament_cmake_python_copy_mecha_control
[ 23%] Built target mecha_control__rosidl_typesupport_c
[ 45%] Built target mecha_control__rosidl_typesupport_introspection_c
[ 45%] Built target mecha_control__rosidl_typesupport_introspection_cpp
[ 56%] Built target mecha_control__rosidl_typesupport_fastrtps_cpp
[ 76%] Built target mecha_control__rosidl_typesupport_cpp
[ 78%] Built target mecha_control__rosidl_typesupport_fastrtps_c
[35m[1mConsolidate compiler generated dependencies of target cmd_seq[0m
[ 78%] Built target mecha_control
[ 79%] [32mBuilding CXX object CMakeFiles/cmd_seq.dir/src/cmd_seq.cpp.o[0m
[ 80%] Built target mecha_control__py
[ 90%] Built target mecha_control__rosidl_generator_py
[ 97%] Built target mecha_control__rosidl_typesupport_c__pyext
[ 97%] Built target mecha_control__rosidl_typesupport_fastrtps_c__pyext
[ 98%] Built target mecha_control__rosidl_typesupport_introspection_c__pyext
running egg_info
writing mecha_control.egg-info/PKG-INFO
writing dependency_links to mecha_control.egg-info/dependency_links.txt
writing top-level names to mecha_control.egg-info/top_level.txt
reading manifest file 'mecha_control.egg-info/SOURCES.txt'
writing manifest file 'mecha_control.egg-info/SOURCES.txt'
[ 98%] Built target ament_cmake_python_build_mecha_control_egg
[01m[K/ROS_ws/src/mecha_control/src/cmd_seq.cpp:[m[K In member function â€˜[01m[Kvoid mech_seq_node::set_bonbori_callback(std::shared_ptr<std_srvs::srv::SetBool_Request_<std::allocator<void> > >, std::shared_ptr<std_srvs::srv::SetBool_Response_<std::allocator<void> > >) const[m[Kâ€™:
[01m[K/ROS_ws/src/mecha_control/src/cmd_seq.cpp:40:20:[m[K [01;31m[Kerror: [m[Kexpected primary-expression before â€˜[01m[K([m[Kâ€™ token
   40 |         std::thread[01;31m[K([m[K[this, request->data]{
      |                    [01;31m[K^[m[K
[01m[K/ROS_ws/src/mecha_control/src/cmd_seq.cpp:40:35:[m[K [01;31m[Kerror: [m[Kexpected â€˜[01m[K,[m[Kâ€™ before â€˜[01m[K->[m[Kâ€™ token
   40 |         std::thread([this, request[01;31m[K->[m[Kdata]{
      |                                   [01;31m[K^~[m[K
[01m[K/ROS_ws/src/mecha_control/src/cmd_seq.cpp:40:35:[m[K [01;31m[Kerror: [m[Kexpected identifier before â€˜[01m[K->[m[Kâ€™ token
gmake[2]: *** [CMakeFiles/cmd_seq.dir/build.make:76: CMakeFiles/cmd_seq.dir/src/cmd_seq.cpp.o] Error 1
gmake[1]: *** [CMakeFiles/Makefile2:595: CMakeFiles/cmd_seq.dir/all] Error 2
gmake: *** [Makefile:146: all] Error 2
