[01m[K/ROS_ws/src/mecha_control/src/cmd_seq.cpp:[m[K In constructor â€˜[01m[KMechSeqNode::MechSeqNode()[m[Kâ€™:
[01m[K/ROS_ws/src/mecha_control/src/cmd_seq.cpp:22:56:[m[K [01;31m[Kerror: [m[Kâ€˜[01m[Kdaiza_sensor_callback[m[Kâ€™ is not a member of â€˜[01m[KMechSeqNode[m[Kâ€™
   22 |             "daiza_state", 10, std::bind(&MechSeqNode::[01;31m[Kdaiza_sensor_callback[m[K, this, std::placeholders::_1));
      |                                                        [01;31m[K^~~~~~~~~~~~~~~~~~~~~[m[K
[01m[K/ROS_ws/src/mecha_control/src/cmd_seq.cpp:24:55:[m[K [01;31m[Kerror: [m[Kâ€˜[01m[Khina_sensor_callback[m[Kâ€™ is not a member of â€˜[01m[KMechSeqNode[m[Kâ€™
   24 |             "hina_state", 10, std::bind(&MechSeqNode::[01;31m[Khina_sensor_callback[m[K, this, std::placeholders::_1));
      |                                                       [01;31m[K^~~~~~~~~~~~~~~~~~~~[m[K
[01m[K/ROS_ws/src/mecha_control/src/cmd_seq.cpp:[m[K In lambda function:
[01m[K/ROS_ws/src/mecha_control/src/cmd_seq.cpp:55:40:[m[K [01;31m[Kerror: [m[Kno matching function for call to â€˜[01m[Ksleep_for(int)[m[Kâ€™
   55 |             [01;31m[Kstd::this_thread::sleep_for(5)[m[K;
      |             [01;31m[K~~~~~~~~~~~~~~~~~~~~~~~~~~~^~~[m[K
In file included from [01m[K/usr/include/c++/11/thread:44[m[K,
                 from [01m[K/opt/ros/humble/include/rclcpp/rclcpp/executors/multi_threaded_executor.hpp:22[m[K,
                 from [01m[K/opt/ros/humble/include/rclcpp/rclcpp/executors.hpp:21[m[K,
                 from [01m[K/opt/ros/humble/include/rclcpp/rclcpp/rclcpp.hpp:155[m[K,
                 from [01m[K/ROS_ws/src/mecha_control/src/cmd_seq.cpp:1[m[K:
[01m[K/usr/include/c++/11/bits/this_thread_sleep.h:70:7:[m[K [01;36m[Knote: [m[Kcandidate: â€˜[01m[Ktemplate<class _Rep, class _Period> void std::this_thread::sleep_for(const std::chrono::duration<_Rep1, _Period1>&)[m[Kâ€™
   70 |       [01;36m[Ksleep_for[m[K(const chrono::duration<_Rep, _Period>& __rtime)
      |       [01;36m[K^~~~~~~~~[m[K
[01m[K/usr/include/c++/11/bits/this_thread_sleep.h:70:7:[m[K [01;36m[Knote: [m[K  template argument deduction/substitution failed:
[01m[K/ROS_ws/src/mecha_control/src/cmd_seq.cpp:55:40:[m[K [01;36m[Knote: [m[K  mismatched types â€˜[01m[Kconst std::chrono::duration<_Rep1, _Period1>[m[Kâ€™ and â€˜[01m[Kint[m[Kâ€™
   55 |             [01;36m[Kstd::this_thread::sleep_for(5)[m[K;
      |             [01;36m[K~~~~~~~~~~~~~~~~~~~~~~~~~~~^~~[m[K
[01m[K/ROS_ws/src/mecha_control/src/cmd_seq.cpp:[m[K In member function â€˜[01m[Kvoid MechSeqNode::set_bonbori_callback(std::shared_ptr<std_srvs::srv::SetBool_Request_<std::allocator<void> > >, std::shared_ptr<std_srvs::srv::SetBool_Response_<std::allocator<void> > >) const[m[Kâ€™:
[01m[K/ROS_ws/src/mecha_control/src/cmd_seq.cpp:57:10:[m[K [01;31m[Kerror: [m[Kpassing â€˜[01m[Kconst std::thread[m[Kâ€™ as â€˜[01m[Kthis[m[Kâ€™ argument discards qualifiers [[01;31m[K-fpermissive[m[K]
   57 |         }[01;31m[K)[m[K;
      |          [01;31m[K^[m[K
In file included from [01m[K/usr/include/c++/11/future:48[m[K,
                 from [01m[K/opt/ros/humble/include/rclcpp/rclcpp/executors.hpp:18[m[K,
                 from [01m[K/opt/ros/humble/include/rclcpp/rclcpp/rclcpp.hpp:155[m[K,
                 from [01m[K/ROS_ws/src/mecha_control/src/cmd_seq.cpp:1[m[K:
[01m[K/usr/include/c++/11/bits/std_thread.h:162:13:[m[K [01;36m[Knote: [m[K  in call to â€˜[01m[Kstd::thread& std::thread::operator=(std::thread&&)[m[Kâ€™
  162 |     thread& [01;36m[Koperator[m[K=(thread&& __t) noexcept
      |             [01;36m[K^~~~~~~~[m[K
/usr/include/c++/11/bits/std_thread.h: In instantiation of â€˜[01m[Kstd::thread::thread(_Callable&&, _Args&& ...) [with _Callable = void (MechSeqNode::*)(); _Args = {}; <template-parameter-1-3> = void][m[Kâ€™:
[01m[K/ROS_ws/src/mecha_control/src/cmd_seq.cpp:18:68:[m[K   required from here
[01m[K/usr/include/c++/11/bits/std_thread.h:130:72:[m[K [01;31m[Kerror: [m[Kstatic assertion failed: std::thread arguments must be invocable after conversion to rvalues
  130 |                                 typename decay<_Args>::type...>::[01;31m[Kvalue[m[K,
      |                                                                  [01;31m[K^~~~~[m[K

[01m[K/usr/include/c++/11/bits/std_thread.h:130:72:[m[K [01;36m[Knote: [m[Kâ€˜[01m[Kstd::integral_constant<bool, false>::value[m[Kâ€™ evaluates to false
/usr/include/c++/11/bits/std_thread.h: In instantiation of â€˜[01m[Kstruct std::thread::_Invoker<std::tuple<void (MechSeqNode::*)()> >[m[Kâ€™:
[01m[K/usr/include/c++/11/bits/std_thread.h:203:13:[m[K   required from â€˜[01m[Kstruct std::thread::_State_impl<std::thread::_Invoker<std::tuple<void (MechSeqNode::*)()> > >[m[Kâ€™
[01m[K/usr/include/c++/11/bits/std_thread.h:143:29:[m[K   required from â€˜[01m[Kstd::thread::thread(_Callable&&, _Args&& ...) [with _Callable = void (MechSeqNode::*)(); _Args = {}; <template-parameter-1-3> = void][m[Kâ€™
[01m[K/ROS_ws/src/mecha_control/src/cmd_seq.cpp:18:68:[m[K   required from here
[01m[K/usr/include/c++/11/bits/std_thread.h:252:11:[m[K [01;31m[Kerror: [m[Kno type named â€˜[01m[Ktype[m[Kâ€™ in â€˜[01m[Kstruct std::thread::_Invoker<std::tuple<void (MechSeqNode::*)()> >::__result<std::tuple<void (MechSeqNode::*)()> >[m[Kâ€™
  252 |           [01;31m[K_M_invoke[m[K(_Index_tuple<_Ind...>)
      |           [01;31m[K^~~~~~~~~[m[K
[01m[K/usr/include/c++/11/bits/std_thread.h:256:9:[m[K [01;31m[Kerror: [m[Kno type named â€˜[01m[Ktype[m[Kâ€™ in â€˜[01m[Kstruct std::thread::_Invoker<std::tuple<void (MechSeqNode::*)()> >::__result<std::tuple<void (MechSeqNode::*)()> >[m[Kâ€™
  256 |         [01;31m[Koperator[m[K()()
      |         [01;31m[K^~~~~~~~[m[K
gmake[2]: *** [CMakeFiles/cmd_seq.dir/build.make:76: CMakeFiles/cmd_seq.dir/src/cmd_seq.cpp.o] Error 1
gmake[1]: *** [CMakeFiles/Makefile2:595: CMakeFiles/cmd_seq.dir/all] Error 2
gmake: *** [Makefile:146: all] Error 2
