[0.038s] Invoking command in '/ROS_ws/build/mecha_control': CMAKE_PREFIX_PATH=${CMAKE_PREFIX_PATH}:/opt/ros/humble /usr/bin/cmake --build /ROS_ws/build/mecha_control -- -j12 -l12
[0.191s] [  1%] Built target mecha_control__cpp
[0.192s] [ 12%] Built target mecha_control__rosidl_generator_c
[0.193s] [ 12%] Built target ament_cmake_python_copy_mecha_control
[0.193s] [ 23%] Built target mecha_control__rosidl_typesupport_cpp
[0.193s] [ 34%] Built target mecha_control__rosidl_typesupport_introspection_c
[0.193s] [ 45%] Built target mecha_control__rosidl_typesupport_c
[0.193s] [ 57%] Built target mecha_control__rosidl_typesupport_fastrtps_cpp
[0.193s] [ 67%] Built target mecha_control__rosidl_typesupport_introspection_cpp
[0.193s] [ 78%] Built target mecha_control__rosidl_typesupport_fastrtps_c
[0.193s] [35m[1mConsolidate compiler generated dependencies of target cmd_seq[0m
[0.194s] [ 78%] Built target mecha_control
[0.194s] [ 79%] [32mBuilding CXX object CMakeFiles/cmd_seq.dir/src/cmd_seq.cpp.o[0m
[0.194s] [ 80%] Built target mecha_control__py
[0.194s] [ 90%] Built target mecha_control__rosidl_generator_py
[0.194s] [ 94%] Built target mecha_control__rosidl_typesupport_introspection_c__pyext
[0.194s] [ 95%] Built target mecha_control__rosidl_typesupport_c__pyext
[0.194s] [ 98%] Built target mecha_control__rosidl_typesupport_fastrtps_c__pyext
[0.206s] running egg_info
[0.207s] writing mecha_control.egg-info/PKG-INFO
[0.207s] writing dependency_links to mecha_control.egg-info/dependency_links.txt
[0.208s] writing top-level names to mecha_control.egg-info/top_level.txt
[0.209s] reading manifest file 'mecha_control.egg-info/SOURCES.txt'
[0.210s] writing manifest file 'mecha_control.egg-info/SOURCES.txt'
[0.235s] [ 98%] Built target ament_cmake_python_build_mecha_control_egg
[1.560s] [01m[K/ROS_ws/src/mecha_control/src/cmd_seq.cpp:[m[K In constructor â€˜[01m[KMechSeqNode::MechSeqNode()[m[Kâ€™:
[1.560s] [01m[K/ROS_ws/src/mecha_control/src/cmd_seq.cpp:22:56:[m[K [01;31m[Kerror: [m[Kâ€˜[01m[Kdaiza_sensor_callback[m[Kâ€™ is not a member of â€˜[01m[KMechSeqNode[m[Kâ€™
[1.560s]    22 |             "daiza_state", 10, std::bind(&MechSeqNode::[01;31m[Kdaiza_sensor_callback[m[K, this, std::placeholders::_1));
[1.560s]       |                                                        [01;31m[K^~~~~~~~~~~~~~~~~~~~~[m[K
[1.560s] [01m[K/ROS_ws/src/mecha_control/src/cmd_seq.cpp:24:55:[m[K [01;31m[Kerror: [m[Kâ€˜[01m[Khina_sensor_callback[m[Kâ€™ is not a member of â€˜[01m[KMechSeqNode[m[Kâ€™
[1.560s]    24 |             "hina_state", 10, std::bind(&MechSeqNode::[01;31m[Khina_sensor_callback[m[K, this, std::placeholders::_1));
[1.560s]       |                                                       [01;31m[K^~~~~~~~~~~~~~~~~~~~[m[K
[1.572s] [01m[K/ROS_ws/src/mecha_control/src/cmd_seq.cpp:[m[K In lambda function:
[1.572s] [01m[K/ROS_ws/src/mecha_control/src/cmd_seq.cpp:55:40:[m[K [01;31m[Kerror: [m[Kno matching function for call to â€˜[01m[Ksleep_for(int)[m[Kâ€™
[1.572s]    55 |             [01;31m[Kstd::this_thread::sleep_for(5)[m[K;
[1.572s]       |             [01;31m[K~~~~~~~~~~~~~~~~~~~~~~~~~~~^~~[m[K
[1.572s] In file included from [01m[K/usr/include/c++/11/thread:44[m[K,
[1.572s]                  from [01m[K/opt/ros/humble/include/rclcpp/rclcpp/executors/multi_threaded_executor.hpp:22[m[K,
[1.572s]                  from [01m[K/opt/ros/humble/include/rclcpp/rclcpp/executors.hpp:21[m[K,
[1.572s]                  from [01m[K/opt/ros/humble/include/rclcpp/rclcpp/rclcpp.hpp:155[m[K,
[1.572s]                  from [01m[K/ROS_ws/src/mecha_control/src/cmd_seq.cpp:1[m[K:
[1.572s] [01m[K/usr/include/c++/11/bits/this_thread_sleep.h:70:7:[m[K [01;36m[Knote: [m[Kcandidate: â€˜[01m[Ktemplate<class _Rep, class _Period> void std::this_thread::sleep_for(const std::chrono::duration<_Rep1, _Period1>&)[m[Kâ€™
[1.572s]    70 |       [01;36m[Ksleep_for[m[K(const chrono::duration<_Rep, _Period>& __rtime)
[1.572s]       |       [01;36m[K^~~~~~~~~[m[K
[1.572s] [01m[K/usr/include/c++/11/bits/this_thread_sleep.h:70:7:[m[K [01;36m[Knote: [m[K  template argument deduction/substitution failed:
[1.572s] [01m[K/ROS_ws/src/mecha_control/src/cmd_seq.cpp:55:40:[m[K [01;36m[Knote: [m[K  mismatched types â€˜[01m[Kconst std::chrono::duration<_Rep1, _Period1>[m[Kâ€™ and â€˜[01m[Kint[m[Kâ€™
[1.572s]    55 |             [01;36m[Kstd::this_thread::sleep_for(5)[m[K;
[1.572s]       |             [01;36m[K~~~~~~~~~~~~~~~~~~~~~~~~~~~^~~[m[K
[1.572s] [01m[K/ROS_ws/src/mecha_control/src/cmd_seq.cpp:[m[K In member function â€˜[01m[Kvoid MechSeqNode::set_bonbori_callback(std::shared_ptr<std_srvs::srv::SetBool_Request_<std::allocator<void> > >, std::shared_ptr<std_srvs::srv::SetBool_Response_<std::allocator<void> > >) const[m[Kâ€™:
[1.572s] [01m[K/ROS_ws/src/mecha_control/src/cmd_seq.cpp:57:10:[m[K [01;31m[Kerror: [m[Kpassing â€˜[01m[Kconst std::thread[m[Kâ€™ as â€˜[01m[Kthis[m[Kâ€™ argument discards qualifiers [[01;31m[K-fpermissive[m[K]
[1.572s]    57 |         }[01;31m[K)[m[K;
[1.572s]       |          [01;31m[K^[m[K
[1.572s] In file included from [01m[K/usr/include/c++/11/future:48[m[K,
[1.572s]                  from [01m[K/opt/ros/humble/include/rclcpp/rclcpp/executors.hpp:18[m[K,
[1.572s]                  from [01m[K/opt/ros/humble/include/rclcpp/rclcpp/rclcpp.hpp:155[m[K,
[1.572s]                  from [01m[K/ROS_ws/src/mecha_control/src/cmd_seq.cpp:1[m[K:
[1.572s] [01m[K/usr/include/c++/11/bits/std_thread.h:162:13:[m[K [01;36m[Knote: [m[K  in call to â€˜[01m[Kstd::thread& std::thread::operator=(std::thread&&)[m[Kâ€™
[1.573s]   162 |     thread& [01;36m[Koperator[m[K=(thread&& __t) noexcept
[1.573s]       |             [01;36m[K^~~~~~~~[m[K
[1.624s] /usr/include/c++/11/bits/std_thread.h: In instantiation of â€˜[01m[Kstd::thread::thread(_Callable&&, _Args&& ...) [with _Callable = void (MechSeqNode::*)(); _Args = {}; <template-parameter-1-3> = void][m[Kâ€™:
[1.624s] [01m[K/ROS_ws/src/mecha_control/src/cmd_seq.cpp:18:68:[m[K   required from here
[1.624s] [01m[K/usr/include/c++/11/bits/std_thread.h:130:72:[m[K [01;31m[Kerror: [m[Kstatic assertion failed: std::thread arguments must be invocable after conversion to rvalues
[1.624s]   130 |                                 typename decay<_Args>::type...>::[01;31m[Kvalue[m[K,
[1.624s]       |                                                                  [01;31m[K^~~~~[m[K
[1.625s] 
[1.625s] [01m[K/usr/include/c++/11/bits/std_thread.h:130:72:[m[K [01;36m[Knote: [m[Kâ€˜[01m[Kstd::integral_constant<bool, false>::value[m[Kâ€™ evaluates to false
[1.626s] /usr/include/c++/11/bits/std_thread.h: In instantiation of â€˜[01m[Kstruct std::thread::_Invoker<std::tuple<void (MechSeqNode::*)()> >[m[Kâ€™:
[1.626s] [01m[K/usr/include/c++/11/bits/std_thread.h:203:13:[m[K   required from â€˜[01m[Kstruct std::thread::_State_impl<std::thread::_Invoker<std::tuple<void (MechSeqNode::*)()> > >[m[Kâ€™
[1.626s] [01m[K/usr/include/c++/11/bits/std_thread.h:143:29:[m[K   required from â€˜[01m[Kstd::thread::thread(_Callable&&, _Args&& ...) [with _Callable = void (MechSeqNode::*)(); _Args = {}; <template-parameter-1-3> = void][m[Kâ€™
[1.626s] [01m[K/ROS_ws/src/mecha_control/src/cmd_seq.cpp:18:68:[m[K   required from here
[1.626s] [01m[K/usr/include/c++/11/bits/std_thread.h:252:11:[m[K [01;31m[Kerror: [m[Kno type named â€˜[01m[Ktype[m[Kâ€™ in â€˜[01m[Kstruct std::thread::_Invoker<std::tuple<void (MechSeqNode::*)()> >::__result<std::tuple<void (MechSeqNode::*)()> >[m[Kâ€™
[1.626s]   252 |           [01;31m[K_M_invoke[m[K(_Index_tuple<_Ind...>)
[1.626s]       |           [01;31m[K^~~~~~~~~[m[K
[1.626s] [01m[K/usr/include/c++/11/bits/std_thread.h:256:9:[m[K [01;31m[Kerror: [m[Kno type named â€˜[01m[Ktype[m[Kâ€™ in â€˜[01m[Kstruct std::thread::_Invoker<std::tuple<void (MechSeqNode::*)()> >::__result<std::tuple<void (MechSeqNode::*)()> >[m[Kâ€™
[1.626s]   256 |         [01;31m[Koperator[m[K()()
[1.626s]       |         [01;31m[K^~~~~~~~[m[K
[2.196s] gmake[2]: *** [CMakeFiles/cmd_seq.dir/build.make:76: CMakeFiles/cmd_seq.dir/src/cmd_seq.cpp.o] Error 1
[2.196s] gmake[1]: *** [CMakeFiles/Makefile2:595: CMakeFiles/cmd_seq.dir/all] Error 2
[2.196s] gmake: *** [Makefile:146: all] Error 2
[2.197s] Invoked command in '/ROS_ws/build/mecha_control' returned '2': CMAKE_PREFIX_PATH=${CMAKE_PREFIX_PATH}:/opt/ros/humble /usr/bin/cmake --build /ROS_ws/build/mecha_control -- -j12 -l12
